   4.3996e+00   1.4384e+01   0.0000e+00   1.3964e-03   7.8571e+06   1.3395e-03   3.4650e-05   7.5369e+06   1.9496e+05
   4.4040e+00   1.4388e+01   0.0000e+00   1.7049e-03   9.5031e+06   2.3242e-03   5.6620e-05   1.2955e+07   3.1561e+05
   4.4063e+00   1.4390e+01   0.0000e+00   1.8063e-03   1.0017e+07   2.8572e-03   6.7240e-05   1.5845e+07   3.7289e+05
   4.4090e+00   1.4393e+01   0.0000e+00   1.8503e-03   1.0203e+07   3.0392e-03   7.0950e-05   1.6759e+07   3.9123e+05
   4.4118e+00   1.4396e+01   0.0000e+00   1.8274e-03   1.0016e+07   3.1075e-03   7.3100e-05   1.7033e+07   4.0069e+05
   4.4135e+00   1.4398e+01   0.0000e+00   1.7837e-03   9.7408e+06   3.1658e-03   7.5880e-05   1.7289e+07   4.1438e+05
   4.4143e+00   1.4398e+01   0.0000e+00   1.7568e-03   9.5767e+06   3.1883e-03   7.3150e-05   1.7380e+07   3.9876e+05
   4.4195e+00   1.4404e+01   0.0000e+00   1.5488e-03   8.3497e+06   3.0845e-03   7.0380e-05   1.6628e+07   3.7942e+05
   4.4215e+00   1.4406e+01   0.0000e+00   1.4631e-03   7.8539e+06   2.8308e-03   6.3890e-05   1.5196e+07   3.4296e+05
   4.4307e+00   1.4415e+01   0.0000e+00   1.1865e-03   6.2457e+06   1.7790e-03   4.2590e-05   9.3648e+06   2.2420e+05
   4.4476e+00   1.4432e+01   0.0000e+00   1.1241e-03   5.7078e+06   1.1603e-03   2.7070e-05   5.8916e+06   1.3745e+05
   4.4649e+00   1.4449e+01   0.0000e+00   1.3001e-03   6.3646e+06   1.0581e-03   2.5410e-05   5.1795e+06   1.2439e+05
   4.4821e+00   1.4466e+01   0.0000e+00   1.6258e-03   7.6773e+06   1.2246e-03   3.1410e-05   5.7828e+06   1.4832e+05
   4.4902e+00   1.4474e+01   0.0000e+00   1.8265e-03   8.4798e+06   1.7207e-03   4.0280e-05   7.9886e+06   1.8701e+05
   4.4932e+00   1.4477e+01   0.0000e+00   1.9089e-03   8.8062e+06   1.9223e-03   4.8600e-05   8.8679e+06   2.2420e+05
   4.4993e+00   1.4483e+01   0.0000e+00   2.0823e-03   9.4856e+06   2.9222e-03   7.4250e-05   1.3312e+07   3.3823e+05
   4.5077e+00   1.4492e+01   0.0000e+00   2.3376e-03   1.0464e+07   3.8952e-03   9.5190e-05   1.7436e+07   4.2611e+05
   4.5121e+00   1.4496e+01   0.0000e+00   2.4716e-03   1.0964e+07   4.0590e-03   1.0447e-04   1.8006e+07   4.6343e+05
   4.5163e+00   1.4500e+01   0.0000e+00   2.5975e-03   1.1422e+07   3.9095e-03   1.0172e-04   1.7191e+07   4.4729e+05
   4.5206e+00   1.4505e+01   0.0000e+00   2.7150e-03   1.1834e+07   3.5329e-03   9.4800e-05   1.5398e+07   4.1320e+05
   4.5206e+00   1.4505e+01   0.0000e+00   2.7163e-03   1.1838e+07   3.4986e-03   8.5430e-05   1.5247e+07   3.7232e+05
   4.5247e+00   1.4509e+01   0.0000e+00   2.8140e-03   1.2160e+07   3.1367e-03   9.0940e-05   1.3555e+07   3.9299e+05
   4.5291e+00   1.4513e+01   0.0000e+00   2.8939e-03   1.2392e+07   2.6734e-03   8.5120e-05   1.1448e+07   3.6451e+05
   4.5336e+00   1.4518e+01   0.0000e+00   2.9386e-03   1.2469e+07   2.4499e-03   7.0610e-05   1.0395e+07   2.9961e+05
   4.5360e+00   1.4520e+01   0.0000e+00   2.9446e-03   1.2433e+07   2.4108e-03   7.0820e-05   1.0179e+07   2.9903e+05
   4.5400e+00   1.4524e+01   0.0000e+00   2.9257e-03   1.2251e+07   2.3903e-03   6.3290e-05   1.0009e+07   2.6502e+05
   4.5418e+00   1.4526e+01   0.0000e+00   2.9084e-03   1.2135e+07   2.3662e-03   6.5460e-05   9.8726e+06   2.7312e+05
   4.5441e+00   1.4528e+01   0.0000e+00   2.8842e-03   1.1977e+07   2.2215e-03   6.3100e-05   9.2256e+06   2.6204e+05
   4.5491e+00   1.4533e+01   0.0000e+00   2.9207e-03   1.2005e+07   2.4991e-03   6.2320e-05   1.0272e+07   2.5616e+05
   4.5531e+00   1.4537e+01   0.0000e+00   3.4052e-03   1.3883e+07   2.8864e-03   7.2010e-05   1.1768e+07   2.9359e+05
   4.5570e+00   1.4541e+01   0.0000e+00   3.7429e-03   1.5136e+07   3.2798e-03   8.0410e-05   1.3263e+07   3.2518e+05
   4.5616e+00   1.4546e+01   0.0000e+00   3.4878e-03   1.3975e+07   3.7224e-03   8.8870e-05   1.4915e+07   3.5608e+05
   4.5658e+00   1.4550e+01   0.0000e+00   3.6014e-03   1.4308e+07   4.3219e-03   1.0186e-04   1.7170e+07   4.0468e+05
   4.5702e+00   1.4554e+01   0.0000e+00   4.2772e-03   1.6840e+07   4.8891e-03   1.1514e-04   1.9249e+07   4.5331e+05
   4.5702e+00   1.4554e+01   0.0000e+00   4.2820e-03   1.6857e+07   4.6620e-03   1.0721e-04   1.8353e+07   4.2207e+05
   4.5741e+00   1.4558e+01   0.0000e+00   5.0536e-03   1.9738e+07   4.7113e-03   1.0706e-04   1.8401e+07   4.1815e+05


