   2.8720e+00   1.4457e+01   9.3626e+01   1.7816e-03   9.0663e+00   7.0140e-04   2.9058e-04   3.5693e+00   1.4787e+00
   2.8755e+00   1.4460e+01   9.3627e+01   1.9132e-03   9.7025e+00   1.1022e-03   3.5772e-04   5.5898e+00   1.8141e+00
   2.8767e+00   1.4462e+01   9.3627e+01   1.9580e-03   9.9192e+00   9.0181e-04   3.2064e-04   4.5684e+00   1.6243e+00
   2.8779e+00   1.4463e+01   9.3628e+01   2.0041e-03   1.0141e+01   1.2024e-03   3.7074e-04   6.0846e+00   1.8761e+00
   2.8790e+00   1.4464e+01   9.3628e+01   2.0513e-03   1.0369e+01   8.0161e-04   3.0060e-04   4.0519e+00   1.5195e+00
   2.8798e+00   1.4465e+01   9.3628e+01   2.0834e-03   1.0523e+01   7.0141e-04   2.8257e-04   3.5428e+00   1.4273e+00
   2.8806e+00   1.4465e+01   9.3628e+01   2.1161e-03   1.0680e+01   9.0181e-04   3.0962e-04   4.5517e+00   1.5628e+00
   2.8813e+00   1.4466e+01   9.3628e+01   2.1493e-03   1.0840e+01   1.2024e-03   3.6774e-04   6.0645e+00   1.8547e+00
   2.8821e+00   1.4467e+01   9.3629e+01   2.1831e-03   1.1003e+01   1.5030e-03   4.0682e-04   7.5751e+00   2.0503e+00
   2.8829e+00   1.4468e+01   9.3629e+01   2.2175e-03   1.1168e+01   1.1022e-03   3.4970e-04   5.5510e+00   1.7612e+00
   2.8836e+00   1.4469e+01   9.3629e+01   2.2524e-03   1.1335e+01   1.4028e-03   3.9579e-04   7.0598e+00   1.9919e+00
   2.8844e+00   1.4469e+01   9.3629e+01   2.2880e-03   1.1506e+01   1.2024e-03   3.6674e-04   6.0468e+00   1.8443e+00
   2.8848e+00   1.4470e+01   9.3629e+01   2.3060e-03   1.1592e+01   1.5030e-03   4.2986e-04   7.5558e+00   2.1610e+00
   2.8850e+00   1.4470e+01   9.3629e+01   2.3150e-03   1.1636e+01   1.1022e-03   3.5772e-04   5.5399e+00   1.7980e+00
   2.8852e+00   1.4470e+01   9.3629e+01   2.3241e-03   1.1679e+01   1.1022e-03   3.5271e-04   5.5389e+00   1.7724e+00
   2.8854e+00   1.4470e+01   9.3629e+01   2.3333e-03   1.1723e+01   1.3026e-03   3.7175e-04   6.5448e+00   1.8678e+00
   2.8856e+00   1.4470e+01   9.3629e+01   2.3424e-03   1.1767e+01   1.5030e-03   3.9880e-04   7.5503e+00   2.0033e+00
   2.8858e+00   1.4471e+01   9.3629e+01   2.3516e-03   1.1811e+01   1.7034e-03   4.2485e-04   8.5554e+00   2.1338e+00
   2.8860e+00   1.4471e+01   9.3629e+01   2.3609e-03   1.1855e+01   1.8036e-03   4.2886e-04   9.0570e+00   2.1536e+00
   2.8863e+00   1.4471e+01   9.3630e+01   2.3795e-03   1.1945e+01   1.5030e-03   3.9880e-04   7.5448e+00   2.0019e+00
   2.8867e+00   1.4472e+01   9.3630e+01   2.3983e-03   1.2034e+01   9.0181e-04   3.1463e-04   4.5252e+00   1.5788e+00
   2.8874e+00   1.4472e+01   9.3630e+01   2.4315e-03   1.2194e+01   1.6032e-03   4.0682e-04   8.0397e+00   2.0401e+00
   2.8882e+00   1.4473e+01   9.3630e+01   2.4702e-03   1.2378e+01   2.2044e-03   4.7395e-04   1.1047e+01   2.3750e+00
   2.8889e+00   1.4474e+01   9.3630e+01   2.5094e-03   1.2566e+01   2.1042e-03   4.6393e-04   1.0537e+01   2.3231e+00
   2.8897e+00   1.4475e+01   9.3630e+01   2.5494e-03   1.2756e+01   2.1042e-03   4.5792e-04   1.0529e+01   2.2913e+00
   2.8915e+00   1.4476e+01   9.3631e+01   2.6417e-03   1.3197e+01   2.2044e-03   4.5692e-04   1.1012e+01   2.2826e+00
   2.8926e+00   1.4478e+01   9.3631e+01   2.7053e-03   1.3500e+01   2.4048e-03   4.7295e-04   1.2000e+01   2.3601e+00
   2.8938e+00   1.4479e+01   9.3631e+01   2.7705e-03   1.3810e+01   2.8056e-03   5.0902e-04   1.3985e+01   2.5373e+00
   2.8949e+00   1.4480e+01   9.3631e+01   2.8373e-03   1.4128e+01   3.8076e-03   5.9419e-04   1.8959e+01   2.9587e+00
   2.8961e+00   1.4481e+01   9.3632e+01   2.9059e-03   1.4453e+01   4.2085e-03   6.0221e-04   2.0932e+01   2.9953e+00
   2.8985e+00   1.4483e+01   9.3632e+01   3.0543e-03   1.5158e+01   4.3087e-03   5.8518e-04   2.1382e+01   2.9040e+00
   2.9008e+00   1.4486e+01   9.3633e+01   3.2044e-03   1.5867e+01   4.3087e-03   5.4810e-04   2.1336e+01   2.7141e+00
   2.9020e+00   1.4487e+01   9.3633e+01   3.2822e-03   1.6235e+01   5.5111e-03   5.9319e-04   2.7260e+01   2.9342e+00
   2.9031e+00   1.4488e+01   9.3633e+01   3.3620e-03   1.6612e+01   4.5091e-03   5.2005e-04   2.2280e+01   2.5696e+00
   2.9037e+00   1.4489e+01   9.3633e+01   3.4027e-03   1.6804e+01   5.7115e-03   5.6013e-04   2.8206e+01   2.7661e+00
   2.9041e+00   1.4489e+01   9.3633e+01   3.4300e-03   1.6933e+01   5.5111e-03   5.5011e-04   2.7206e+01   2.7157e+00
   2.9045e+00   1.4489e+01   9.3634e+01   3.4576e-03   1.7063e+01   5.2105e-03   5.3007e-04   2.5713e+01   2.6158e+00
   2.9052e+00   1.4490e+01   9.3634e+01   3.5135e-03   1.7326e+01   6.1123e-03   6.2325e-04   3.0142e+01   3.0735e+00
   2.9056e+00   1.4491e+01   9.3634e+01   3.5418e-03   1.7460e+01   4.4089e-03   5.7516e-04   2.1734e+01   2.8353e+00
   2.9060e+00   1.4491e+01   9.3634e+01   3.5704e-03   1.7594e+01   4.4089e-03   6.1323e-04   2.1726e+01   3.0219e+00
   2.9064e+00   1.4491e+01   9.3634e+01   3.5991e-03   1.7729e+01   5.9119e-03   7.2245e-04   2.9122e+01   3.5588e+00
   2.9068e+00   1.4492e+01   9.3634e+01   3.6281e-03   1.7866e+01   5.4109e-03   7.1444e-04   2.6644e+01   3.5180e+00
   2.9072e+00   1.4492e+01   9.3634e+01   3.6574e-03   1.8003e+01   4.8097e-03   7.1243e-04   2.3675e+01   3.5069e+00
   2.9085e+00   1.4493e+01   9.3634e+01   3.7616e-03   1.8493e+01   4.2085e-03   6.8939e-04   2.0690e+01   3.3892e+00
   2.9093e+00   1.4494e+01   9.3635e+01   3.8225e-03   1.8779e+01   4.2085e-03   6.8738e-04   2.0675e+01   3.3769e+00
   2.9101e+00   1.4495e+01   9.3635e+01   3.8844e-03   1.9069e+01   3.6073e-03   6.5131e-04   1.7709e+01   3.1974e+00
   2.9108e+00   1.4496e+01   9.3635e+01   3.9474e-03   1.9364e+01   4.2085e-03   7.1544e-04   2.0645e+01   3.5097e+00
   2.9125e+00   1.4497e+01   9.3635e+01   4.0848e-03   2.0008e+01   4.2085e-03   7.2145e-04   2.0614e+01   3.5338e+00
   2.9132e+00   1.4498e+01   9.3636e+01   4.1512e-03   2.0319e+01   3.5071e-03   6.5231e-04   1.7166e+01   3.1928e+00
   2.9140e+00   1.4499e+01   9.3636e+01   4.2189e-03   2.0635e+01   2.9058e-03   5.9620e-04   1.4213e+01   2.9161e+00
   2.9148e+00   1.4500e+01   9.3636e+01   4.2879e-03   2.0957e+01   2.3046e-03   5.2606e-04   1.1264e+01   2.5712e+00
   2.9156e+00   1.4500e+01   9.3636e+01   4.3582e-03   2.1286e+01   3.2065e-03   6.1925e-04   1.5661e+01   3.0245e+00
   2.9163e+00   1.4501e+01   9.3636e+01   4.4302e-03   2.1622e+01   2.5050e-03   5.4810e-04   1.2226e+01   2.6751e+00
   2.9171e+00   1.4502e+01   9.3636e+01   4.5040e-03   2.1966e+01   2.8056e-03   5.8017e-04   1.3683e+01   2.8295e+00
   2.9179e+00   1.4503e+01   9.3637e+01   4.5800e-03   2.2321e+01   2.3046e-03   5.2506e-04   1.1232e+01   2.5589e+00
   2.9184e+00   1.4503e+01   9.3637e+01   4.6388e-03   2.2596e+01   2.2044e-03   5.0401e-04   1.0738e+01   2.4550e+00
   2.9188e+00   1.4504e+01   9.3637e+01   4.6791e-03   2.2784e+01   2.6052e-03   5.5412e-04   1.2686e+01   2.6981e+00
   2.9194e+00   1.4504e+01   9.3637e+01   4.7416e-03   2.3075e+01   2.2044e-03   5.1604e-04   1.0728e+01   2.5114e+00
   2.9202e+00   1.4505e+01   9.3637e+01   4.8301e-03   2.3489e+01   2.1042e-03   5.0301e-04   1.0233e+01   2.4462e+00
   2.9210e+00   1.4506e+01   9.3637e+01   4.9280e-03   2.3948e+01   3.1063e-03   6.1825e-04   1.5095e+01   3.0045e+00
   2.9215e+00   1.4506e+01   9.3637e+01   5.0121e-03   2.4344e+01   2.3046e-03   5.2406e-04   1.1194e+01   2.5454e+00
   2.9223e+00   1.4507e+01   9.3638e+01   5.1523e-03   2.5007e+01   2.3046e-03   5.1504e-04   1.1186e+01   2.4998e+00
   2.9231e+00   1.4508e+01   9.3638e+01   5.3684e-03   2.6037e+01   2.3046e-03   5.2606e-04   1.1178e+01   2.5515e+00
   2.9235e+00   1.4508e+01   9.3638e+01   5.5460e-03   2.6889e+01   2.6052e-03   5.5913e-04   1.2631e+01   2.7109e+00
   2.9238e+00   1.4509e+01   9.3638e+01   5.8334e-03   2.8272e+01   2.4048e-03   5.3007e-04   1.1655e+01   2.5691e+00
   2.9243e+00   1.4509e+01   9.3638e+01   6.5626e-03   3.1792e+01   2.5050e-03   5.4209e-04   1.2136e+01   2.6262e+00
   2.9257e+00   1.4511e+01   9.3638e+01   7.5443e-03   3.6503e+01   3.8077e-03   6.8438e-04   1.8423e+01   3.3113e+00
   2.9262e+00   1.4511e+01   9.3638e+01   6.3693e-03   3.0804e+01   4.9099e-03   7.6053e-04   2.3746e+01   3.6782e+00
   2.9265e+00   1.4511e+01   9.3638e+01   5.9934e-03   2.8976e+01   3.5071e-03   6.3227e-04   1.6955e+01   3.0568e+00
   2.9267e+00   1.4512e+01   9.3638e+01   5.8914e-03   2.8477e+01   3.2065e-03   6.0923e-04   1.5499e+01   2.9448e+00
   2.9269e+00   1.4512e+01   9.3639e+01   5.8220e-03   2.8137e+01   2.7055e-03   5.5612e-04   1.3075e+01   2.6877e+00
   2.9272e+00   1.4512e+01   9.3639e+01   5.7577e-03   2.7819e+01   3.1063e-03   6.0923e-04   1.5008e+01   2.9435e+00
   2.9276e+00   1.4513e+01   9.3639e+01   5.7171e-03   2.7613e+01   3.3067e-03   6.2827e-04   1.5971e+01   3.0344e+00
   2.9284e+00   1.4513e+01   9.3639e+01   5.7119e-03   2.7568e+01   2.5051e-03   5.4109e-04   1.2090e+01   2.6115e+00
   2.9288e+00   1.4514e+01   9.3639e+01   5.7283e-03   2.7637e+01   3.3067e-03   6.2827e-04   1.5954e+01   3.0312e+00
   2.9295e+00   1.4514e+01   9.3639e+01   5.7796e-03   2.7865e+01   3.1063e-03   5.9620e-04   1.4976e+01   2.8744e+00
   2.9303e+00   1.4515e+01   9.3639e+01   5.8444e-03   2.8157e+01   3.8077e-03   6.6634e-04   1.8345e+01   3.2103e+00
   2.9311e+00   1.4516e+01   9.3639e+01   5.9165e-03   2.8484e+01   3.2065e-03   6.0722e-04   1.5437e+01   2.9234e+00
   2.9318e+00   1.4517e+01   9.3640e+01   5.9930e-03   2.8832e+01   3.9079e-03   6.7035e-04   1.8801e+01   3.2250e+00
   2.9326e+00   1.4518e+01   9.3640e+01   6.0724e-03   2.9193e+01   4.1083e-03   6.9540e-04   1.9751e+01   3.3432e+00
   2.9334e+00   1.4518e+01   9.3640e+01   6.1537e-03   2.9563e+01   3.4069e-03   6.0422e-04   1.6367e+01   2.9028e+00
   2.9349e+00   1.4520e+01   9.3640e+01   6.3199e-03   3.0319e+01   3.7075e-03   6.4630e-04   1.7786e+01   3.1005e+00
   2.9357e+00   1.4521e+01   9.3640e+01   6.4037e-03   3.0699e+01   3.9079e-03   6.5833e-04   1.8734e+01   3.1560e+00
   2.9365e+00   1.4521e+01   9.3641e+01   6.4873e-03   3.1078e+01   2.9059e-03   5.7316e-04   1.3921e+01   2.7457e+00
   2.9387e+00   1.4524e+01   9.3641e+01   6.7219e-03   3.2136e+01   2.5051e-03   5.3107e-04   1.1976e+01   2.5389e+00
   2.9398e+00   1.4525e+01   9.3641e+01   6.8379e-03   3.2656e+01   2.7055e-03   5.4109e-04   1.2921e+01   2.5841e+00
   2.9422e+00   1.4527e+01   9.3642e+01   7.0460e-03   3.3578e+01   2.5051e-03   5.2105e-04   1.1938e+01   2.4831e+00
   2.9433e+00   1.4528e+01   9.3642e+01   7.1314e-03   3.3950e+01   1.4028e-03   3.8277e-04   6.6783e+00   1.8222e+00
   2.9445e+00   1.4529e+01   9.3642e+01   7.1974e-03   3.4227e+01   1.1022e-03   3.3868e-04   5.2417e+00   1.6106e+00
   2.9456e+00   1.4531e+01   9.3643e+01   7.2351e-03   3.4370e+01   1.4028e-03   3.8077e-04   6.6642e+00   1.8088e+00
   2.9468e+00   1.4532e+01   9.3643e+01   7.2311e-03   3.4315e+01   1.1022e-03   3.2365e-04   5.2306e+00   1.5359e+00
   2.7959e+00   1.4381e+01   1.0849e+02   6.5754e-04   3.6038e+00   6.2122e-04   2.1639e-04   3.4048e+00   1.1860e+00
   2.7971e+00   1.4382e+01   1.0849e+02   6.2829e-04   3.4395e+00   6.2123e-04   2.1432e-04   3.4009e+00   1.1733e+00
   2.8005e+00   1.4385e+01   1.0849e+02   5.5721e-04   3.0399e+00   6.2123e-04   2.1225e-04   3.3892e+00   1.1580e+00
   2.8025e+00   1.4387e+01   1.0849e+02   5.1886e-04   2.8252e+00   5.1770e-04   2.0604e-04   2.8189e+00   1.1219e+00
   2.8029e+00   1.4388e+01   1.0849e+02   5.1869e-04   2.8233e+00   6.2123e-04   2.3607e-04   3.3814e+00   1.2849e+00
   2.8031e+00   1.4388e+01   1.0849e+02   5.1960e-04   2.8276e+00   5.1770e-04   2.1329e-04   2.8173e+00   1.1607e+00
   2.8036e+00   1.4389e+01   1.0849e+02   5.2443e-04   2.8523e+00   6.2124e-04   2.2986e-04   3.3788e+00   1.2502e+00
   2.8044e+00   1.4389e+01   1.0849e+02   5.3202e-04   2.8914e+00   6.2124e-04   2.2261e-04   3.3762e+00   1.2098e+00
   2.8545e+00   1.4439e+01   1.0850e+02   1.1642e-03   6.0241e+00   5.1776e-04   2.3610e-04   2.6792e+00   1.2217e+00
   2.8627e+00   1.4448e+01   1.0850e+02   1.3532e-03   6.9472e+00   5.1777e-04   2.3714e-04   2.6582e+00   1.2175e+00
   2.8674e+00   1.4452e+01   1.0850e+02   1.4757e-03   7.5428e+00   5.1777e-04   2.2264e-04   2.6465e+00   1.1380e+00
   2.8697e+00   1.4455e+01   1.0850e+02   1.5418e-03   7.8632e+00   5.1778e-04   2.2264e-04   2.6407e+00   1.1355e+00
   2.8731e+00   1.4458e+01   1.0850e+02   1.6474e-03   8.3741e+00   6.2134e-04   2.4232e-04   3.1583e+00   1.2318e+00
   2.8744e+00   1.4459e+01   1.0850e+02   1.6876e-03   8.5680e+00   7.2490e-04   2.5786e-04   3.6803e+00   1.3091e+00
   2.8755e+00   1.4460e+01   1.0850e+02   1.7257e-03   8.7517e+00   6.2134e-04   2.3922e-04   3.1511e+00   1.2132e+00
   2.8779e+00   1.4463e+01   1.0850e+02   1.8048e-03   9.1329e+00   7.2490e-04   2.5164e-04   3.6682e+00   1.2734e+00
   2.8790e+00   1.4464e+01   1.0850e+02   1.8459e-03   9.3307e+00   9.3202e-04   2.8271e-04   4.7111e+00   1.4290e+00
   2.8798e+00   1.4465e+01   1.0850e+02   1.8739e-03   9.4652e+00   1.2427e-03   3.2310e-04   6.2769e+00   1.6320e+00
   2.8806e+00   1.4465e+01   1.0850e+02   1.9024e-03   9.6021e+00   1.3463e-03   3.3656e-04   6.7950e+00   1.6988e+00
   2.8813e+00   1.4466e+01   1.0850e+02   1.9314e-03   9.7411e+00   1.1391e-03   3.1792e-04   5.7454e+00   1.6035e+00
   2.8821e+00   1.4467e+01   1.0850e+02   1.9608e-03   9.8825e+00   1.1391e-03   3.0343e-04   5.7412e+00   1.5293e+00
   2.8829e+00   1.4468e+01   1.0850e+02   1.9908e-03   1.0026e+01   1.3463e-03   3.3346e-04   6.7802e+00   1.6794e+00
   2.8836e+00   1.4469e+01   1.0851e+02   2.0213e-03   1.0172e+01   8.2847e-04   2.6407e-04   4.1694e+00   1.3290e+00
   2.8844e+00   1.4469e+01   1.0851e+02   2.0523e-03   1.0321e+01   1.6569e-03   3.9352e-04   8.3327e+00   1.9790e+00
   2.8846e+00   1.4470e+01   1.0851e+02   2.0602e-03   1.0358e+01   1.5534e-03   4.0181e-04   7.8104e+00   2.0203e+00
   2.8848e+00   1.4470e+01   1.0851e+02   2.0680e-03   1.0396e+01   1.7605e-03   4.1631e-04   8.8502e+00   2.0928e+00
   2.8850e+00   1.4470e+01   1.0851e+02   2.0759e-03   1.0434e+01   2.3819e-03   4.4634e-04   1.1972e+01   2.2434e+00
   2.8852e+00   1.4470e+01   1.0851e+02   2.0839e-03   1.0472e+01   1.2427e-03   3.0550e-04   6.2449e+00   1.5352e+00
   2.8854e+00   1.4470e+01   1.0851e+02   2.0918e-03   1.0510e+01   1.4498e-03   3.1896e-04   7.2844e+00   1.6026e+00
   2.8856e+00   1.4470e+01   1.0851e+02   2.0998e-03   1.0548e+01   1.8641e-03   3.6660e-04   9.3640e+00   1.8416e+00
   2.8860e+00   1.4471e+01   1.0851e+02   2.1160e-03   1.0626e+01   1.7605e-03   3.5935e-04   8.8406e+00   1.8045e+00
   2.8863e+00   1.4471e+01   1.0851e+02   2.1322e-03   1.0703e+01   1.7605e-03   3.5314e-04   8.8373e+00   1.7727e+00
   2.8867e+00   1.4472e+01   1.0851e+02   2.1486e-03   1.0782e+01   1.6570e-03   3.4900e-04   8.3145e+00   1.7512e+00
   2.8874e+00   1.4472e+01   1.0851e+02   2.1776e-03   1.0920e+01   1.7605e-03   3.5832e-04   8.8285e+00   1.7969e+00
   2.8882e+00   1.4473e+01   1.0851e+02   2.2113e-03   1.1081e+01   1.9676e-03   3.7592e-04   9.8600e+00   1.8838e+00
   2.8889e+00   1.4474e+01   1.0851e+02   2.2456e-03   1.1245e+01   2.3819e-03   4.1631e-04   1.1927e+01   2.0846e+00
   2.8897e+00   1.4475e+01   1.0851e+02   2.2805e-03   1.1411e+01   2.7961e-03   4.4324e-04   1.3991e+01   2.2179e+00
   2.8905e+00   1.4475e+01   1.0851e+02   2.3160e-03   1.1580e+01   2.2783e-03   3.9871e-04   1.1392e+01   1.9936e+00
   2.8926e+00   1.4478e+01   1.0851e+02   2.4167e-03   1.2060e+01   3.5211e-03   4.6810e-04   1.7571e+01   2.3359e+00
   2.8938e+00   1.4479e+01   1.0851e+02   2.4736e-03   1.2330e+01   3.9353e-03   5.0020e-04   1.9616e+01   2.4934e+00
   2.8949e+00   1.4480e+01   1.0851e+02   2.5320e-03   1.2607e+01   3.9353e-03   4.8260e-04   1.9595e+01   2.4030e+00
   2.8961e+00   1.4481e+01   1.0851e+02   2.5919e-03   1.2892e+01   4.7638e-03   5.2817e-04   2.3695e+01   2.6270e+00
   2.8972e+00   1.4482e+01   1.0851e+02   2.6533e-03   1.3183e+01   5.0745e-03   5.3231e-04   2.5213e+01   2.6448e+00
   2.8985e+00   1.4483e+01   1.0851e+02   2.7215e-03   1.3506e+01   5.0746e-03   5.1988e-04   2.5183e+01   2.5800e+00
   2.9008e+00   1.4486e+01   1.0851e+02   2.8525e-03   1.4125e+01   6.4209e-03   5.6752e-04   3.1795e+01   2.8103e+00
   2.9031e+00   1.4488e+01   1.0851e+02   2.9901e-03   1.4774e+01   6.6281e-03   5.2507e-04   3.2750e+01   2.5944e+00
   2.9037e+00   1.4489e+01   1.0851e+02   3.0255e-03   1.4941e+01   4.9711e-03   4.7950e-04   2.4549e+01   2.3680e+00
   2.9041e+00   1.4489e+01   1.0851e+02   3.0494e-03   1.5054e+01   5.9031e-03   5.3128e-04   2.9142e+01   2.6228e+00
   2.9045e+00   1.4489e+01   1.0851e+02   3.0735e-03   1.5167e+01   6.4210e-03   5.9031e-04   3.1687e+01   2.9131e+00
   2.9049e+00   1.4490e+01   1.0851e+02   3.0977e-03   1.5281e+01   5.9031e-03   5.8410e-04   2.9121e+01   2.8814e+00
   2.9052e+00   1.4490e+01   1.0851e+02   3.1222e-03   1.5397e+01   6.5245e-03   6.6281e-04   3.2174e+01   3.2685e+00
   2.9056e+00   1.4491e+01   1.0851e+02   3.1469e-03   1.5513e+01   7.0424e-03   7.4566e-04   3.4716e+01   3.6758e+00
   2.9060e+00   1.4491e+01   1.0851e+02   3.1717e-03   1.5629e+01   6.4210e-03   7.3634e-04   3.1641e+01   3.6285e+00
   2.9064e+00   1.4491e+01   1.0851e+02   3.1968e-03   1.5747e+01   6.6281e-03   7.9019e-04   3.2650e+01   3.8925e+00
   2.9068e+00   1.4492e+01   1.0851e+02   3.2220e-03   1.5866e+01   5.7996e-03   7.4152e-04   2.8558e+01   3.6514e+00
   2.9072e+00   1.4492e+01   1.0851e+02   3.2475e-03   1.5986e+01   5.2818e-03   7.2288e-04   2.5999e+01   3.5583e+00
   2.9076e+00   1.4492e+01   1.0851e+02   3.2732e-03   1.6106e+01   4.8675e-03   7.0942e-04   2.3951e+01   3.4908e+00
   2.9093e+00   1.4494e+01   1.0851e+02   3.3912e-03   1.6660e+01   5.5925e-03   7.5395e-04   2.7474e+01   3.7039e+00
   2.9101e+00   1.4495e+01   1.0851e+02   3.4451e-03   1.6912e+01   4.3497e-03   6.8249e-04   2.1354e+01   3.3505e+00
   2.9108e+00   1.4496e+01   1.0851e+02   3.4998e-03   1.7169e+01   4.6604e-03   6.9078e-04   2.2862e+01   3.3887e+00
   2.9117e+00   1.4497e+01   1.0851e+02   3.5624e-03   1.7462e+01   4.2462e-03   6.5971e-04   2.0813e+01   3.2337e+00
   2.9125e+00   1.4497e+01   1.0851e+02   3.6190e-03   1.7726e+01   3.9355e-03   6.2864e-04   1.9277e+01   3.0792e+00
   2.9132e+00   1.4498e+01   1.0851e+02   3.6766e-03   1.7995e+01   4.3498e-03   6.5454e-04   2.1290e+01   3.2037e+00
   2.9140e+00   1.4499e+01   1.0851e+02   3.7351e-03   1.8269e+01   4.9712e-03   7.0736e-04   2.4314e+01   3.4598e+00
   2.9148e+00   1.4500e+01   1.0851e+02   3.7948e-03   1.8547e+01   3.7284e-03   6.1725e-04   1.8223e+01   3.0169e+00
   2.9156e+00   1.4500e+01   1.0851e+02   3.8555e-03   1.8831e+01   3.3141e-03   5.7169e-04   1.6186e+01   2.7922e+00
   2.9163e+00   1.4501e+01   1.0851e+02   3.9176e-03   1.9120e+01   3.0034e-03   5.4683e-04   1.4658e+01   2.6689e+00
   2.9171e+00   1.4502e+01   1.0851e+02   3.9812e-03   1.9416e+01   2.7963e-03   5.2094e-04   1.3638e+01   2.5407e+00
   2.9179e+00   1.4503e+01   1.0851e+02   4.0465e-03   1.9721e+01   3.5213e-03   5.9240e-04   1.7161e+01   2.8871e+00
   2.9184e+00   1.4503e+01   1.0851e+02   4.0971e-03   1.9957e+01   3.9355e-03   6.3176e-04   1.9170e+01   3.0773e+00
   2.9188e+00   1.4504e+01   1.0851e+02   4.1317e-03   2.0118e+01   2.6927e-03   5.1887e-04   1.3112e+01   2.5265e+00
   2.9194e+00   1.4504e+01   1.0851e+02   4.1853e-03   2.0368e+01   4.3498e-03   6.4937e-04   2.1169e+01   3.1602e+00
   2.9202e+00   1.4505e+01   1.0851e+02   4.2615e-03   2.0724e+01   3.3142e-03   5.5823e-04   1.6117e+01   2.7147e+00
   2.9210e+00   1.4506e+01   1.0851e+02   4.3462e-03   2.1121e+01   2.8999e-03   5.3130e-04   1.4093e+01   2.5819e+00
   2.9215e+00   1.4506e+01   1.0851e+02   4.4198e-03   2.1467e+01   3.2106e-03   5.5719e-04   1.5594e+01   2.7063e+00
   2.9223e+00   1.4507e+01   1.0851e+02   4.5453e-03   2.2061e+01   3.2106e-03   5.4580e-04   1.5583e+01   2.6491e+00
   2.9231e+00   1.4508e+01   1.0851e+02   4.7472e-03   2.3025e+01   3.7285e-03   5.9137e-04   1.8083e+01   2.8682e+00
   2.9235e+00   1.4508e+01   1.0851e+02   4.9204e-03   2.3856e+01   2.7963e-03   5.1370e-04   1.3558e+01   2.4906e+00
   2.9238e+00   1.4509e+01   1.0851e+02   5.2102e-03   2.5252e+01   3.0035e-03   5.3441e-04   1.4557e+01   2.5901e+00
   2.9243e+00   1.4509e+01   1.0851e+02   5.9768e-03   2.8955e+01   3.4178e-03   5.6652e-04   1.6557e+01   2.7445e+00
   2.9249e+00   1.4510e+01   1.0851e+02   8.3074e-03   4.0223e+01   3.3142e-03   5.5720e-04   1.6047e+01   2.6979e+00
   2.9257e+00   1.4511e+01   1.0851e+02   7.3207e-03   3.5421e+01   3.8320e-03   6.0795e-04   1.8541e+01   2.9415e+00
   2.9264e+00   1.4511e+01   1.0851e+02   5.7246e-03   2.7681e+01   5.0749e-03   6.7423e-04   2.4539e+01   3.2602e+00
   2.9265e+00   1.4511e+01   1.0851e+02   5.5418e-03   2.6792e+01   4.0392e-03   5.8516e-04   1.9528e+01   2.8290e+00
   2.9267e+00   1.4512e+01   1.0851e+02   5.4143e-03   2.6171e+01   3.7285e-03   5.7584e-04   1.8022e+01   2.7835e+00
   2.9269e+00   1.4512e+01   1.0851e+02   5.3242e-03   2.5731e+01   3.8321e-03   5.7792e-04   1.8520e+01   2.7930e+00
   2.9272e+00   1.4512e+01   1.0851e+02   5.2352e-03   2.5294e+01   4.2463e-03   6.1416e-04   2.0516e+01   2.9674e+00
   2.9276e+00   1.4513e+01   1.0851e+02   5.1694e-03   2.4967e+01   3.8321e-03   5.8413e-04   1.8508e+01   2.8213e+00
   2.9280e+00   1.4513e+01   1.0851e+02   5.1387e-03   2.4810e+01   3.7285e-03   5.8206e-04   1.8002e+01   2.8103e+00
   2.9284e+00   1.4513e+01   1.0851e+02   5.1287e-03   2.4753e+01   3.9356e-03   5.8827e-04   1.8995e+01   2.8392e+00
   2.9288e+00   1.4514e+01   1.0851e+02   5.1317e-03   2.4759e+01   3.7285e-03   5.6963e-04   1.7989e+01   2.7483e+00
   2.9295e+00   1.4514e+01   1.0851e+02   5.1605e-03   2.4880e+01   3.9356e-03   5.8517e-04   1.8975e+01   2.8212e+00
   2.9303e+00   1.4515e+01   1.0852e+02   5.2066e-03   2.5084e+01   4.5571e-03   6.3074e-04   2.1955e+01   3.0388e+00
   2.9311e+00   1.4516e+01   1.0852e+02   5.2623e-03   2.5335e+01   4.5571e-03   6.3799e-04   2.1940e+01   3.0715e+00
   2.9318e+00   1.4517e+01   1.0852e+02   5.3240e-03   2.5614e+01   4.3499e-03   6.1210e-04   2.0927e+01   2.9448e+00
   2.9326e+00   1.4518e+01   1.0852e+02   5.3899e-03   2.5912e+01   4.9714e-03   6.3696e-04   2.3900e+01   3.0622e+00
   2.9334e+00   1.4518e+01   1.0852e+02   5.4589e-03   2.6225e+01   4.4535e-03   6.0692e-04   2.1395e+01   2.9157e+00
   2.9342e+00   1.4519e+01   1.0852e+02   5.5304e-03   2.6550e+01   3.8321e-03   5.7171e-04   1.8397e+01   2.7446e+00
   2.9349e+00   1.4520e+01   1.0852e+02   5.6037e-03   2.6883e+01   4.8678e-03   6.3696e-04   2.3353e+01   3.0557e+00
   2.9357e+00   1.4521e+01   1.0852e+02   5.6783e-03   2.7221e+01   3.3143e-03   5.2511e-04   1.5888e+01   2.5173e+00
   2.9365e+00   1.4521e+01   1.0852e+02   5.7534e-03   2.7562e+01   4.4536e-03   6.0382e-04   2.1335e+01   2.8926e+00
   2.9387e+00   1.4524e+01   1.0852e+02   5.9665e-03   2.8524e+01   2.7964e-03   4.8886e-04   1.3369e+01   2.3371e+00
   2.9398e+00   1.4525e+01   1.0852e+02   6.0725e-03   2.9000e+01   2.3822e-03   4.4018e-04   1.1377e+01   2.1022e+00
   2.9410e+00   1.4526e+01   1.0852e+02   6.1725e-03   2.9447e+01   1.7607e-03   3.7286e-04   8.3998e+00   1.7788e+00
   2.9422e+00   1.4527e+01   1.0852e+02   6.2643e-03   2.9853e+01   2.2786e-03   4.2050e-04   1.0859e+01   2.0040e+00
   2.9433e+00   1.4528e+01   1.0852e+02   6.3449e-03   3.0205e+01   1.8643e-03   3.8115e-04   8.8752e+00   1.8145e+00
   2.9456e+00   1.4531e+01   1.0852e+02   6.4521e-03   3.0650e+01   1.3465e-03   3.1072e-04   6.3963e+00   1.4761e+00
   2.9468e+00   1.4532e+01   1.0852e+02   6.4609e-03   3.0660e+01   1.2429e-03   3.0140e-04   5.8981e+00   1.4303e+00
   2.7959e+00   1.4381e+01   1.3755e+02   6.3347e-04   3.4719e+00   7.6756e-04   2.2259e-04   4.2068e+00   1.2200e+00
   2.7971e+00   1.4382e+01   1.3755e+02   6.1995e-04   3.3939e+00   5.4826e-04   1.8422e-04   3.0014e+00   1.0085e+00
   2.7982e+00   1.4383e+01   1.3755e+02   6.1222e-04   3.3477e+00   7.6757e-04   2.1711e-04   4.1972e+00   1.1872e+00
   2.7994e+00   1.4384e+01   1.3755e+02   6.1343e-04   3.3505e+00   4.3862e-04   1.6229e-04   2.3957e+00   8.8639e-01
   2.8005e+00   1.4385e+01   1.3755e+02   6.3245e-04   3.4504e+00   6.5793e-04   1.9409e-04   3.5894e+00   1.0589e+00
   2.8007e+00   1.4386e+01   1.3755e+02   6.3825e-04   3.4814e+00   5.4828e-04   1.7874e-04   2.9906e+00   9.7493e-01
   2.8009e+00   1.4386e+01   1.3755e+02   6.4485e-04   3.5167e+00   6.5793e-04   1.9519e-04   3.5880e+00   1.0644e+00
   2.8011e+00   1.4386e+01   1.3755e+02   6.5212e-04   3.5556e+00   5.4828e-04   1.7326e-04   2.9894e+00   9.4466e-01
   2.8013e+00   1.4386e+01   1.3755e+02   6.5987e-04   3.5972e+00   5.4828e-04   1.7655e-04   2.9889e+00   9.6241e-01
   2.8015e+00   1.4386e+01   1.3755e+02   6.6776e-04   3.6395e+00   4.3862e-04   1.5681e-04   2.3906e+00   8.5465e-01
   2.8017e+00   1.4387e+01   1.3755e+02   6.7538e-04   3.6803e+00   4.3862e-04   1.6339e-04   2.3902e+00   8.9034e-01
   2.8023e+00   1.4387e+01   1.3755e+02   6.9204e-04   3.7690e+00   4.3862e-04   1.7984e-04   2.3888e+00   9.7941e-01
   2.8025e+00   1.4387e+01   1.3755e+02   6.9440e-04   3.7811e+00   6.5794e-04   2.2699e-04   3.5825e+00   1.2360e+00
   2.8027e+00   1.4388e+01   1.3755e+02   6.9499e-04   3.7836e+00   5.4828e-04   2.0506e-04   2.9849e+00   1.1163e+00
   2.8029e+00   1.4388e+01   1.3755e+02   6.9399e-04   3.7774e+00   5.4828e-04   2.0286e-04   2.9843e+00   1.1042e+00
   2.8031e+00   1.4388e+01   1.3755e+02   6.9167e-04   3.7640e+00   4.3863e-04   1.7655e-04   2.3870e+00   9.6076e-01
   2.8040e+00   1.4389e+01   1.3755e+02   6.7088e-04   3.6474e+00   5.4829e-04   1.8532e-04   2.9809e+00   1.0075e+00
   2.8650e+00   1.4450e+01   1.3756e+02   1.0692e-03   5.4772e+00   4.3879e-04   1.8978e-04   2.2478e+00   9.7216e-01
   2.8685e+00   1.4453e+01   1.3756e+02   1.1289e-03   5.7636e+00   4.3880e-04   1.8320e-04   2.2404e+00   9.3535e-01
   2.8697e+00   1.4455e+01   1.3756e+02   1.1499e-03   5.8643e+00   4.3880e-04   1.7772e-04   2.2379e+00   9.0635e-01
   2.8708e+00   1.4456e+01   1.3756e+02   1.1714e-03   5.9676e+00   4.3881e-04   1.7881e-04   2.2354e+00   9.1094e-01
   2.8720e+00   1.4457e+01   1.3756e+02   1.1935e-03   6.0736e+00   5.4851e-04   1.9308e-04   2.7912e+00   9.8251e-01
   2.8755e+00   1.4460e+01   1.3756e+02   1.2656e-03   6.4182e+00   5.4852e-04   1.8869e-04   2.7818e+00   9.5695e-01
   2.8767e+00   1.4462e+01   1.3756e+02   1.2902e-03   6.5360e+00   5.4853e-04   1.8431e-04   2.7788e+00   9.3367e-01
   2.8779e+00   1.4463e+01   1.3756e+02   1.3155e-03   6.6568e+00   4.3883e-04   1.6566e-04   2.2206e+00   8.3827e-01
   2.8790e+00   1.4464e+01   1.3756e+02   1.3414e-03   6.7807e+00   9.8736e-04   2.4574e-04   4.9909e+00   1.2422e+00
   2.8798e+00   1.4465e+01   1.3756e+02   1.3591e-03   6.8650e+00   8.7766e-04   2.3258e-04   4.4331e+00   1.1748e+00
   2.8806e+00   1.4465e+01   1.3756e+02   1.3771e-03   6.9508e+00   6.5825e-04   1.9857e-04   3.3224e+00   1.0023e+00
   2.8813e+00   1.4466e+01   1.3756e+02   1.3954e-03   7.0380e+00   9.8738e-04   2.4355e-04   4.9800e+00   1.2284e+00
   2.8821e+00   1.4467e+01   1.3756e+02   1.4140e-03   7.1266e+00   8.7767e-04   2.2271e-04   4.4235e+00   1.1225e+00
   2.8836e+00   1.4469e+01   1.3757e+02   1.4522e-03   7.3084e+00   9.8739e-04   2.3807e-04   4.9692e+00   1.1981e+00
   2.8844e+00   1.4469e+01   1.3757e+02   1.4718e-03   7.4016e+00   1.3165e-03   2.7867e-04   6.6207e+00   1.4014e+00
   2.8848e+00   1.4470e+01   1.3757e+02   1.4817e-03   7.4487e+00   1.3165e-03   3.3133e-04   6.6183e+00   1.6656e+00
   2.8850e+00   1.4470e+01   1.3757e+02   1.4867e-03   7.4724e+00   1.3165e-03   3.1158e-04   6.6171e+00   1.5661e+00
   2.8852e+00   1.4470e+01   1.3757e+02   1.4917e-03   7.4963e+00   1.5360e-03   3.1158e-04   7.7186e+00   1.5658e+00
   2.8854e+00   1.4470e+01   1.3757e+02   1.4967e-03   7.5202e+00   1.4262e-03   2.8525e-04   7.1660e+00   1.4332e+00
   2.8856e+00   1.4470e+01   1.3757e+02   1.5018e-03   7.5442e+00   1.3165e-03   2.6879e-04   6.6135e+00   1.3503e+00
   2.8858e+00   1.4471e+01   1.3757e+02   1.5069e-03   7.5683e+00   1.8651e-03   3.1378e-04   9.3675e+00   1.5759e+00
   2.8860e+00   1.4471e+01   1.3757e+02   1.5120e-03   7.5925e+00   1.3165e-03   2.6221e-04   6.6111e+00   1.3167e+00
   2.8863e+00   1.4471e+01   1.3757e+02   1.5222e-03   7.6412e+00   1.3165e-03   2.5673e-04   6.6087e+00   1.2887e+00
   2.8867e+00   1.4472e+01   1.3757e+02   1.5326e-03   7.6903e+00   1.6457e-03   2.9732e-04   8.2579e+00   1.4919e+00
   2.8874e+00   1.4472e+01   1.3757e+02   1.5509e-03   7.7772e+00   1.7554e-03   2.9842e-04   8.8029e+00   1.4965e+00
   2.8882e+00   1.4473e+01   1.3757e+02   1.5721e-03   7.8781e+00   1.8651e-03   3.0281e-04   9.3463e+00   1.5174e+00
   2.8897e+00   1.4475e+01   1.3757e+02   1.6157e-03   8.0846e+00   2.3040e-03   3.3573e-04   1.1529e+01   1.6799e+00
   2.8905e+00   1.4475e+01   1.3757e+02   1.6380e-03   8.1903e+00   2.7429e-03   3.5109e-04   1.3715e+01   1.7555e+00
   2.8915e+00   1.4476e+01   1.3757e+02   1.6664e-03   8.3249e+00   3.4012e-03   3.8620e-04   1.6991e+01   1.9293e+00
   2.8926e+00   1.4478e+01   1.3757e+02   1.7013e-03   8.4898e+00   2.6332e-03   3.3793e-04   1.3140e+01   1.6863e+00
   2.8938e+00   1.4479e+01   1.3757e+02   1.7370e-03   8.6586e+00   3.5109e-03   3.8511e-04   1.7501e+01   1.9196e+00
   2.8949e+00   1.4480e+01   1.3757e+02   1.7736e-03   8.8312e+00   3.9498e-03   4.0157e-04   1.9667e+01   1.9995e+00
   2.8961e+00   1.4481e+01   1.3757e+02   1.8110e-03   9.0078e+00   5.3762e-03   4.6301e-04   2.6740e+01   2.3030e+00
   2.8972e+00   1.4482e+01   1.3757e+02   1.8493e-03   9.1884e+00   5.5957e-03   4.5863e-04   2.7802e+01   2.2787e+00
   2.8985e+00   1.4483e+01   1.3757e+02   1.8918e-03   9.3885e+00   6.0346e-03   4.6741e-04   2.9947e+01   2.3196e+00
   2.9008e+00   1.4486e+01   1.3757e+02   1.9730e-03   9.7701e+00   7.8999e-03   5.4202e-04   3.9119e+01   2.6840e+00
   2.9020e+00   1.4487e+01   1.3757e+02   2.0149e-03   9.9669e+00   7.0222e-03   4.8936e-04   3.4735e+01   2.4206e+00
   2.9031e+00   1.4488e+01   1.3757e+02   2.0577e-03   1.0168e+01   8.1195e-03   5.6398e-04   4.0119e+01   2.7867e+00
   2.9037e+00   1.4489e+01   1.3757e+02   2.0795e-03   1.0269e+01   7.1320e-03   5.6069e-04   3.5221e+01   2.7689e+00
   2.9041e+00   1.4489e+01   1.3757e+02   2.0941e-03   1.0338e+01   7.7904e-03   6.3201e-04   3.8458e+01   3.1200e+00
   2.9045e+00   1.4489e+01   1.3757e+02   2.1088e-03   1.0407e+01   7.4612e-03   6.4847e-04   3.6820e+01   3.2001e+00
   2.9049e+00   1.4490e+01   1.3757e+02   2.1236e-03   1.0476e+01   6.9126e-03   6.8907e-04   3.4101e+01   3.3992e+00
   2.9052e+00   1.4490e+01   1.3757e+02   2.1384e-03   1.0545e+01   7.1321e-03   7.4832e-04   3.5171e+01   3.6902e+00
   2.9060e+00   1.4491e+01   1.3757e+02   2.1685e-03   1.0686e+01   7.2418e-03   8.3062e-04   3.5686e+01   4.0931e+00
   2.9064e+00   1.4491e+01   1.3757e+02   2.1837e-03   1.0757e+01   8.3391e-03   9.0194e-04   4.1078e+01   4.4429e+00
   2.9068e+00   1.4492e+01   1.3757e+02   2.1989e-03   1.0828e+01   7.2419e-03   8.3062e-04   3.5660e+01   4.0901e+00
   2.9072e+00   1.4492e+01   1.3757e+02   2.2143e-03   1.0900e+01   7.5711e-03   8.7341e-04   3.7268e+01   4.2993e+00
   2.9076e+00   1.4492e+01   1.3757e+02   2.2297e-03   1.0972e+01   6.8030e-03   8.0539e-04   3.3475e+01   3.9630e+00
   2.9085e+00   1.4493e+01   1.3757e+02   2.2686e-03   1.1153e+01   6.3641e-03   7.8125e-04   3.1288e+01   3.8408e+00
   2.9093e+00   1.4494e+01   1.3757e+02   2.3001e-03   1.1300e+01   5.5961e-03   7.1871e-04   2.7492e+01   3.5308e+00
   2.9101e+00   1.4495e+01   1.3757e+02   2.3320e-03   1.1448e+01   5.8155e-03   7.1981e-04   2.8549e+01   3.5337e+00
   2.9125e+00   1.4497e+01   1.3757e+02   2.4331e-03   1.1918e+01   6.0351e-03   6.9897e-04   2.9561e+01   3.4237e+00
   2.9132e+00   1.4498e+01   1.3757e+02   2.4659e-03   1.2070e+01   5.5962e-03   6.6386e-04   2.7391e+01   3.2494e+00
   2.9140e+00   1.4499e+01   1.3757e+02   2.4988e-03   1.2222e+01   5.0476e-03   6.2546e-04   2.4688e+01   3.0592e+00
   2.9148e+00   1.4500e+01   1.3757e+02   2.5318e-03   1.2375e+01   4.7184e-03   6.0900e-04   2.3062e+01   2.9766e+00
   2.9156e+00   1.4500e+01   1.3757e+02   2.5649e-03   1.2527e+01   5.3768e-03   6.3644e-04   2.6261e+01   3.1084e+00
   2.9163e+00   1.4501e+01   1.3757e+02   2.5978e-03   1.2679e+01   5.2671e-03   6.3534e-04   2.5707e+01   3.1009e+00
   2.9171e+00   1.4502e+01   1.3757e+02   2.6307e-03   1.2830e+01   5.3769e-03   6.3644e-04   2.6223e+01   3.1040e+00
   2.9179e+00   1.4503e+01   1.3757e+02   2.6634e-03   1.2980e+01   4.6088e-03   5.7171e-04   2.2461e+01   2.7863e+00
   2.9184e+00   1.4503e+01   1.3757e+02   2.6877e-03   1.3092e+01   4.9380e-03   5.9914e-04   2.4053e+01   2.9184e+00
   2.9188e+00   1.4504e+01   1.3757e+02   2.7039e-03   1.3166e+01   4.8283e-03   5.8597e-04   2.3510e+01   2.8532e+00
   2.9194e+00   1.4504e+01   1.3757e+02   2.7280e-03   1.3276e+01   4.9380e-03   5.8488e-04   2.4031e+01   2.8464e+00
   2.9202e+00   1.4505e+01   1.3757e+02   2.7602e-03   1.3423e+01   5.2672e-03   5.9805e-04   2.5615e+01   2.9084e+00
   2.9210e+00   1.4506e+01   1.3757e+02   2.7934e-03   1.3575e+01   5.3770e-03   6.0354e-04   2.6130e+01   2.9330e+00
   2.9215e+00   1.4506e+01   1.3757e+02   2.8204e-03   1.3699e+01   6.1451e-03   6.4305e-04   2.9847e+01   3.1233e+00
   2.9223e+00   1.4507e+01   1.3757e+02   2.8657e-03   1.3909e+01   5.0478e-03   5.8818e-04   2.4500e+01   2.8548e+00
   2.9231e+00   1.4508e+01   1.3757e+02   2.9472e-03   1.4294e+01   4.7186e-03   5.5746e-04   2.2886e+01   2.7037e+00
   2.9235e+00   1.4508e+01   1.3757e+02   3.0299e-03   1.4690e+01   5.2673e-03   5.9038e-04   2.5538e+01   2.8624e+00
   2.9238e+00   1.4509e+01   1.3757e+02   3.1912e-03   1.5466e+01   5.2673e-03   5.8489e-04   2.5529e+01   2.8348e+00
   2.9243e+00   1.4509e+01   1.3757e+02   3.7061e-03   1.7954e+01   5.2674e-03   5.8928e-04   2.5518e+01   2.8548e+00
   2.9249e+00   1.4510e+01   1.3757e+02   5.7353e-03   2.7770e+01   4.4992e-03   5.3991e-04   2.1785e+01   2.6142e+00
   2.9257e+00   1.4511e+01   1.3757e+02   5.8415e-03   2.8264e+01   5.7063e-03   6.0356e-04   2.7610e+01   2.9203e+00
   2.9262e+00   1.4511e+01   1.3757e+02   4.6747e-03   2.2608e+01   5.0479e-03   5.7283e-04   2.4413e+01   2.7704e+00
   2.9264e+00   1.4511e+01   1.3757e+02   4.4079e-03   2.1314e+01   6.8037e-03   6.6391e-04   3.2899e+01   3.2103e+00
   2.9265e+00   1.4511e+01   1.3757e+02   4.2130e-03   2.0368e+01   5.3772e-03   5.8161e-04   2.5996e+01   2.8118e+00
   2.9267e+00   1.4512e+01   1.3757e+02   4.0684e-03   1.9666e+01   6.0356e-03   6.0795e-04   2.9174e+01   2.9386e+00
   2.9269e+00   1.4512e+01   1.3757e+02   3.9594e-03   1.9135e+01   5.0480e-03   5.5198e-04   2.4396e+01   2.6677e+00
   2.9272e+00   1.4512e+01   1.3757e+02   3.8414e-03   1.8560e+01   5.7064e-03   5.8271e-04   2.7571e+01   2.8154e+00
   2.9276e+00   1.4513e+01   1.3757e+02   3.7386e-03   1.8057e+01   4.7188e-03   5.2345e-04   2.2791e+01   2.5282e+00
   2.9280e+00   1.4513e+01   1.3757e+02   3.6740e-03   1.7738e+01   5.5967e-03   5.7503e-04   2.7021e+01   2.7763e+00
   2.9284e+00   1.4513e+01   1.3757e+02   3.6328e-03   1.7533e+01   5.7064e-03   5.7613e-04   2.7542e+01   2.7806e+00
   2.9288e+00   1.4514e+01   1.3757e+02   3.6070e-03   1.7402e+01   6.4746e-03   6.1564e-04   3.1238e+01   2.9703e+00
   2.9295e+00   1.4514e+01   1.3757e+02   3.5837e-03   1.7278e+01   5.7065e-03   5.7065e-04   2.7512e+01   2.7512e+00
   2.9303e+00   1.4515e+01   1.3757e+02   3.5831e-03   1.7263e+01   6.6942e-03   6.1345e-04   3.2251e+01   2.9555e+00
   2.9311e+00   1.4516e+01   1.3757e+02   3.5957e-03   1.7311e+01   6.8039e-03   6.1126e-04   3.2757e+01   2.9428e+00
   2.9318e+00   1.4517e+01   1.3757e+02   3.6171e-03   1.7402e+01   6.3650e-03   5.8602e-04   3.0622e+01   2.8193e+00
   2.9326e+00   1.4518e+01   1.3757e+02   3.6449e-03   1.7523e+01   6.6942e-03   5.9700e-04   3.2183e+01   2.8701e+00
   2.9342e+00   1.4519e+01   1.3757e+02   3.7150e-03   1.7835e+01   7.3528e-03   6.2005e-04   3.5299e+01   2.9767e+00
   2.9357e+00   1.4521e+01   1.3757e+02   3.7993e-03   1.8214e+01   5.1580e-03   5.1360e-04   2.4727e+01   2.4622e+00
   2.9398e+00   1.4525e+01   1.3757e+02   4.0488e-03   1.9336e+01   2.7437e-03   3.7753e-04   1.3103e+01   1.8030e+00
   2.9410e+00   1.4526e+01   1.3757e+02   4.1153e-03   1.9632e+01   2.5242e-03   3.5448e-04   1.2042e+01   1.6911e+00
   2.9433e+00   1.4528e+01   1.3757e+02   4.2381e-03   2.0176e+01   2.0852e-03   3.2156e-04   9.9268e+00   1.5308e+00
   2.9445e+00   1.4529e+01   1.3757e+02   4.2929e-03   2.0415e+01   9.8774e-04   2.1730e-04   4.6972e+00   1.0334e+00
   2.9456e+00   1.4531e+01   1.3757e+02   4.3416e-03   2.0624e+01   2.3048e-03   3.3035e-04   1.0949e+01   1.5693e+00
   2.9468e+00   1.4532e+01   1.3758e+02   4.3821e-03   2.0795e+01   8.7801e-04   1.9865e-04   4.1666e+00   9.4268e-01
   2.9479e+00   1.4533e+01   1.3758e+02   4.4113e-03   2.0912e+01   7.6826e-04   1.8438e-04   3.6419e+00   8.7406e-01
   2.7959e+00   1.4381e+01   1.5180e+02   5.2024e-04   2.8513e+00   6.7155e-04   2.2049e-04   3.6806e+00   1.2085e+00
   2.7971e+00   1.4382e+01   1.5180e+02   5.2442e-04   2.8709e+00   6.7155e-04   2.1714e-04   3.6764e+00   1.1887e+00
   2.7982e+00   1.4383e+01   1.5180e+02   5.3515e-04   2.9263e+00   8.9541e-04   2.5072e-04   4.8962e+00   1.3709e+00
   2.7994e+00   1.4384e+01   1.5180e+02   5.5706e-04   3.0426e+00   5.5964e-04   1.9363e-04   3.0567e+00   1.0576e+00
   2.8011e+00   1.4386e+01   1.5180e+02   6.2806e-04   3.4244e+00   5.5965e-04   1.9140e-04   3.0514e+00   1.0436e+00
   2.8015e+00   1.4386e+01   1.5180e+02   6.4642e-04   3.5232e+00   4.4772e-04   1.7349e-04   2.4402e+00   9.4558e-01
   2.8017e+00   1.4387e+01   1.5180e+02   6.5384e-04   3.5630e+00   5.5965e-04   1.9923e-04   3.0497e+00   1.0857e+00
   2.8021e+00   1.4387e+01   1.5180e+02   6.6262e-04   3.6094e+00   5.5965e-04   2.1602e-04   3.0485e+00   1.1767e+00
   2.8023e+00   1.4387e+01   1.5180e+02   6.6336e-04   3.6127e+00   5.5965e-04   2.1826e-04   3.0479e+00   1.1887e+00
   2.8029e+00   1.4388e+01   1.5180e+02   6.5234e-04   3.5507e+00   4.4772e-04   1.8692e-04   2.4370e+00   1.0174e+00
   2.8031e+00   1.4388e+01   1.5180e+02   6.4571e-04   3.5139e+00   4.4772e-04   1.8245e-04   2.4365e+00   9.9287e-01
   2.8697e+00   1.4455e+01   1.5181e+02   1.1750e-03   5.9927e+00   4.4794e-04   1.8254e-04   2.2845e+00   9.3094e-01
   2.8755e+00   1.4460e+01   1.5181e+02   1.2915e-03   6.5497e+00   5.5995e-04   1.8926e-04   2.8398e+00   9.5985e-01
   2.8767e+00   1.4462e+01   1.5181e+02   1.3161e-03   6.6673e+00   5.5996e-04   1.8367e-04   2.8367e+00   9.3043e-01
   2.8779e+00   1.4463e+01   1.5181e+02   1.3414e-03   6.7878e+00   5.5996e-04   1.8255e-04   2.8336e+00   9.2375e-01
   2.8790e+00   1.4464e+01   1.5181e+02   1.3672e-03   6.9111e+00   4.4798e-04   1.6351e-04   2.2644e+00   8.2651e-01
   2.8798e+00   1.4465e+01   1.5181e+02   1.3848e-03   6.9949e+00   8.9596e-04   2.3071e-04   4.5255e+00   1.1653e+00
   2.8806e+00   1.4465e+01   1.5181e+02   1.4027e-03   7.0800e+00   5.5998e-04   1.7695e-04   2.8264e+00   8.9314e-01
   2.8813e+00   1.4466e+01   1.5181e+02   1.4209e-03   7.1665e+00   8.9597e-04   2.2287e-04   4.5189e+00   1.1241e+00
   2.8821e+00   1.4467e+01   1.5181e+02   1.4393e-03   7.2542e+00   7.8397e-04   2.0383e-04   3.9512e+00   1.0273e+00
   2.8829e+00   1.4468e+01   1.5181e+02   1.4581e-03   7.3433e+00   8.9598e-04   2.1951e-04   4.5124e+00   1.1055e+00
   2.8836e+00   1.4469e+01   1.5181e+02   1.4771e-03   7.4338e+00   7.8398e-04   1.9600e-04   3.9455e+00   9.8637e-01
   2.8844e+00   1.4469e+01   1.5181e+02   1.4965e-03   7.5257e+00   1.0080e-03   2.1952e-04   5.0691e+00   1.1039e+00
   2.8846e+00   1.4470e+01   1.5181e+02   1.5014e-03   7.5489e+00   1.3440e-03   3.1136e-04   6.7575e+00   1.5655e+00
   2.8848e+00   1.4470e+01   1.5181e+02   1.5063e-03   7.5721e+00   7.8399e-04   3.0688e-04   3.9412e+00   1.5427e+00
   2.8850e+00   1.4470e+01   1.5181e+02   1.5112e-03   7.5955e+00   1.3440e-03   3.9760e-04   6.7551e+00   1.9984e+00
   2.8852e+00   1.4470e+01   1.5181e+02   1.5161e-03   7.6189e+00   1.4560e-03   3.7632e-04   7.3167e+00   1.8911e+00
   2.8854e+00   1.4470e+01   1.5181e+02   1.5211e-03   7.6425e+00   7.8399e-04   2.4416e-04   3.9390e+00   1.2267e+00
   2.8856e+00   1.4470e+01   1.5181e+02   1.5261e-03   7.6661e+00   1.2320e-03   2.8784e-04   6.1888e+00   1.4459e+00
   2.8858e+00   1.4471e+01   1.5181e+02   1.5311e-03   7.6898e+00   1.4560e-03   2.9904e-04   7.3127e+00   1.5019e+00
   2.8860e+00   1.4471e+01   1.5181e+02   1.5361e-03   7.7136e+00   1.4560e-03   2.9232e-04   7.3114e+00   1.4679e+00
   2.8863e+00   1.4471e+01   1.5181e+02   1.5462e-03   7.7614e+00   1.2320e-03   2.5984e-04   6.1843e+00   1.3043e+00
   2.8867e+00   1.4472e+01   1.5181e+02   1.5563e-03   7.8097e+00   1.3440e-03   2.6656e-04   6.7441e+00   1.3376e+00
   2.8874e+00   1.4472e+01   1.5181e+02   1.5743e-03   7.8949e+00   1.5680e-03   2.8112e-04   7.8631e+00   1.4097e+00
   2.8882e+00   1.4473e+01   1.5181e+02   1.5952e-03   7.9937e+00   1.9040e-03   3.0688e-04   9.5412e+00   1.5378e+00
   2.8889e+00   1.4474e+01   1.5181e+02   1.6164e-03   8.0939e+00   1.7920e-03   2.9344e-04   8.9735e+00   1.4694e+00
   2.8897e+00   1.4475e+01   1.5181e+02   1.6379e-03   8.1956e+00   2.4641e-03   3.3825e-04   1.2330e+01   1.6925e+00
   2.8905e+00   1.4475e+01   1.5181e+02   1.6597e-03   8.2987e+00   2.1281e-03   3.1809e-04   1.0641e+01   1.5905e+00
   2.8915e+00   1.4476e+01   1.5181e+02   1.6874e-03   8.4297e+00   2.6881e-03   3.4833e-04   1.3429e+01   1.7401e+00
   2.8926e+00   1.4478e+01   1.5181e+02   1.7214e-03   8.5900e+00   2.9121e-03   3.5730e-04   1.4532e+01   1.7830e+00
   2.8938e+00   1.4479e+01   1.5181e+02   1.7561e-03   8.7536e+00   3.5842e-03   3.8642e-04   1.7866e+01   1.9262e+00
   2.8949e+00   1.4480e+01   1.5181e+02   1.7915e-03   8.9206e+00   3.8082e-03   3.9090e-04   1.8962e+01   1.9464e+00
   2.8961e+00   1.4481e+01   1.5181e+02   1.8278e-03   9.0910e+00   4.8163e-03   4.3571e-04   2.3956e+01   2.1672e+00
   2.8985e+00   1.4483e+01   1.5182e+02   1.9056e-03   9.4566e+00   6.4966e-03   5.0068e-04   3.2240e+01   2.4847e+00
   2.9008e+00   1.4486e+01   1.5182e+02   1.9833e-03   9.8208e+00   7.3928e-03   5.3317e-04   3.6608e+01   2.6402e+00
   2.9020e+00   1.4487e+01   1.5182e+02   2.0232e-03   1.0008e+01   9.0730e-03   5.9815e-04   4.4879e+01   2.9587e+00
   2.9031e+00   1.4488e+01   1.5182e+02   2.0638e-03   1.0197e+01   8.5130e-03   6.2055e-04   4.2064e+01   3.0662e+00
   2.9037e+00   1.4489e+01   1.5182e+02   2.0843e-03   1.0293e+01   8.4010e-03   6.6424e-04   4.1488e+01   3.2803e+00
   2.9041e+00   1.4489e+01   1.5182e+02   2.0981e-03   1.0358e+01   9.5212e-03   7.4825e-04   4.7003e+01   3.6939e+00
   2.9049e+00   1.4490e+01   1.5182e+02   2.1259e-03   1.0487e+01   8.1771e-03   7.7066e-04   4.0338e+01   3.8017e+00
   2.9052e+00   1.4490e+01   1.5182e+02   2.1399e-03   1.0552e+01   9.1852e-03   8.9276e-04   4.5295e+01   4.4025e+00
   2.9056e+00   1.4491e+01   1.5182e+02   2.1539e-03   1.0618e+01   9.9694e-03   9.6781e-04   4.9144e+01   4.7709e+00
   2.9060e+00   1.4491e+01   1.5182e+02   2.1680e-03   1.0683e+01   7.7291e-03   8.7820e-04   3.8087e+01   4.3276e+00
   2.9064e+00   1.4491e+01   1.5182e+02   2.1822e-03   1.0749e+01   9.4093e-03   9.8126e-04   4.6350e+01   4.8337e+00
   2.9068e+00   1.4492e+01   1.5182e+02   2.1964e-03   1.0815e+01   8.5132e-03   9.3758e-04   4.1921e+01   4.6168e+00
   2.9072e+00   1.4492e+01   1.5182e+02   2.2107e-03   1.0882e+01   8.7373e-03   9.4654e-04   4.3009e+01   4.6593e+00
   2.9076e+00   1.4492e+01   1.5182e+02   2.2250e-03   1.0948e+01   8.5133e-03   9.2414e-04   4.1891e+01   4.5474e+00
   2.9085e+00   1.4493e+01   1.5182e+02   2.2610e-03   1.1115e+01   8.0653e-03   8.6926e-04   3.9651e+01   4.2735e+00
   2.9101e+00   1.4495e+01   1.5182e+02   2.3190e-03   1.1384e+01   7.5053e-03   8.0542e-04   3.6844e+01   3.9539e+00
   2.9108e+00   1.4496e+01   1.5182e+02   2.3481e-03   1.1519e+01   7.9534e-03   8.1662e-04   3.9016e+01   4.0060e+00
   2.9117e+00   1.4497e+01   1.5182e+02   2.3809e-03   1.1670e+01   7.3933e-03   7.7182e-04   3.6240e+01   3.7832e+00
   2.9125e+00   1.4497e+01   1.5182e+02   2.4100e-03   1.1804e+01   8.5136e-03   8.0655e-04   4.1701e+01   3.9506e+00
   2.9132e+00   1.4498e+01   1.5182e+02   2.4388e-03   1.1937e+01   7.7295e-03   7.7071e-04   3.7833e+01   3.7723e+00
   2.9140e+00   1.4499e+01   1.5182e+02   2.4675e-03   1.2069e+01   7.0574e-03   7.1918e-04   3.4518e+01   3.5176e+00
   2.9148e+00   1.4500e+01   1.5182e+02   2.4957e-03   1.2198e+01   6.9454e-03   7.0686e-04   3.3946e+01   3.4549e+00
   2.9156e+00   1.4500e+01   1.5182e+02   2.5234e-03   1.2325e+01   7.2815e-03   7.1807e-04   3.5564e+01   3.5071e+00
   2.9163e+00   1.4501e+01   1.5182e+02   2.5503e-03   1.2447e+01   6.8335e-03   6.8783e-04   3.3351e+01   3.3570e+00
   2.9171e+00   1.4502e+01   1.5182e+02   2.5762e-03   1.2564e+01   7.2816e-03   7.0911e-04   3.5513e+01   3.4584e+00
   2.9179e+00   1.4503e+01   1.5182e+02   2.6007e-03   1.2675e+01   6.2734e-03   6.5311e-04   3.0574e+01   3.1830e+00
   2.9184e+00   1.4503e+01   1.5182e+02   2.6179e-03   1.2752e+01   7.0576e-03   6.7887e-04   3.4377e+01   3.3068e+00
   2.9188e+00   1.4504e+01   1.5182e+02   2.6287e-03   1.2800e+01   6.4975e-03   6.3407e-04   3.1638e+01   3.0874e+00
   2.9194e+00   1.4504e+01   1.5182e+02   2.6436e-03   1.2865e+01   7.0577e-03   6.7216e-04   3.4347e+01   3.2711e+00
   2.9202e+00   1.4505e+01   1.5182e+02   2.6605e-03   1.2939e+01   6.9457e-03   6.6432e-04   3.3778e+01   3.2307e+00
   2.9210e+00   1.4506e+01   1.5182e+02   2.6733e-03   1.2991e+01   7.6179e-03   6.7889e-04   3.7020e+01   3.2992e+00
   2.9215e+00   1.4506e+01   1.5182e+02   2.6796e-03   1.3015e+01   7.2818e-03   6.6769e-04   3.5368e+01   3.2430e+00
   2.9223e+00   1.4507e+01   1.5182e+02   2.6844e-03   1.3029e+01   7.2819e-03   6.6881e-04   3.5343e+01   3.2461e+00
   2.9231e+00   1.4508e+01   1.5182e+02   2.6953e-03   1.3072e+01   7.9541e-03   6.8114e-04   3.8578e+01   3.3036e+00
   2.9235e+00   1.4508e+01   1.5182e+02   2.7191e-03   1.3183e+01   7.3939e-03   6.5649e-04   3.5849e+01   3.1829e+00
   2.9243e+00   1.4509e+01   1.5182e+02   3.1075e-03   1.5054e+01   7.5060e-03   6.4417e-04   3.6363e+01   3.1207e+00
   2.9249e+00   1.4510e+01   1.5182e+02   4.8019e-03   2.3250e+01   7.2820e-03   6.4418e-04   3.5259e+01   3.1190e+00
   2.9257e+00   1.4511e+01   1.5182e+02   5.6683e-03   2.7426e+01   9.8588e-03   7.4165e-04   4.7701e+01   3.5884e+00
   2.9262e+00   1.4511e+01   1.5182e+02   4.7064e-03   2.2762e+01   1.3892e-02   9.4779e-04   6.7186e+01   4.5838e+00
   2.9264e+00   1.4511e+01   1.5182e+02   4.4623e-03   2.1577e+01   1.2660e-02   9.2762e-04   6.1215e+01   4.4855e+00
   2.9265e+00   1.4511e+01   1.5182e+02   4.2774e-03   2.0679e+01   1.2660e-02   8.9065e-04   6.1204e+01   4.3059e+00
   2.9267e+00   1.4512e+01   1.5182e+02   4.1358e-03   1.9991e+01   1.1763e-02   8.4248e-04   5.6861e+01   4.0723e+00
   2.9269e+00   1.4512e+01   1.5182e+02   4.0260e-03   1.9457e+01   1.0755e-02   7.9543e-04   5.1978e+01   3.8442e+00
   2.9272e+00   1.4512e+01   1.5182e+02   3.9033e-03   1.8859e+01   9.2987e-03   7.2373e-04   4.4927e+01   3.4967e+00
   2.9276e+00   1.4513e+01   1.5182e+02   3.7916e-03   1.8313e+01   1.0307e-02   7.4502e-04   4.9781e+01   3.5983e+00
   2.9280e+00   1.4513e+01   1.5182e+02   3.7174e-03   1.7948e+01   9.0747e-03   7.0133e-04   4.3814e+01   3.3861e+00
   2.9284e+00   1.4513e+01   1.5182e+02   3.6670e-03   1.7698e+01   9.1867e-03   6.9237e-04   4.4339e+01   3.3416e+00
   2.9288e+00   1.4514e+01   1.5182e+02   3.6325e-03   1.7526e+01   9.5229e-03   7.1365e-04   4.5945e+01   3.4432e+00
   2.9311e+00   1.4516e+01   1.5182e+02   3.5804e-03   1.7237e+01   9.2990e-03   6.8006e-04   4.4769e+01   3.2741e+00
   2.9318e+00   1.4517e+01   1.5182e+02   3.5909e-03   1.7276e+01   9.8592e-03   6.8342e-04   4.7432e+01   3.2879e+00
   2.9334e+00   1.4518e+01   1.5182e+02   3.6322e-03   1.7450e+01   9.6352e-03   6.7671e-04   4.6289e+01   3.2510e+00
   2.9342e+00   1.4519e+01   1.5182e+02   3.6606e-03   1.7574e+01   8.6269e-03   6.2965e-04   4.1416e+01   3.0228e+00
   2.9349e+00   1.4520e+01   1.5182e+02   3.6930e-03   1.7717e+01   9.0751e-03   6.4310e-04   4.3536e+01   3.0852e+00
   2.9357e+00   1.4521e+01   1.5182e+02   3.7286e-03   1.7875e+01   9.2993e-03   6.6215e-04   4.4580e+01   3.1743e+00
   2.9365e+00   1.4521e+01   1.5182e+02   3.7665e-03   1.8044e+01   7.7308e-03   5.8261e-04   3.7034e+01   2.7910e+00
   2.9374e+00   1.4522e+01   1.5182e+02   3.8157e-03   1.8263e+01   6.6104e-03   5.5124e-04   3.1639e+01   2.6384e+00
   2.9387e+00   1.4524e+01   1.5182e+02   3.8802e-03   1.8550e+01   5.4900e-03   4.9971e-04   2.6247e+01   2.3890e+00
   2.9398e+00   1.4525e+01   1.5182e+02   3.9384e-03   1.8809e+01   4.1456e-03   4.2128e-04   1.9798e+01   2.0119e+00
   2.9410e+00   1.4526e+01   1.5182e+02   3.9942e-03   1.9055e+01   3.6974e-03   4.0784e-04   1.7639e+01   1.9457e+00
   2.9433e+00   1.4528e+01   1.5182e+02   4.0974e-03   1.9506e+01   3.0252e-03   3.5967e-04   1.4402e+01   1.7122e+00
   2.9456e+00   1.4531e+01   1.5182e+02   4.1879e-03   1.9894e+01   2.3530e-03   3.1373e-04   1.1178e+01   1.4904e+00
   2.9468e+00   1.4532e+01   1.5182e+02   4.2281e-03   2.0064e+01   1.5687e-03   2.4987e-04   7.4441e+00   1.1857e+00
   2.9479e+00   1.4533e+01   1.5182e+02   4.2655e-03   2.0220e+01   1.4566e-03   2.4427e-04   6.9051e+00   1.1579e+00


