   4.3996e+00   1.4384e+01   0.0000e+00   2.0373e-03   1.1463e+07   1.5549e-03   4.3540e-05   8.7487e+06   2.4498e+05
   4.4040e+00   1.4388e+01   0.0000e+00   1.8192e-03   1.0140e+07   1.3806e-03   4.1830e-05   7.6958e+06   2.3316e+05
   4.4063e+00   1.4390e+01   0.0000e+00   1.7278e-03   9.5819e+06   1.4114e-03   4.0930e-05   7.8271e+06   2.2699e+05
   4.4090e+00   1.4393e+01   0.0000e+00   1.6332e-03   9.0057e+06   1.3793e-03   4.0630e-05   7.6055e+06   2.2404e+05
   4.4118e+00   1.4396e+01   0.0000e+00   1.5506e-03   8.4993e+06   1.3574e-03   4.1480e-05   7.4404e+06   2.2737e+05
   4.4135e+00   1.4398e+01   0.0000e+00   1.5087e-03   8.2393e+06   1.4677e-03   4.6130e-05   8.0153e+06   2.5192e+05
   4.4143e+00   1.4398e+01   0.0000e+00   1.4912e-03   8.1289e+06   1.4200e-03   4.0170e-05   7.7407e+06   2.1898e+05
   4.4195e+00   1.4404e+01   0.0000e+00   1.4120e-03   7.6123e+06   1.4386e-03   3.9500e-05   7.7552e+06   2.1294e+05
   4.4215e+00   1.4406e+01   0.0000e+00   1.3851e-03   7.4352e+06   1.4743e-03   3.8700e-05   7.9138e+06   2.0774e+05
   4.4307e+00   1.4415e+01   0.0000e+00   1.3324e-03   7.0139e+06   1.5045e-03   4.0890e-05   7.9200e+06   2.1525e+05
   4.4476e+00   1.4432e+01   0.0000e+00   1.5246e-03   7.7413e+06   1.5880e-03   3.9200e-05   8.0632e+06   1.9904e+05
   4.4649e+00   1.4449e+01   0.0000e+00   1.8831e-03   9.2186e+06   1.9033e-03   4.7810e-05   9.3174e+06   2.3404e+05
   4.4821e+00   1.4466e+01   0.0000e+00   2.4027e-03   1.1346e+07   2.3470e-03   6.3910e-05   1.1083e+07   3.0179e+05
   4.4902e+00   1.4474e+01   0.0000e+00   2.7187e-03   1.2622e+07   2.9123e-03   7.6370e-05   1.3521e+07   3.5456e+05
   4.4932e+00   1.4477e+01   0.0000e+00   2.8519e-03   1.3156e+07   3.0859e-03   8.7680e-05   1.4236e+07   4.0449e+05
   4.4993e+00   1.4483e+01   0.0000e+00   3.1442e-03   1.4323e+07   3.8917e-03   1.1847e-04   1.7728e+07   5.3967e+05
   4.5077e+00   1.4492e+01   0.0000e+00   3.6283e-03   1.6242e+07   4.9003e-03   1.4473e-04   2.1936e+07   6.4787e+05
   4.5121e+00   1.4496e+01   0.0000e+00   3.9271e-03   1.7421e+07   5.5018e-03   1.6975e-04   2.4406e+07   7.5301e+05
   4.5163e+00   1.4500e+01   0.0000e+00   4.2506e-03   1.8691e+07   6.0009e-03   1.7842e-04   2.6388e+07   7.8456e+05
   4.5206e+00   1.4505e+01   0.0000e+00   4.5783e-03   1.9955e+07   7.3851e-03   2.0949e-04   3.2189e+07   9.1309e+05
   4.5206e+00   1.4505e+01   0.0000e+00   4.5817e-03   1.9968e+07   7.3741e-03   1.9286e-04   3.2138e+07   8.4052e+05
   4.5247e+00   1.4509e+01   0.0000e+00   4.7513e-03   2.0532e+07   1.2013e-02   3.1588e-04   5.1915e+07   1.3650e+06
   4.5291e+00   1.4513e+01   0.0000e+00   1.3830e-02   5.9225e+07   1.5092e-02   3.8979e-04   6.4627e+07   1.6692e+06
   4.5336e+00   1.4518e+01   0.0000e+00   1.8407e-02   7.8103e+07   1.9639e-02   4.6620e-04   8.3332e+07   1.9781e+06
   4.5360e+00   1.4520e+01   0.0000e+00   2.0714e-02   8.7462e+07   2.2193e-02   5.2342e-04   9.3709e+07   2.2101e+06
   4.5400e+00   1.4524e+01   0.0000e+00   2.4020e-02   1.0058e+08   2.2208e-02   5.0601e-04   9.2993e+07   2.1188e+06
   4.5418e+00   1.4526e+01   0.0000e+00   2.5123e-02   1.0482e+08   2.1940e-02   5.0978e-04   9.1538e+07   2.1269e+06
   4.5441e+00   1.4528e+01   0.0000e+00   2.6316e-02   1.0929e+08   2.2667e-02   5.1968e-04   9.4134e+07   2.1581e+06
   4.5491e+00   1.4533e+01   0.0000e+00   1.8682e-02   7.6791e+07   1.8086e-02   4.0530e-04   7.4340e+07   1.6659e+06
   4.5531e+00   1.4537e+01   0.0000e+00   1.5409e-02   6.2821e+07   1.4060e-02   3.1992e-04   5.7323e+07   1.3043e+06
   4.5570e+00   1.4541e+01   0.0000e+00   1.1822e-02   4.7808e+07   1.0542e-02   2.4220e-04   4.2632e+07   9.7946e+05
   4.5616e+00   1.4546e+01   0.0000e+00   8.6292e-03   3.4575e+07   7.6958e-03   1.7751e-04   3.0836e+07   7.1125e+05
   4.5658e+00   1.4550e+01   0.0000e+00   6.7732e-03   2.6909e+07   5.6381e-03   1.3408e-04   2.2399e+07   5.3269e+05
   4.5702e+00   1.4554e+01   0.0000e+00   5.4747e-03   2.1554e+07   4.3947e-03   1.1005e-04   1.7302e+07   4.3327e+05
   4.5702e+00   1.4554e+01   0.0000e+00   5.4687e-03   2.1529e+07   4.5933e-03   1.0847e-04   1.8083e+07   4.2703e+05
   4.5741e+00   1.4558e+01   0.0000e+00   4.8233e-03   1.8839e+07   4.2090e-03   9.7140e-05   1.6439e+07   3.7940e+05
   4.5787e+00   1.4563e+01   0.0000e+00   4.4808e-03   1.7341e+07   3.8664e-03   8.9780e-05   1.4963e+07   3.4746e+05
   4.5788e+00   1.4563e+01   0.0000e+00   4.4689e-03   1.7289e+07   3.8636e-03   8.7590e-05   1.4948e+07   3.3887e+05
   4.5823e+00   1.4566e+01   0.0000e+00   4.2119e-03   1.6182e+07   3.4712e-03   7.9210e-05   1.3336e+07   3.0433e+05
   4.5834e+00   1.4568e+01   0.0000e+00   4.1274e-03   1.5821e+07   3.4397e-03   7.6620e-05   1.3185e+07   2.9370e+05
   4.5837e+00   1.4568e+01   0.0000e+00   4.1070e-03   1.5734e+07   3.3825e-03   7.5360e-05   1.2959e+07   2.8871e+05
   4.5866e+00   1.4571e+01   0.0000e+00   3.8915e-03   1.4819e+07   3.4766e-03   8.4310e-05   1.3239e+07   3.2106e+05
   4.5880e+00   1.4572e+01   0.0000e+00   3.7994e-03   1.4430e+07   3.3027e-03   7.2670e-05   1.2543e+07   2.7600e+05
   4.5916e+00   1.4576e+01   0.0000e+00   3.5616e-03   1.3427e+07   4.0132e-03   9.8710e-05   1.5129e+07   3.7212e+05
   4.5933e+00   1.4577e+01   0.0000e+00   3.4646e-03   1.3017e+07   3.8332e-03   9.4640e-05   1.4402e+07   3.5558e+05
   4.5951e+00   1.4579e+01   0.0000e+00   3.3681e-03   1.2610e+07   3.8169e-03   9.4250e-05   1.4290e+07   3.5286e+05
   4.5968e+00   1.4581e+01   0.0000e+00   3.2831e-03   1.2250e+07   3.7080e-03   9.1850e-05   1.3835e+07   3.4271e+05
   4.5986e+00   1.4583e+01   0.0000e+00   3.1969e-03   1.1883e+07   3.6842e-03   9.2530e-05   1.3694e+07   3.4394e+05
   4.6003e+00   1.4584e+01   0.0000e+00   3.1262e-03   1.1581e+07   3.7501e-03   8.6790e-05   1.3892e+07   3.2150e+05
   4.6017e+00   1.4586e+01   0.0000e+00   3.0742e-03   1.1356e+07   3.7010e-03   9.0580e-05   1.3672e+07   3.3461e+05
   4.6061e+00   1.4590e+01   0.0000e+00   2.9372e-03   1.0754e+07   3.3150e-03   7.4290e-05   1.2138e+07   2.7201e+05
   4.6107e+00   1.4595e+01   0.0000e+00   2.8376e-03   1.0296e+07   2.8797e-03   6.4390e-05   1.0449e+07   2.3363e+05
   4.6131e+00   1.4597e+01   0.0000e+00   2.7984e-03   1.0104e+07   2.7796e-03   6.1100e-05   1.0037e+07   2.2062e+05
   4.6135e+00   1.4598e+01   0.0000e+00   2.7933e-03   1.0079e+07   2.8571e-03   6.2290e-05   1.0309e+07   2.2475e+05
   4.6139e+00   1.4598e+01   0.0000e+00   2.7872e-03   1.0048e+07   2.7823e-03   6.0360e-05   1.0030e+07   2.1759e+05
   4.6157e+00   1.4600e+01   0.0000e+00   2.7652e-03   9.9324e+06   2.7246e-03   5.8980e-05   9.7866e+06   2.1185e+05
   4.6190e+00   1.4603e+01   0.0000e+00   2.7332e-03   9.7524e+06   2.7102e-03   5.7990e-05   9.6702e+06   2.0691e+05
   4.6218e+00   1.4606e+01   0.0000e+00   2.7138e-03   9.6298e+06   2.7442e-03   5.8690e-05   9.7375e+06   2.0826e+05
   4.6307e+00   1.4615e+01   0.0000e+00   2.6758e-03   9.3288e+06   2.9109e-03   6.2310e-05   1.0148e+07   2.1723e+05
   4.6398e+00   1.4624e+01   0.0000e+00   2.6487e-03   9.0681e+06   2.9187e-03   6.2670e-05   9.9924e+06   2.1455e+05
   4.6486e+00   1.4633e+01   0.0000e+00   2.6172e-03   8.8049e+06   2.7903e-03   6.0010e-05   9.3873e+06   2.0189e+05
   4.6581e+00   1.4642e+01   0.0000e+00   2.5715e-03   8.4908e+06   2.8675e-03   6.0880e-05   9.4682e+06   2.0102e+05
   4.6614e+00   1.4646e+01   0.0000e+00   2.5527e-03   8.3741e+06   2.9917e-03   6.3850e-05   9.8143e+06   2.0946e+05


