   2.7959e+00   1.4381e+01   9.2139e+01   9.4402e-02   5.1739e+02   1.1728e-01   3.5185e-03   6.4279e+02   1.9284e+01
   2.7971e+00   1.4382e+01   9.2139e+01   9.4621e-02   5.1800e+02   1.2219e-01   3.6656e-03   6.6890e+02   2.0067e+01
   2.7982e+00   1.4383e+01   9.2139e+01   9.4856e-02   5.1869e+02   1.1788e-01   3.5365e-03   6.4460e+02   1.9338e+01
   2.7994e+00   1.4384e+01   9.2139e+01   9.5160e-02   5.1975e+02   1.2058e-01   3.6175e-03   6.5861e+02   1.9758e+01
   2.8005e+00   1.4385e+01   9.2139e+01   9.5654e-02   5.2184e+02   1.1888e-01   3.5665e-03   6.4857e+02   1.9457e+01
   2.8007e+00   1.4386e+01   9.2139e+01   9.5767e-02   5.2236e+02   1.2188e-01   3.6565e-03   6.6482e+02   1.9945e+01
   2.8009e+00   1.4386e+01   9.2139e+01   9.5890e-02   5.2293e+02   1.1488e-01   3.4464e-03   6.2649e+02   1.8795e+01
   2.8011e+00   1.4386e+01   9.2139e+01   9.6021e-02   5.2355e+02   1.1228e-01   3.3683e-03   6.1219e+02   1.8366e+01
   2.8013e+00   1.4386e+01   9.2139e+01   9.6159e-02   5.2420e+02   1.0978e-01   3.2933e-03   5.9843e+02   1.7953e+01
   2.8015e+00   1.4386e+01   9.2139e+01   9.6298e-02   5.2486e+02   1.0557e-01   3.1672e-03   5.7541e+02   1.7262e+01
   2.8017e+00   1.4387e+01   9.2139e+01   9.6435e-02   5.2550e+02   1.0918e-01   3.2753e-03   5.9493e+02   1.7848e+01
   2.8019e+00   1.4387e+01   9.2139e+01   9.6562e-02   5.2609e+02   1.0297e-01   3.0892e-03   5.6101e+02   1.6830e+01
   2.8021e+00   1.4387e+01   9.2139e+01   9.6675e-02   5.2661e+02   1.0958e-01   3.2873e-03   5.9688e+02   1.7906e+01
   2.8023e+00   1.4387e+01   9.2139e+01   9.6769e-02   5.2702e+02   1.0467e-01   3.1402e-03   5.7006e+02   1.7102e+01
   2.8025e+00   1.4387e+01   9.2139e+01   9.6842e-02   5.2731e+02   1.1338e-01   3.4014e-03   6.1736e+02   1.8521e+01
   2.8027e+00   1.4388e+01   9.2139e+01   9.6892e-02   5.2749e+02   1.2158e-01   3.6475e-03   6.6191e+02   1.9857e+01
   2.8029e+00   1.4388e+01   9.2139e+01   9.6923e-02   5.2755e+02   1.2889e-01   3.8667e-03   7.0155e+02   2.1046e+01
   2.8031e+00   1.4388e+01   9.2139e+01   9.6936e-02   5.2752e+02   1.3099e-01   3.9297e-03   7.1285e+02   2.1386e+01
   2.8032e+00   1.4388e+01   9.2139e+01   9.6937e-02   5.2743e+02   1.2769e-01   3.8307e-03   6.9475e+02   2.0842e+01
   2.8036e+00   1.4389e+01   9.2139e+01   9.6916e-02   5.2711e+02   1.2689e-01   3.8067e-03   6.9013e+02   2.0704e+01
   2.8040e+00   1.4389e+01   9.2139e+01   9.6884e-02   5.2673e+02   1.2669e-01   3.8006e-03   6.8877e+02   2.0663e+01
   2.8044e+00   1.4389e+01   9.2139e+01   9.6856e-02   5.2638e+02   1.2359e-01   3.7076e-03   6.7165e+02   2.0150e+01
   2.8050e+00   1.4390e+01   9.2139e+01   9.6836e-02   5.2597e+02   1.2409e-01   3.7226e-03   6.7398e+02   2.0219e+01
   2.8058e+00   1.4391e+01   9.2139e+01   9.6854e-02   5.2567e+02   1.2649e-01   3.7946e-03   6.8650e+02   2.0595e+01
   2.8065e+00   1.4391e+01   9.2139e+01   9.6918e-02   5.2561e+02   1.2259e-01   3.6776e-03   6.6481e+02   1.9944e+01
   2.8073e+00   1.4392e+01   9.2139e+01   9.7021e-02   5.2577e+02   1.1948e-01   3.5845e-03   6.4749e+02   1.9425e+01
   2.8081e+00   1.4393e+01   9.2139e+01   9.7161e-02   5.2612e+02   1.2058e-01   3.6175e-03   6.5296e+02   1.9589e+01
   2.8088e+00   1.4394e+01   9.2139e+01   9.7349e-02   5.2674e+02   1.2078e-01   3.6235e-03   6.5354e+02   1.9606e+01
   2.8097e+00   1.4395e+01   9.2139e+01   9.7673e-02   5.2804e+02   1.1918e-01   3.5755e-03   6.4433e+02   1.9330e+01
   2.8103e+00   1.4395e+01   9.2139e+01   9.8096e-02   5.3002e+02   1.1788e-01   3.5365e-03   6.3693e+02   1.9108e+01
   2.8107e+00   1.4396e+01   9.2139e+01   9.8765e-02   5.3343e+02   1.1708e-01   3.5124e-03   6.3236e+02   1.8971e+01
   2.8111e+00   1.4396e+01   9.2139e+01   1.0154e-01   5.4819e+02   1.1408e-01   3.4224e-03   6.1591e+02   1.8477e+01
   2.8114e+00   1.4396e+01   9.2139e+01   9.4354e-02   5.0922e+02   1.1888e-01   3.5665e-03   6.4160e+02   1.9248e+01
   2.8116e+00   1.4397e+01   9.2139e+01   9.5710e-02   5.1644e+02   1.2219e-01   3.6656e-03   6.5930e+02   1.9779e+01
   2.8118e+00   1.4397e+01   9.2139e+01   9.6281e-02   5.1942e+02   1.1728e-01   3.5185e-03   6.3272e+02   1.8982e+01
   2.8120e+00   1.4397e+01   9.2139e+01   9.6604e-02   5.2107e+02   1.2048e-01   3.6145e-03   6.4987e+02   1.9496e+01
   2.8122e+00   1.4397e+01   9.2139e+01   9.6819e-02   5.2213e+02   1.1798e-01   3.5395e-03   6.3625e+02   1.9088e+01
   2.8124e+00   1.4397e+01   9.2139e+01   9.6978e-02   5.2288e+02   1.1468e-01   3.4404e-03   6.1833e+02   1.8550e+01
   2.8126e+00   1.4397e+01   9.2139e+01   9.7103e-02   5.2346e+02   1.1758e-01   3.5275e-03   6.3385e+02   1.9016e+01
   2.8128e+00   1.4398e+01   9.2139e+01   9.7207e-02   5.2392e+02   1.2138e-01   3.6415e-03   6.5423e+02   1.9627e+01
   2.8132e+00   1.4398e+01   9.2139e+01   9.7376e-02   5.2463e+02   1.1818e-01   3.5455e-03   6.3673e+02   1.9102e+01
   2.8136e+00   1.4398e+01   9.2139e+01   9.7515e-02   5.2518e+02   1.1678e-01   3.5034e-03   6.2894e+02   1.8868e+01
   2.8139e+00   1.4399e+01   9.2139e+01   9.7637e-02   5.2564e+02   1.1768e-01   3.5305e-03   6.3355e+02   1.9006e+01
   2.8145e+00   1.4399e+01   9.2139e+01   9.7801e-02   5.2622e+02   1.1898e-01   3.5695e-03   6.4019e+02   1.9206e+01
   2.8153e+00   1.4400e+01   9.2139e+01   9.8000e-02   5.2689e+02   1.1798e-01   3.5395e-03   6.3432e+02   1.9030e+01
   2.8161e+00   1.4401e+01   9.2139e+01   9.8187e-02   5.2749e+02   1.1898e-01   3.5695e-03   6.3921e+02   1.9176e+01
   2.8172e+00   1.4402e+01   9.2139e+01   9.8457e-02   5.2834e+02   1.1828e-01   3.5485e-03   6.3473e+02   1.9042e+01
   2.8184e+00   1.4403e+01   9.2139e+01   9.8721e-02   5.2915e+02   1.1548e-01   3.4644e-03   6.1898e+02   1.8570e+01
   2.8195e+00   1.4404e+01   9.2139e+01   9.8981e-02   5.2994e+02   1.1348e-01   3.4044e-03   6.0756e+02   1.8227e+01
   2.8207e+00   1.4406e+01   9.2139e+01   9.9240e-02   5.3072e+02   1.1418e-01   3.4254e-03   6.1062e+02   1.8319e+01
   2.8219e+00   1.4407e+01   9.2139e+01   9.9497e-02   5.3150e+02   1.1028e-01   3.3083e-03   5.8908e+02   1.7672e+01
   2.8231e+00   1.4408e+01   9.2139e+01   9.9776e-02   5.3233e+02   1.1188e-01   3.3563e-03   5.9690e+02   1.7907e+01
   2.8243e+00   1.4409e+01   9.2139e+01   1.0003e-01   5.3310e+02   1.0487e-01   3.1462e-03   5.5889e+02   1.6767e+01
   2.8254e+00   1.4410e+01   9.2139e+01   1.0029e-01   5.3386e+02   1.0297e-01   3.0892e-03   5.4813e+02   1.6444e+01
   2.8266e+00   1.4411e+01   9.2139e+01   1.0055e-01   5.3461e+02   1.0397e-01   3.1192e-03   5.5283e+02   1.6585e+01
   2.8277e+00   1.4413e+01   9.2139e+01   1.0080e-01   5.3537e+02   9.9770e-02   2.9931e-03   5.2988e+02   1.5897e+01
   2.8289e+00   1.4414e+01   9.2139e+01   1.0106e-01   5.3611e+02   9.9669e-02   2.9901e-03   5.2875e+02   1.5863e+01
   2.8300e+00   1.4415e+01   9.2139e+01   1.0131e-01   5.3686e+02   9.9669e-02   2.9901e-03   5.2816e+02   1.5845e+01
   2.8312e+00   1.4416e+01   9.2139e+01   1.0156e-01   5.3759e+02   9.8669e-02   2.9601e-03   5.2226e+02   1.5668e+01
   2.8324e+00   1.4417e+01   9.2139e+01   1.0182e-01   5.3832e+02   9.6567e-02   2.8970e-03   5.1056e+02   1.5317e+01
   2.8335e+00   1.4418e+01   9.2139e+01   1.0207e-01   5.3904e+02   9.1464e-02   2.7439e-03   4.8303e+02   1.4491e+01
   2.8347e+00   1.4420e+01   9.2139e+01   1.0232e-01   5.3976e+02   9.2965e-02   2.7889e-03   4.9041e+02   1.4712e+01
   2.8359e+00   1.4421e+01   9.2139e+01   1.0259e-01   5.4052e+02   8.8662e-02   2.6599e-03   4.6714e+02   1.4014e+01
   2.8371e+00   1.4422e+01   9.2139e+01   1.0284e-01   5.4122e+02   8.7061e-02   2.6118e-03   4.5818e+02   1.3746e+01
   2.8382e+00   1.4423e+01   9.2139e+01   1.0309e-01   5.4191e+02   8.1157e-02   2.4347e-03   4.2663e+02   1.2799e+01
   2.8394e+00   1.4424e+01   9.2139e+01   1.0333e-01   5.4259e+02   8.2658e-02   2.4797e-03   4.3403e+02   1.3021e+01
   2.8406e+00   1.4425e+01   9.2139e+01   1.0358e-01   5.4326e+02   7.8755e-02   2.3626e-03   4.1307e+02   1.2392e+01
   2.8417e+00   1.4427e+01   9.2139e+01   1.0382e-01   5.4392e+02   8.3758e-02   2.5128e-03   4.3882e+02   1.3165e+01
   2.8429e+00   1.4428e+01   9.2139e+01   1.0406e-01   5.4457e+02   8.5259e-02   2.5578e-03   4.4619e+02   1.3386e+01
   2.8440e+00   1.4429e+01   9.2139e+01   1.0430e-01   5.4521e+02   8.5159e-02   2.5548e-03   4.4516e+02   1.3355e+01
   2.8452e+00   1.4430e+01   9.2139e+01   1.0454e-01   5.4584e+02   8.8762e-02   2.6629e-03   4.6348e+02   1.3904e+01
   2.8463e+00   1.4431e+01   9.2139e+01   1.0477e-01   5.4646e+02   9.0463e-02   2.7139e-03   4.7183e+02   1.4155e+01
   2.8476e+00   1.4432e+01   9.2139e+01   1.0503e-01   5.4712e+02   1.0287e-01   3.0862e-03   5.3590e+02   1.6077e+01
   2.8487e+00   1.4434e+01   9.2139e+01   1.0526e-01   5.4771e+02   1.0537e-01   3.1612e-03   5.4832e+02   1.6450e+01
   2.8499e+00   1.4435e+01   9.2139e+01   1.0549e-01   5.4830e+02   1.1458e-01   3.4374e-03   5.9556e+02   1.7867e+01
   2.8511e+00   1.4436e+01   9.2139e+01   1.0572e-01   5.4887e+02   1.1958e-01   3.5875e-03   6.2087e+02   1.8626e+01
   2.8522e+00   1.4437e+01   9.2139e+01   1.0594e-01   5.4943e+02   1.2219e-01   3.6656e-03   6.3367e+02   1.9010e+01
   2.8534e+00   1.4438e+01   9.2139e+01   1.0617e-01   5.4998e+02   1.3029e-01   3.9087e-03   6.7495e+02   2.0249e+01
   2.8545e+00   1.4439e+01   9.2139e+01   1.0639e-01   5.5052e+02   1.3169e-01   3.9508e-03   6.8145e+02   2.0444e+01
   2.8557e+00   1.4441e+01   9.2139e+01   1.0661e-01   5.5105e+02   1.2989e-01   3.8967e-03   6.7138e+02   2.0141e+01
   2.8568e+00   1.4442e+01   9.2139e+01   1.0683e-01   5.5156e+02   1.4060e-01   4.2179e-03   7.2592e+02   2.1778e+01
   2.8580e+00   1.4443e+01   9.2139e+01   1.0704e-01   5.5206e+02   1.3800e-01   4.1399e-03   7.1169e+02   2.1351e+01
   2.8592e+00   1.4444e+01   9.2139e+01   1.0726e-01   5.5255e+02   1.4170e-01   4.2510e-03   7.2997e+02   2.1899e+01
   2.8604e+00   1.4445e+01   9.2139e+01   1.0749e-01   5.5307e+02   1.3740e-01   4.1219e-03   7.0696e+02   2.1209e+01
   2.8616e+00   1.4446e+01   9.2139e+01   1.0770e-01   5.5353e+02   1.3299e-01   3.9898e-03   6.8354e+02   2.0506e+01
   2.8627e+00   1.4448e+01   9.2139e+01   1.0791e-01   5.5398e+02   1.3499e-01   4.0498e-03   6.9306e+02   2.0792e+01
   2.8639e+00   1.4449e+01   9.2139e+01   1.0811e-01   5.5442e+02   1.4060e-01   4.2179e-03   7.2103e+02   2.1631e+01
   2.8650e+00   1.4450e+01   9.2139e+01   1.0831e-01   5.5485e+02   1.3640e-01   4.0919e-03   6.9870e+02   2.0961e+01
   2.8662e+00   1.4451e+01   9.2139e+01   1.0851e-01   5.5526e+02   1.3169e-01   3.9508e-03   6.7386e+02   2.0216e+01
   2.8674e+00   1.4452e+01   9.2139e+01   1.0871e-01   5.5566e+02   1.3579e-01   4.0738e-03   6.9408e+02   2.0823e+01
   2.8685e+00   1.4453e+01   9.2139e+01   1.0891e-01   5.5605e+02   1.3529e-01   4.0588e-03   6.9076e+02   2.0723e+01
   2.8697e+00   1.4455e+01   9.2139e+01   1.0910e-01   5.5642e+02   1.3419e-01   4.0258e-03   6.8438e+02   2.0532e+01
   2.8708e+00   1.4456e+01   9.2139e+01   1.0929e-01   5.5678e+02   1.3169e-01   3.9508e-03   6.7088e+02   2.0127e+01
   2.8720e+00   1.4457e+01   9.2139e+01   1.0948e-01   5.5713e+02   1.3359e-01   4.0078e-03   6.7982e+02   2.0395e+01
   2.8731e+00   1.4458e+01   9.2139e+01   1.0967e-01   5.5746e+02   1.3419e-01   4.0258e-03   6.8212e+02   2.0464e+01
   2.8744e+00   1.4459e+01   9.2139e+01   1.0987e-01   5.5780e+02   1.2749e-01   3.8247e-03   6.4727e+02   1.9418e+01
   2.8755e+00   1.4460e+01   9.2139e+01   1.1005e-01   5.5810e+02   1.2899e-01   3.8697e-03   6.5417e+02   1.9625e+01
   2.8767e+00   1.4462e+01   9.2139e+01   1.1023e-01   5.5839e+02   1.2629e-01   3.7886e-03   6.3976e+02   1.9193e+01
   2.8779e+00   1.4463e+01   9.2139e+01   1.1040e-01   5.5866e+02   1.2719e-01   3.8157e-03   6.4361e+02   1.9308e+01
   2.8790e+00   1.4464e+01   9.2139e+01   1.1057e-01   5.5891e+02   1.2499e-01   3.7496e-03   6.3178e+02   1.8953e+01
   2.8798e+00   1.4465e+01   9.2139e+01   1.1068e-01   5.5907e+02   1.2599e-01   3.7796e-03   6.3637e+02   1.9091e+01
   2.8806e+00   1.4465e+01   9.2139e+01   1.1079e-01   5.5921e+02   1.1788e-01   3.5365e-03   5.9499e+02   1.7850e+01
   2.8813e+00   1.4466e+01   9.2139e+01   1.1090e-01   5.5935e+02   1.2449e-01   3.7346e-03   6.2787e+02   1.8836e+01
   2.8821e+00   1.4467e+01   9.2139e+01   1.1101e-01   5.5948e+02   1.2229e-01   3.6686e-03   6.1631e+02   1.8489e+01
   2.8829e+00   1.4468e+01   9.2139e+01   1.1111e-01   5.5960e+02   1.2299e-01   3.6896e-03   6.1939e+02   1.8582e+01
   2.8836e+00   1.4469e+01   9.2139e+01   1.1122e-01   5.5971e+02   1.2369e-01   3.7106e-03   6.2246e+02   1.8674e+01
   2.8844e+00   1.4469e+01   9.2139e+01   1.1132e-01   5.5980e+02   1.2379e-01   3.7136e-03   6.2251e+02   1.8675e+01
   2.8846e+00   1.4470e+01   9.2139e+01   1.1134e-01   5.5982e+02   1.2839e-01   3.8517e-03   6.4554e+02   1.9366e+01
   2.8848e+00   1.4470e+01   9.2139e+01   1.1136e-01   5.5984e+02   1.3640e-01   4.0919e-03   6.8567e+02   2.0570e+01
   2.8850e+00   1.4470e+01   9.2139e+01   1.1139e-01   5.5986e+02   1.2909e-01   3.8727e-03   6.4883e+02   1.9465e+01
   2.8852e+00   1.4470e+01   9.2139e+01   1.1141e-01   5.5988e+02   1.2529e-01   3.7586e-03   6.2960e+02   1.8888e+01
   2.8854e+00   1.4470e+01   9.2139e+01   1.1144e-01   5.5990e+02   1.1798e-01   3.5395e-03   5.9278e+02   1.7783e+01
   2.8856e+00   1.4470e+01   9.2139e+01   1.1146e-01   5.5991e+02   1.1748e-01   3.5245e-03   5.9016e+02   1.7705e+01
   2.8858e+00   1.4471e+01   9.2139e+01   1.1148e-01   5.5993e+02   1.1738e-01   3.5215e-03   5.8955e+02   1.7687e+01
   2.8860e+00   1.4471e+01   9.2139e+01   1.1151e-01   5.5994e+02   1.1308e-01   3.3924e-03   5.6784e+02   1.7035e+01
   2.8863e+00   1.4471e+01   9.2139e+01   1.1155e-01   5.5997e+02   1.1758e-01   3.5275e-03   5.9023e+02   1.7707e+01
   2.8867e+00   1.4472e+01   9.2139e+01   1.1160e-01   5.5999e+02   1.2178e-01   3.6535e-03   6.1111e+02   1.8333e+01
   2.8874e+00   1.4472e+01   9.2139e+01   1.1167e-01   5.6002e+02   1.1438e-01   3.4314e-03   5.7358e+02   1.7208e+01
   2.8882e+00   1.4473e+01   9.2139e+01   1.1176e-01   5.6003e+02   1.1328e-01   3.3984e-03   5.6765e+02   1.7029e+01
   2.8889e+00   1.4474e+01   9.2139e+01   1.1184e-01   5.6001e+02   1.1328e-01   3.3984e-03   5.6724e+02   1.7017e+01
   2.8897e+00   1.4475e+01   9.2139e+01   1.1191e-01   5.5997e+02   1.1078e-01   3.3233e-03   5.5430e+02   1.6629e+01
   2.8905e+00   1.4475e+01   9.2139e+01   1.1198e-01   5.5990e+02   1.0818e-01   3.2453e-03   5.4089e+02   1.6227e+01
   2.8915e+00   1.4476e+01   9.2139e+01   1.1205e-01   5.5975e+02   1.0507e-01   3.1522e-03   5.2490e+02   1.5747e+01
   2.8926e+00   1.4478e+01   9.2139e+01   1.1212e-01   5.5949e+02   1.0337e-01   3.1012e-03   5.1584e+02   1.5475e+01
   2.8938e+00   1.4479e+01   9.2139e+01   1.1216e-01   5.5910e+02   1.0267e-01   3.0801e-03   5.1179e+02   1.5354e+01
   2.8949e+00   1.4480e+01   9.2139e+01   1.1217e-01   5.5854e+02   1.0287e-01   3.0862e-03   5.1223e+02   1.5367e+01
   2.8961e+00   1.4481e+01   9.2139e+01   1.1214e-01   5.5779e+02   9.5767e-02   2.8730e-03   4.7633e+02   1.4290e+01
   2.8972e+00   1.4482e+01   9.2139e+01   1.1206e-01   5.5678e+02   9.2364e-02   2.7709e-03   4.5891e+02   1.3767e+01
   2.8985e+00   1.4483e+01   9.2139e+01   1.1191e-01   5.5538e+02   8.8262e-02   2.6478e-03   4.3801e+02   1.3140e+01
   2.9008e+00   1.4486e+01   9.2139e+01   1.1156e-01   5.5243e+02   7.7254e-02   2.3176e-03   3.8255e+02   1.1476e+01
   2.9020e+00   1.4487e+01   9.2139e+01   1.1158e-01   5.5191e+02   7.0749e-02   2.1225e-03   3.4996e+02   1.0499e+01
   2.9031e+00   1.4488e+01   9.2139e+01   1.1206e-01   5.5370e+02   6.6446e-02   1.9934e-03   3.2832e+02   9.8496e+00
   2.9037e+00   1.4489e+01   9.2139e+01   1.1254e-01   5.5580e+02   6.1043e-02   1.8313e-03   3.0145e+02   9.0436e+00
   2.9041e+00   1.4489e+01   9.2139e+01   1.1295e-01   5.5761e+02   6.0842e-02   1.8253e-03   3.0036e+02   9.0107e+00
   2.9045e+00   1.4489e+01   9.2139e+01   1.1341e-01   5.5968e+02   5.9742e-02   1.7922e-03   2.9482e+02   8.8445e+00
   2.9049e+00   1.4490e+01   9.2139e+01   1.1391e-01   5.6191e+02   6.6046e-02   1.9814e-03   3.2581e+02   9.7743e+00
   2.9052e+00   1.4490e+01   9.2139e+01   1.1441e-01   5.6418e+02   7.0549e-02   2.1165e-03   3.4790e+02   1.0437e+01
   2.9056e+00   1.4491e+01   9.2139e+01   1.1490e-01   5.6642e+02   8.3358e-02   2.5007e-03   4.1092e+02   1.2328e+01
   2.9060e+00   1.4491e+01   9.2139e+01   1.1537e-01   5.6853e+02   9.4566e-02   2.8370e-03   4.6600e+02   1.3980e+01
   2.9064e+00   1.4491e+01   9.2139e+01   1.1581e-01   5.7048e+02   9.7968e-02   2.9390e-03   4.8259e+02   1.4478e+01
   2.9068e+00   1.4492e+01   9.2139e+01   1.1621e-01   5.7224e+02   1.0477e-01   3.1432e-03   5.1592e+02   1.5478e+01
   2.9072e+00   1.4492e+01   9.2139e+01   1.1657e-01   5.7380e+02   1.1708e-01   3.5124e-03   5.7633e+02   1.7290e+01
   2.9076e+00   1.4492e+01   9.2139e+01   1.1689e-01   5.7518e+02   1.1978e-01   3.5935e-03   5.8941e+02   1.7682e+01
   2.9085e+00   1.4493e+01   9.2139e+01   1.1756e-01   5.7795e+02   1.2519e-01   3.7556e-03   6.1545e+02   1.8463e+01
   2.9093e+00   1.4494e+01   9.2139e+01   1.1799e-01   5.7963e+02   1.2469e-01   3.7406e-03   6.1255e+02   1.8376e+01
   2.9101e+00   1.4495e+01   9.2139e+01   1.1835e-01   5.8100e+02   1.3049e-01   3.9147e-03   6.4060e+02   1.9218e+01
   2.9108e+00   1.4496e+01   9.2139e+01   1.1868e-01   5.8218e+02   1.3499e-01   4.0498e-03   6.6223e+02   1.9867e+01
   2.9117e+00   1.4497e+01   9.2139e+01   1.1902e-01   5.8338e+02   1.3219e-01   3.9658e-03   6.4796e+02   1.9439e+01
   2.9125e+00   1.4497e+01   9.2139e+01   1.1931e-01   5.8440e+02   1.3720e-01   4.1159e-03   6.7200e+02   2.0160e+01
   2.9132e+00   1.4498e+01   9.2139e+01   1.1961e-01   5.8542e+02   1.3469e-01   4.0408e-03   6.5928e+02   1.9778e+01
   2.9140e+00   1.4499e+01   9.2139e+01   1.1991e-01   5.8648e+02   1.3579e-01   4.0738e-03   6.6419e+02   1.9926e+01
   2.9148e+00   1.4500e+01   9.2139e+01   1.2022e-01   5.8760e+02   1.3329e-01   3.9988e-03   6.5148e+02   1.9544e+01
   2.9156e+00   1.4500e+01   9.2139e+01   1.2056e-01   5.8881e+02   1.3269e-01   3.9808e-03   6.4808e+02   1.9442e+01
   2.9163e+00   1.4501e+01   9.2139e+01   1.2091e-01   5.9012e+02   1.3309e-01   3.9928e-03   6.4957e+02   1.9487e+01
   2.9171e+00   1.4502e+01   9.2139e+01   1.2129e-01   5.9155e+02   1.3319e-01   3.9958e-03   6.4959e+02   1.9488e+01
   2.9179e+00   1.4503e+01   9.2139e+01   1.2171e-01   5.9314e+02   1.3249e-01   3.9748e-03   6.4571e+02   1.9371e+01
   2.9184e+00   1.4503e+01   9.2139e+01   1.2204e-01   5.9445e+02   1.2789e-01   3.8367e-03   6.2295e+02   1.8688e+01
   2.9188e+00   1.4504e+01   9.2139e+01   1.2228e-01   5.9539e+02   1.3089e-01   3.9267e-03   6.3734e+02   1.9120e+01
   2.9194e+00   1.4504e+01   9.2139e+01   1.2265e-01   5.9690e+02   1.3389e-01   4.0168e-03   6.5161e+02   1.9548e+01
   2.9202e+00   1.4505e+01   9.2139e+01   1.2320e-01   5.9914e+02   1.3349e-01   4.0048e-03   6.4920e+02   1.9476e+01
   2.9210e+00   1.4506e+01   9.2139e+01   1.2381e-01   6.0169e+02   1.3650e-01   4.0949e-03   6.6332e+02   1.9900e+01
   2.9215e+00   1.4506e+01   9.2139e+01   1.2433e-01   6.0386e+02   1.3209e-01   3.9628e-03   6.4158e+02   1.9247e+01
   2.9223e+00   1.4507e+01   9.2139e+01   1.2510e-01   6.0719e+02   1.2779e-01   3.8337e-03   6.2024e+02   1.8607e+01
   2.9231e+00   1.4508e+01   9.2139e+01   1.2601e-01   6.1117e+02   1.3349e-01   4.0048e-03   6.4746e+02   1.9424e+01
   2.9235e+00   1.4508e+01   9.2139e+01   1.2653e-01   6.1346e+02   1.3319e-01   3.9958e-03   6.4577e+02   1.9373e+01
   2.9238e+00   1.4509e+01   9.2139e+01   1.2708e-01   6.1590e+02   1.2989e-01   3.8967e-03   6.2954e+02   1.8886e+01
   2.9243e+00   1.4509e+01   9.2139e+01   1.2767e-01   6.1849e+02   1.3029e-01   3.9087e-03   6.3119e+02   1.8936e+01
   2.9249e+00   1.4510e+01   9.2139e+01   1.2670e-01   6.1347e+02   1.2739e-01   3.8217e-03   6.1680e+02   1.8504e+01
   2.9257e+00   1.4511e+01   9.2139e+01   1.2445e-01   6.0216e+02   1.3640e-01   4.0919e-03   6.5994e+02   1.9798e+01
   2.9262e+00   1.4511e+01   9.2139e+01   1.2609e-01   6.0979e+02   1.3089e-01   3.9267e-03   6.3303e+02   1.8991e+01
   2.9264e+00   1.4511e+01   9.2139e+01   1.2669e-01   6.1262e+02   1.2759e-01   3.8277e-03   6.1695e+02   1.8508e+01
   2.9265e+00   1.4511e+01   9.2139e+01   1.2725e-01   6.1522e+02   1.2639e-01   3.7916e-03   6.1103e+02   1.8331e+01
   2.9267e+00   1.4512e+01   9.2139e+01   1.2777e-01   6.1762e+02   1.2859e-01   3.8577e-03   6.2157e+02   1.8647e+01
   2.9269e+00   1.4512e+01   9.2139e+01   1.2826e-01   6.1988e+02   1.2699e-01   3.8097e-03   6.1372e+02   1.8412e+01
   2.9272e+00   1.4512e+01   9.2139e+01   1.2896e-01   6.2308e+02   1.3239e-01   3.9718e-03   6.3966e+02   1.9190e+01
   2.9276e+00   1.4513e+01   9.2139e+01   1.2985e-01   6.2714e+02   1.3249e-01   3.9748e-03   6.3992e+02   1.9198e+01
   2.9280e+00   1.4513e+01   9.2139e+01   1.3072e-01   6.3111e+02   1.2939e-01   3.8817e-03   6.2471e+02   1.8741e+01
   2.9284e+00   1.4513e+01   9.2139e+01   1.3158e-01   6.3507e+02   1.2989e-01   3.8967e-03   6.2690e+02   1.8807e+01
   2.9288e+00   1.4514e+01   9.2139e+01   1.3246e-01   6.3907e+02   1.3239e-01   3.9718e-03   6.3875e+02   1.9163e+01
   2.9295e+00   1.4514e+01   9.2139e+01   1.3426e-01   6.4730e+02   1.2699e-01   3.8097e-03   6.1224e+02   1.8367e+01
   2.9303e+00   1.4515e+01   9.2139e+01   1.3613e-01   6.5584e+02   1.2949e-01   3.8847e-03   6.2386e+02   1.8716e+01
   2.9311e+00   1.4516e+01   9.2139e+01   1.3803e-01   6.6453e+02   1.2749e-01   3.8247e-03   6.1378e+02   1.8413e+01
   2.9318e+00   1.4517e+01   9.2139e+01   1.3989e-01   6.7303e+02   1.2749e-01   3.8247e-03   6.1335e+02   1.8400e+01
   2.9326e+00   1.4518e+01   9.2139e+01   1.4161e-01   6.8079e+02   1.3049e-01   3.9147e-03   6.2734e+02   1.8820e+01
   2.9334e+00   1.4518e+01   9.2139e+01   1.4303e-01   6.8716e+02   1.1878e-01   3.5635e-03   5.7065e+02   1.7120e+01
   2.9342e+00   1.4519e+01   9.2139e+01   1.4403e-01   6.9147e+02   1.2199e-01   3.6596e-03   5.8562e+02   1.7569e+01
   2.9349e+00   1.4520e+01   9.2139e+01   1.4450e-01   6.9323e+02   1.2499e-01   3.7496e-03   5.9960e+02   1.7988e+01
   2.9357e+00   1.4521e+01   9.2139e+01   1.4440e-01   6.9226e+02   1.2309e-01   3.6926e-03   5.9006e+02   1.7702e+01
   2.9365e+00   1.4521e+01   9.2139e+01   1.4378e-01   6.8878e+02   1.2529e-01   3.7586e-03   6.0019e+02   1.8006e+01
   2.9374e+00   1.4522e+01   9.2139e+01   1.4243e-01   6.8173e+02   1.2629e-01   3.7886e-03   6.0445e+02   1.8134e+01
   2.9387e+00   1.4524e+01   9.2139e+01   1.4019e-01   6.7022e+02   1.2479e-01   3.7436e-03   5.9658e+02   1.7897e+01
   2.9398e+00   1.4525e+01   9.2139e+01   1.3806e-01   6.5933e+02   1.2018e-01   3.6055e-03   5.7396e+02   1.7219e+01
   2.9410e+00   1.4526e+01   9.2139e+01   1.3614e-01   6.4950e+02   1.1558e-01   3.4674e-03   5.5140e+02   1.6542e+01
   2.9422e+00   1.4527e+01   9.2139e+01   1.3456e-01   6.4125e+02   1.2008e-01   3.6025e-03   5.7227e+02   1.7168e+01
   2.9433e+00   1.4528e+01   9.2139e+01   1.3331e-01   6.3464e+02   1.1568e-01   3.4704e-03   5.5070e+02   1.6521e+01
   2.9445e+00   1.4529e+01   9.2139e+01   1.3238e-01   6.2953e+02   1.1558e-01   3.4674e-03   5.4965e+02   1.6489e+01
   2.9456e+00   1.4531e+01   9.2139e+01   1.3172e-01   6.2571e+02   1.1448e-01   3.4344e-03   5.4384e+02   1.6315e+01
   2.9468e+00   1.4532e+01   9.2139e+01   1.3128e-01   6.2300e+02   1.0527e-01   3.1582e-03   4.9957e+02   1.4987e+01
   2.9479e+00   1.4533e+01   9.2139e+01   1.3107e-01   6.2133e+02   1.0878e-01   3.2633e-03   5.1565e+02   1.5469e+01


