   4.2007e+00   1.4185e+01   7.6369e+01   2.8932e-01   2.5389e+09   3.0806e-01   3.0806e-02   2.7034e+09   2.7034e+08
   4.2029e+00   1.4187e+01   7.6369e+01   2.8892e-01   2.5224e+09   2.9556e-01   2.9556e-02   2.5804e+09   2.5804e+08
   4.2064e+00   1.4191e+01   7.6369e+01   2.8828e-01   2.4964e+09   3.1432e-01   3.1432e-02   2.7219e+09   2.7219e+08
   4.2090e+00   1.4193e+01   7.6369e+01   2.8779e-01   2.4774e+09   2.5895e-01   2.5895e-02   2.2292e+09   2.2292e+08
   4.2100e+00   1.4194e+01   7.6369e+01   2.8759e-01   2.4698e+09   2.8038e-01   2.8038e-02   2.4079e+09   2.4079e+08
   4.2149e+00   1.4199e+01   7.6369e+01   2.8664e-01   2.4340e+09   2.6520e-01   2.6520e-02   2.2520e+09   2.2520e+08
   4.2165e+00   1.4201e+01   7.6369e+01   2.8633e-01   2.4228e+09   2.9288e-01   2.9288e-02   2.4783e+09   2.4783e+08
   4.2197e+00   1.4204e+01   7.6369e+01   2.8566e-01   2.3991e+09   3.1699e-01   3.1699e-02   2.6623e+09   2.6623e+08
   4.2238e+00   1.4208e+01   7.6369e+01   2.8478e-01   2.3692e+09   2.8038e-01   2.8038e-02   2.3326e+09   2.3326e+08
   4.2265e+00   1.4211e+01   7.6369e+01   2.8420e-01   2.3500e+09   3.0806e-01   3.0806e-02   2.5473e+09   2.5473e+08
   4.2333e+00   1.4217e+01   7.6369e+01   2.8264e-01   2.3011e+09   3.0449e-01   3.0449e-02   2.4790e+09   2.4790e+08
   4.2361e+00   1.4220e+01   7.6369e+01   2.8196e-01   2.2808e+09   2.8931e-01   2.8931e-02   2.3403e+09   2.3403e+08


   4.2000e+00   1.4184e+01   8.9973e+01   1.6468e-01   1.4474e+09   1.5832e-01   1.5832e-02   1.3915e+09   1.3915e+08
   4.2023e+00   1.4186e+01   8.9973e+01   1.6431e-01   1.4364e+09   1.8038e-01   1.8038e-02   1.5770e+09   1.5770e+08
   4.2051e+00   1.4189e+01   8.9973e+01   1.6384e-01   1.4230e+09   1.6791e-01   1.6791e-02   1.4584e+09   1.4584e+08
   4.2144e+00   1.4199e+01   8.9973e+01   1.6222e-01   1.3792e+09   1.6887e-01   1.6887e-02   1.4357e+09   1.4357e+08
   4.2173e+00   1.4201e+01   8.9973e+01   1.6168e-01   1.3654e+09   1.7079e-01   1.7079e-02   1.4423e+09   1.4423e+08
   4.2219e+00   1.4206e+01   8.9973e+01   1.6079e-01   1.3435e+09   1.7463e-01   1.7463e-02   1.4591e+09   1.4591e+08
   4.2237e+00   1.4208e+01   8.9973e+01   1.6043e-01   1.3350e+09   1.5160e-01   1.5160e-02   1.2615e+09   1.2615e+08
   4.2266e+00   1.4211e+01   8.9973e+01   1.5985e-01   1.3215e+09   1.6503e-01   1.6503e-02   1.3644e+09   1.3644e+08
   4.2295e+00   1.4214e+01   8.9973e+01   1.5924e-01   1.3077e+09   1.4009e-01   1.4009e-02   1.1504e+09   1.1504e+08
   4.2335e+00   1.4218e+01   8.9973e+01   1.5834e-01   1.2884e+09   1.5736e-01   1.5736e-02   1.2804e+09   1.2804e+08
   4.2358e+00   1.4220e+01   8.9973e+01   1.5781e-01   1.2773e+09   1.4488e-01   1.4488e-02   1.1727e+09   1.1727e+08


   4.2011e+00   1.4185e+01   1.2537e+02   6.7119e-02   5.8842e+08   6.2648e-02   6.2648e-03   5.4922e+08   5.4922e+07
   4.2046e+00   1.4189e+01   1.2537e+02   6.7036e-02   5.8293e+08   6.1321e-02   6.1321e-03   5.3323e+08   5.3323e+07
   4.2069e+00   1.4191e+01   1.2537e+02   6.6986e-02   5.7939e+08   5.7435e-02   5.7435e-03   4.9678e+08   4.9678e+07
   4.2104e+00   1.4195e+01   1.2537e+02   6.6919e-02   5.7424e+08   5.8098e-02   5.8098e-03   4.9855e+08   4.9855e+07
   4.2133e+00   1.4197e+01   1.2537e+02   6.6869e-02   5.6997e+08   5.0232e-02   5.0232e-03   4.2816e+08   4.2816e+07
   4.2168e+00   1.4201e+01   1.2537e+02   6.6815e-02   5.6492e+08   4.3692e-02   4.3692e-03   3.6942e+08   3.6942e+07
   4.2197e+00   1.4204e+01   1.2537e+02   6.6776e-02   5.6082e+08   4.8242e-02   4.8242e-03   4.0515e+08   4.0515e+07
   4.2220e+00   1.4206e+01   1.2537e+02   6.6749e-02   5.5761e+08   4.5683e-02   4.5683e-03   3.8163e+08   3.8163e+07
   4.2255e+00   1.4210e+01   1.2537e+02   6.6711e-02   5.5293e+08   4.1702e-02   4.1702e-03   3.4564e+08   3.4564e+07
   4.2284e+00   1.4213e+01   1.2537e+02   6.6682e-02   5.4900e+08   5.2886e-02   5.2886e-03   4.3542e+08   4.3542e+07
   4.2318e+00   1.4216e+01   1.2537e+02   6.6646e-02   5.4441e+08   6.7860e-02   6.7860e-03   5.5433e+08   5.5433e+07


   4.1999e+00   1.4184e+01   1.4151e+02   5.2268e-02   4.5949e+08   3.9479e-02   3.9479e-03   3.4707e+08   3.4707e+07
   4.2034e+00   1.4188e+01   1.4151e+02   5.2216e-02   4.5532e+08   3.6293e-02   3.6293e-03   3.1647e+08   3.1647e+07
   4.2063e+00   1.4190e+01   1.4151e+02   5.2178e-02   4.5193e+08   3.7381e-02   3.7381e-03   3.2377e+08   3.2377e+07
   4.2098e+00   1.4194e+01   1.4151e+02   5.2137e-02   4.4802e+08   3.8935e-02   3.8935e-03   3.3457e+08   3.3457e+07
   4.2127e+00   1.4197e+01   1.4151e+02   5.2107e-02   4.4475e+08   4.3831e-02   4.3831e-03   3.7412e+08   3.7412e+07
   4.2156e+00   1.4200e+01   1.4151e+02   5.2078e-02   4.4154e+08   3.3029e-02   3.3029e-03   2.8003e+08   2.8003e+07
   4.2190e+00   1.4203e+01   1.4151e+02   5.2047e-02   4.3781e+08   3.7303e-02   3.7303e-03   3.1378e+08   3.1378e+07
   4.2219e+00   1.4206e+01   1.4151e+02   5.2022e-02   4.3467e+08   3.1397e-02   3.1397e-03   2.6234e+08   2.6234e+07
   4.2249e+00   1.4209e+01   1.4151e+02   5.1997e-02   4.3156e+08   3.4661e-02   3.4661e-03   2.8768e+08   2.8768e+07
   4.2278e+00   1.4212e+01   1.4151e+02   5.1969e-02   4.2846e+08   3.6759e-02   3.6759e-03   3.0306e+08   3.0306e+07
   4.2306e+00   1.4215e+01   1.4151e+02   5.1938e-02   4.2544e+08   2.9221e-02   2.9221e-03   2.3935e+08   2.3935e+07
   4.2341e+00   1.4218e+01   1.4151e+02   5.1892e-02   4.2165e+08   3.7303e-02   3.7303e-03   3.0311e+08   3.0311e+07


   4.2007e+00   1.4185e+01   1.5049e+02   4.7662e-02   4.1826e+08   3.2412e-02   3.2412e-03   2.8443e+08   2.8443e+07
   4.2041e+00   1.4188e+01   1.5049e+02   4.7631e-02   4.1468e+08   3.5058e-02   3.5058e-03   3.0521e+08   3.0521e+07
   4.2070e+00   1.4191e+01   1.5049e+02   4.7609e-02   4.1171e+08   3.5058e-02   3.5058e-03   3.0317e+08   3.0317e+07
   4.2105e+00   1.4195e+01   1.5049e+02   4.7589e-02   4.0821e+08   3.3735e-02   3.3735e-03   2.8937e+08   2.8937e+07
   4.2129e+00   1.4197e+01   1.5049e+02   4.7579e-02   4.0595e+08   3.4396e-02   3.4396e-03   2.9347e+08   2.9347e+07
   4.2164e+00   1.4201e+01   1.5049e+02   4.7571e-02   4.0260e+08   3.5719e-02   3.5719e-03   3.0230e+08   3.0230e+07
   4.2192e+00   1.4203e+01   1.5049e+02   4.7568e-02   3.9997e+08   3.8365e-02   3.8365e-03   3.2259e+08   3.2259e+07
   4.2215e+00   1.4206e+01   1.5049e+02   4.7569e-02   3.9786e+08   2.7781e-02   2.7781e-03   2.3236e+08   2.3236e+07
   4.2250e+00   1.4209e+01   1.5049e+02   4.7575e-02   3.9471e+08   3.5719e-02   3.5719e-03   2.9634e+08   2.9634e+07
   4.2285e+00   1.4213e+01   1.5049e+02   4.7587e-02   3.9164e+08   4.1011e-02   4.1011e-03   3.3751e+08   3.3751e+07
   4.2315e+00   1.4216e+01   1.5049e+02   4.7601e-02   3.8915e+08   3.9026e-02   3.9026e-03   3.1905e+08   3.1905e+07
   4.2349e+00   1.4219e+01   1.5049e+02   4.7621e-02   3.8627e+08   4.2901e-02   4.2901e-03   3.4798e+08   3.4798e+07


   4.1996e+00   1.4184e+01   1.6538e+02   4.4237e-02   3.8921e+08   4.3242e-02   4.3242e-03   3.8045e+08   3.8045e+07
   4.2019e+00   1.4186e+01   1.6538e+02   4.4249e-02   3.8722e+08   3.4911e-02   3.4911e-03   3.0551e+08   3.0551e+07
   4.2054e+00   1.4190e+01   1.6538e+02   4.4276e-02   3.8433e+08   3.5605e-02   3.5605e-03   3.0906e+08   3.0906e+07
   4.2083e+00   1.4192e+01   1.6538e+02   4.4310e-02   3.8204e+08   3.4911e-02   3.4911e-03   3.0100e+08   3.0100e+07
   4.2106e+00   1.4195e+01   1.6538e+02   4.4344e-02   3.8030e+08   3.2134e-02   3.2134e-03   2.7558e+08   2.7558e+07
   4.2141e+00   1.4198e+01   1.6538e+02   4.4411e-02   3.7780e+08   3.2828e-02   3.2828e-03   2.7927e+08   2.7927e+07
   4.2177e+00   1.4202e+01   1.6538e+02   4.4497e-02   3.7548e+08   3.8382e-02   3.8382e-03   3.2388e+08   3.2388e+07
   4.2205e+00   1.4205e+01   1.6538e+02   4.4582e-02   3.7375e+08   3.6300e-02   3.6300e-03   3.0432e+08   3.0432e+07
   4.2234e+00   1.4208e+01   1.6538e+02   4.4686e-02   3.7213e+08   3.4911e-02   3.4911e-03   2.9073e+08   2.9073e+07
   4.2275e+00   1.4212e+01   1.6538e+02   4.4868e-02   3.7014e+08   4.1854e-02   4.1854e-03   3.4527e+08   3.4527e+07
   4.2298e+00   1.4214e+01   1.6538e+02   4.4991e-02   3.6918e+08   4.6019e-02   4.6019e-03   3.7762e+08   3.7762e+07
   4.2321e+00   1.4216e+01   1.6538e+02   4.5131e-02   3.6837e+08   3.9077e-02   3.9077e-03   3.1896e+08   3.1896e+07
   4.2363e+00   1.4220e+01   1.6538e+02   4.5428e-02   3.6732e+08   4.4631e-02   4.4631e-03   3.6088e+08   3.6088e+07


