   4.2262e+00   1.4210e+01   0.0000e+00   1.5360e-05   1.2708e+05   4.3392e-05   2.5267e-06   3.5901e+05   2.0905e+04
   4.2315e+00   1.4216e+01   0.0000e+00   1.7994e-05   1.4708e+05   4.7175e-05   2.5532e-06   3.8558e+05   2.0869e+04
   4.2350e+00   1.4219e+01   0.0000e+00   2.0013e-05   1.6230e+05   5.1653e-05   2.9009e-06   4.1889e+05   2.3526e+04
   4.2407e+00   1.4225e+01   0.0000e+00   2.4073e-05   1.9268e+05   5.1371e-05   2.7902e-06   4.1117e+05   2.2333e+04
   4.2491e+00   1.4233e+01   0.0000e+00   3.1823e-05   2.4988e+05   5.3358e-05   2.8749e-06   4.1898e+05   2.2575e+04
   4.2522e+00   1.4236e+01   0.0000e+00   3.5246e-05   2.7482e+05   5.7180e-05   3.1923e-06   4.4585e+05   2.4891e+04
   4.2578e+00   1.4242e+01   0.0000e+00   4.2082e-05   3.2400e+05   5.3391e-05   2.9085e-06   4.1107e+05   2.2394e+04
   4.2621e+00   1.4246e+01   0.0000e+00   4.7751e-05   3.6403e+05   6.0066e-05   3.2341e-06   4.5791e+05   2.4655e+04
   4.2645e+00   1.4249e+01   0.0000e+00   5.0813e-05   3.8527e+05   6.1863e-05   3.3393e-06   4.6905e+05   2.5319e+04
   4.2673e+00   1.4251e+01   0.0000e+00   5.4120e-05   4.0781e+05   6.6965e-05   3.6216e-06   5.0460e+05   2.7290e+04
   4.2691e+00   1.4253e+01   0.0000e+00   5.6111e-05   4.2110e+05   7.0213e-05   3.8955e-06   5.2693e+05   2.9234e+04
   4.2715e+00   1.4256e+01   0.0000e+00   5.8462e-05   4.3636e+05   6.8183e-05   3.6082e-06   5.0893e+05   2.6932e+04
   4.2730e+00   1.4257e+01   0.0000e+00   5.9751e-05   4.4444e+05   6.4488e-05   3.5039e-06   4.7968e+05   2.6063e+04
   4.2817e+00   1.4266e+01   0.0000e+00   6.3061e-05   4.6000e+05   5.3957e-05   2.9289e-06   3.9360e+05   2.1365e+04
   4.2863e+00   1.4270e+01   0.0000e+00   6.2163e-05   4.4876e+05   5.6617e-05   3.1954e-06   4.0873e+05   2.3068e+04
   4.2902e+00   1.4274e+01   0.0000e+00   6.0446e-05   4.3253e+05   4.4441e-05   2.4305e-06   3.1800e+05   1.7392e+04
   4.2987e+00   1.4283e+01   0.0000e+00   5.7027e-05   4.0039e+05   3.2215e-05   1.7821e-06   2.2618e+05   1.2512e+04
   4.3034e+00   1.4287e+01   0.0000e+00   5.9723e-05   4.1500e+05   3.7012e-05   2.1977e-06   2.5719e+05   1.5272e+04
   4.3075e+00   1.4292e+01   0.0000e+00   7.7285e-05   5.3213e+05   4.9674e-05   2.7308e-06   3.4202e+05   1.8802e+04
   4.3100e+00   1.4294e+01   0.0000e+00   7.5914e-05   5.1981e+05   6.4530e-05   3.4922e-06   4.4186e+05   2.3912e+04
   4.3101e+00   1.4294e+01   0.0000e+00   7.5763e-05   5.1858e+05   5.6689e-05   3.0891e-06   3.8803e+05   2.1144e+04
   4.3118e+00   1.4296e+01   0.0000e+00   7.4356e-05   5.0711e+05   9.7205e-05   5.2415e-06   6.6294e+05   3.5747e+04
   4.3160e+00   1.4300e+01   0.0000e+00   7.1186e-05   4.8089e+05   1.7020e-04   9.2133e-06   1.1497e+06   6.2239e+04
   4.3186e+00   1.4303e+01   0.0000e+00   6.9382e-05   4.6603e+05   1.8507e-04   1.0139e-05   1.2431e+06   6.8104e+04
   4.3206e+00   1.4305e+01   0.0000e+00   6.7585e-05   4.5198e+05   2.2369e-04   1.2285e-05   1.4960e+06   8.2159e+04
   4.3229e+00   1.4307e+01   0.0000e+00   6.3508e-05   4.2254e+05   2.3728e-04   1.2737e-05   1.5787e+06   8.4745e+04
   4.3256e+00   1.4310e+01   0.0000e+00   4.8618e-05   3.2158e+05   2.6465e-04   1.4062e-05   1.7505e+06   9.3014e+04
   4.3280e+00   1.4312e+01   0.0000e+00   4.6527e-05   3.0612e+05   2.7523e-04   1.4640e-05   1.8108e+06   9.6320e+04
   4.3308e+00   1.4315e+01   0.0000e+00   4.9190e-05   3.2162e+05   2.8108e-04   1.5086e-05   1.8378e+06   9.8635e+04
   4.3332e+00   1.4317e+01   0.0000e+00   5.1388e-05   3.3422e+05   2.4606e-04   1.3222e-05   1.6003e+06   8.5995e+04
   4.3376e+00   1.4322e+01   0.0000e+00   5.4615e-05   3.5173e+05   2.1715e-04   1.1764e-05   1.3985e+06   7.5759e+04
   4.3418e+00   1.4326e+01   0.0000e+00   5.8711e-05   3.7470e+05   1.4299e-04   7.7640e-06   9.1260e+05   4.9551e+04
   4.3504e+00   1.4335e+01   0.0000e+00   8.5070e-05   5.3270e+05   9.5369e-05   5.2913e-06   5.9719e+05   3.3134e+04
   4.3547e+00   1.4339e+01   0.0000e+00   7.2714e-05   4.5107e+05   8.7147e-05   5.0274e-06   5.4060e+05   3.1187e+04
   4.3586e+00   1.4343e+01   0.0000e+00   6.1600e-05   3.7884e+05   6.4399e-05   3.6078e-06   3.9606e+05   2.2188e+04
   4.3669e+00   1.4351e+01   0.0000e+00   8.8375e-05   5.3373e+05   5.8875e-05   3.4008e-06   3.5557e+05   2.0539e+04
   4.3719e+00   1.4356e+01   0.0000e+00   6.5103e-04   3.8895e+06   6.5574e-05   3.7792e-06   3.9176e+05   2.2578e+04
   4.3751e+00   1.4359e+01   0.0000e+00   9.2944e-04   5.5146e+06   2.2310e-04   1.2262e-05   1.3237e+06   7.2752e+04
   4.3777e+00   1.4362e+01   0.0000e+00   1.0224e-03   6.0310e+06   4.7086e-04   2.4371e-05   2.7777e+06   1.4377e+05
   4.3795e+00   1.4364e+01   0.0000e+00   1.0557e-03   6.2032e+06   5.1745e-04   2.7021e-05   3.0406e+06   1.5878e+05
   4.3805e+00   1.4365e+01   0.0000e+00   1.0667e-03   6.2555e+06   5.3308e-04   2.8032e-05   3.1260e+06   1.6438e+05
   4.3808e+00   1.4365e+01   0.0000e+00   1.0698e-03   6.2686e+06   5.2770e-04   2.7733e-05   3.0922e+06   1.6251e+05
   4.3811e+00   1.4365e+01   0.0000e+00   1.0717e-03   6.2765e+06   5.1258e-04   2.6972e-05   3.0019e+06   1.5796e+05
   4.3830e+00   1.4367e+01   0.0000e+00   1.0763e-03   6.2773e+06   6.4451e-04   3.3744e-05   3.7591e+06   1.9681e+05
   4.3847e+00   1.4369e+01   0.0000e+00   1.0608e-03   6.1644e+06   6.6512e-04   3.4670e-05   3.8650e+06   2.0147e+05
   4.3864e+00   1.4371e+01   0.0000e+00   1.0104e-03   5.8494e+06   6.6838e-04   3.4954e-05   3.8695e+06   2.0236e+05
   4.3880e+00   1.4372e+01   0.0000e+00   8.9225e-04   5.1474e+06   7.1349e-04   3.7080e-05   4.1161e+06   2.1392e+05
   4.3891e+00   1.4373e+01   0.0000e+00   7.5997e-04   4.3745e+06   7.2435e-04   3.7764e-05   4.1695e+06   2.1738e+05
   4.3897e+00   1.4374e+01   0.0000e+00   6.5181e-04   3.7464e+06   6.8230e-04   3.5606e-05   3.9216e+06   2.0465e+05
   4.3923e+00   1.4376e+01   0.0000e+00   3.1822e-04   1.8189e+06   6.6089e-04   3.4364e-05   3.7775e+06   1.9642e+05
   4.3966e+00   1.4381e+01   0.0000e+00   1.1906e-04   6.7424e+05   5.6017e-04   2.9015e-05   3.1723e+06   1.6432e+05
   4.4009e+00   1.4385e+01   0.0000e+00   6.0701e-05   3.4060e+05   4.0541e-04   2.1503e-05   2.2748e+06   1.2065e+05
   4.4049e+00   1.4389e+01   0.0000e+00   4.5858e-05   2.5509e+05   2.9053e-04   1.5299e-05   1.6161e+06   8.5104e+04
   4.4061e+00   1.4390e+01   0.0000e+00   4.4989e-05   2.4961e+05   3.3595e-04   1.7855e-05   1.8639e+06   9.9067e+04
   4.4095e+00   1.4394e+01   0.0000e+00   4.6395e-05   2.5557e+05   2.3774e-04   1.2568e-05   1.3096e+06   6.9231e+04
   4.4138e+00   1.4398e+01   0.0000e+00   5.0223e-05   2.7407e+05   2.3547e-04   1.2500e-05   1.2850e+06   6.8215e+04
   4.4162e+00   1.4400e+01   0.0000e+00   5.1539e-05   2.7981e+05   2.2680e-04   1.2004e-05   1.2313e+06   6.5170e+04
   4.4188e+00   1.4403e+01   0.0000e+00   5.2094e-05   2.8127e+05   2.0248e-04   1.0778e-05   1.0933e+06   5.8194e+04
   4.4216e+00   1.4406e+01   0.0000e+00   5.1783e-05   2.7790e+05   1.8872e-04   1.0152e-05   1.0128e+06   5.4485e+04
   4.4233e+00   1.4407e+01   0.0000e+00   5.1199e-05   2.7376e+05   1.9671e-04   1.0708e-05   1.0518e+06   5.7259e+04
   4.4242e+00   1.4408e+01   0.0000e+00   5.0852e-05   2.7141e+05   1.8132e-04   9.6019e-06   9.6775e+05   5.1248e+04
   4.4293e+00   1.4413e+01   0.0000e+00   4.8311e-05   2.5503e+05   1.4866e-04   7.9185e-06   7.8479e+05   4.1802e+04
   4.4314e+00   1.4416e+01   0.0000e+00   4.7146e-05   2.4779e+05   1.3774e-04   7.2995e-06   7.2395e+05   3.8365e+04
   4.4405e+00   1.4425e+01   0.0000e+00   4.1680e-05   2.1487e+05   8.9100e-05   5.0606e-06   4.5933e+05   2.6088e+04
   4.4574e+00   1.4442e+01   0.0000e+00   3.1303e-05   1.5568e+05   6.8545e-05   3.7661e-06   3.4089e+05   1.8730e+04
   4.4748e+00   1.4459e+01   0.0000e+00   2.0009e-05   9.5946e+04   7.6335e-05   4.2442e-06   3.6604e+05   2.0352e+04
   4.4919e+00   1.4476e+01   0.0000e+00   8.2405e-06   3.8121e+04   9.3019e-05   5.4671e-06   4.3032e+05   2.5292e+04
   4.5000e+00   1.4484e+01   0.0000e+00   3.8249e-06   1.7397e+04   1.2340e-04   6.6649e-06   5.6126e+05   3.0314e+04
   4.5031e+00   1.4487e+01   0.0000e+00   2.8228e-06   1.2757e+04   1.3718e-04   7.8219e-06   6.1994e+05   3.5348e+04
   4.5091e+00   1.4493e+01   0.0000e+00   2.9426e-06   1.3134e+04   1.9255e-04   1.1079e-05   8.5937e+05   4.9450e+04
   4.5175e+00   1.4502e+01   0.0000e+00   1.1747e-05   5.1524e+04   2.8262e-04   1.5734e-05   1.2397e+06   6.9012e+04
   4.5219e+00   1.4506e+01   0.0000e+00   2.2698e-05   9.8661e+04   3.3990e-04   1.9121e-05   1.4775e+06   8.3113e+04
   4.5262e+00   1.4510e+01   0.0000e+00   1.2054e-04   5.1934e+05   4.1483e-04   2.3082e-05   1.7873e+06   9.9446e+04
   4.5305e+00   1.4515e+01   0.0000e+00   2.6793e-04   1.1442e+06   5.5384e-04   2.9059e-05   2.3652e+06   1.2410e+05
   4.5305e+00   1.4515e+01   0.0000e+00   2.6793e-04   1.1442e+06   5.9943e-04   3.2438e-05   2.5599e+06   1.3853e+05
   4.5346e+00   1.4519e+01   0.0000e+00   3.3461e-04   1.4169e+06   8.2875e-04   4.4721e-05   3.5094e+06   1.8937e+05
   4.5390e+00   1.4523e+01   0.0000e+00   4.0962e-04   1.7187e+06   1.1119e-03   5.9561e-05   4.6653e+06   2.4992e+05
   4.2262e+00   1.4210e+01   1.6896e+01   1.8133e-05   1.5002e+05   4.0428e-05   2.7553e-06   3.3449e+05   2.2796e+04
   4.2315e+00   1.4216e+01   1.6894e+01   2.0893e-05   1.7077e+05   4.3415e-05   2.5966e-06   3.5485e+05   2.1224e+04
   4.2350e+00   1.4219e+01   1.6893e+01   2.2972e-05   1.8630e+05   4.5524e-05   2.9292e-06   3.6918e+05   2.3755e+04
   4.2407e+00   1.4225e+01   1.6891e+01   2.7072e-05   2.1668e+05   4.4399e-05   2.6602e-06   3.5537e+05   2.1292e+04
   4.2491e+00   1.4233e+01   1.6888e+01   3.4672e-05   2.7226e+05   4.3851e-05   2.6404e-06   3.4433e+05   2.0733e+04
   4.2522e+00   1.4236e+01   1.6887e+01   3.7958e-05   2.9597e+05   4.5832e-05   2.9613e-06   3.5736e+05   2.3090e+04
   4.2578e+00   1.4242e+01   1.6885e+01   4.4428e-05   3.4206e+05   5.4232e-05   3.1758e-06   4.1755e+05   2.4452e+04
   4.2621e+00   1.4246e+01   1.6883e+01   4.9727e-05   3.7909e+05   5.3695e-05   3.1581e-06   4.0934e+05   2.4076e+04
   4.2645e+00   1.4249e+01   1.6883e+01   5.2576e-05   3.9864e+05   5.7620e-05   3.3810e-06   4.3689e+05   2.5635e+04
   4.2673e+00   1.4251e+01   1.6882e+01   5.5659e-05   4.1940e+05   5.9004e-05   3.4946e-06   4.4461e+05   2.6333e+04
   4.2691e+00   1.4253e+01   1.6881e+01   5.7525e-05   4.3171e+05   5.7878e-05   3.6745e-06   4.3436e+05   2.7576e+04
   4.2715e+00   1.4256e+01   1.6880e+01   5.9758e-05   4.4604e+05   5.9609e-05   3.3871e-06   4.4493e+05   2.5282e+04
   4.2730e+00   1.4257e+01   1.6880e+01   6.1011e-05   4.5381e+05   5.7986e-05   3.4524e-06   4.3131e+05   2.5680e+04
   4.2817e+00   1.4266e+01   1.6877e+01   6.4964e-05   4.7389e+05   5.1230e-05   3.0276e-06   3.7370e+05   2.2085e+04
   4.2863e+00   1.4270e+01   1.6875e+01   6.5157e-05   4.7037e+05   4.6985e-05   3.0485e-06   3.3919e+05   2.2008e+04
   4.2902e+00   1.4274e+01   1.6874e+01   6.4795e-05   4.6365e+05   3.7136e-05   2.2959e-06   2.6573e+05   1.6429e+04
   4.2987e+00   1.4283e+01   1.6871e+01   6.5334e-05   4.5871e+05   3.0803e-05   1.8966e-06   2.1627e+05   1.3316e+04
   4.3034e+00   1.4287e+01   1.6869e+01   7.0492e-05   4.8983e+05   3.2440e-05   2.3270e-06   2.2542e+05   1.6170e+04
   4.3075e+00   1.4292e+01   1.6868e+01   9.3034e-05   6.4058e+05   4.2824e-05   2.6499e-06   2.9486e+05   1.8245e+04
   4.3100e+00   1.4294e+01   1.6867e+01   9.4677e-05   6.4829e+05   5.8403e-05   3.4675e-06   3.9991e+05   2.3744e+04
   4.3101e+00   1.4294e+01   1.6867e+01   9.4705e-05   6.4823e+05   5.7002e-05   3.3722e-06   3.9016e+05   2.3082e+04
   4.3118e+00   1.4296e+01   1.6866e+01   9.4911e-05   6.4729e+05   9.7445e-05   5.6298e-06   6.6458e+05   3.8396e+04
   4.3160e+00   1.4300e+01   1.6865e+01   9.5650e-05   6.4615e+05   1.6905e-04   9.8949e-06   1.1420e+06   6.6843e+04
   4.3186e+00   1.4303e+01   1.6864e+01   9.6091e-05   6.4544e+05   1.8887e-04   1.1228e-05   1.2686e+06   7.5419e+04
   4.3206e+00   1.4305e+01   1.6863e+01   9.5989e-05   6.4194e+05   1.8624e-04   1.1504e-05   1.2455e+06   7.6932e+04
   4.3229e+00   1.4307e+01   1.6863e+01   9.3847e-05   6.2440e+05   2.3284e-04   1.3337e-05   1.5492e+06   8.8738e+04
   4.3256e+00   1.4310e+01   1.6862e+01   7.9609e-05   5.2656e+05   2.5716e-04   1.4570e-05   1.7009e+06   9.6371e+04
   4.3280e+00   1.4312e+01   1.6861e+01   7.7091e-05   5.0721e+05   2.7795e-04   1.5642e-05   1.8287e+06   1.0292e+05
   4.3308e+00   1.4315e+01   1.6860e+01   8.0304e-05   5.2506e+05   2.7294e-04   1.5688e-05   1.7846e+06   1.0258e+05
   4.3332e+00   1.4317e+01   1.6859e+01   8.2996e-05   5.3979e+05   2.4980e-04   1.4264e-05   1.6247e+06   9.2771e+04
   4.3376e+00   1.4322e+01   1.6858e+01   8.6491e-05   5.5702e+05   1.9525e-04   1.1571e-05   1.2575e+06   7.4521e+04
   4.3418e+00   1.4326e+01   1.6857e+01   8.8976e-05   5.6786e+05   1.4773e-04   8.6173e-06   9.4284e+05   5.4996e+04
   4.3504e+00   1.4335e+01   1.6854e+01   9.9540e-05   6.2331e+05   9.6412e-05   5.9171e-06   6.0372e+05   3.7052e+04
   4.3547e+00   1.4339e+01   1.6852e+01   8.3312e-05   5.1681e+05   7.7379e-05   5.1633e-06   4.8001e+05   3.2030e+04
   4.3586e+00   1.4343e+01   1.6851e+01   6.7641e-05   4.1599e+05   6.3634e-05   3.9619e-06   3.9135e+05   2.4366e+04
   4.3669e+00   1.4351e+01   1.6848e+01   8.4360e-05   5.0948e+05   5.2701e-05   3.5767e-06   3.1828e+05   2.1601e+04
   4.3719e+00   1.4356e+01   1.6847e+01   5.9412e-04   3.5495e+06   5.8960e-05   4.0553e-06   3.5225e+05   2.4228e+04
   4.3751e+00   1.4359e+01   1.6846e+01   8.5613e-04   5.0796e+06   2.3300e-04   1.3882e-05   1.3824e+06   8.2365e+04
   4.3777e+00   1.4362e+01   1.6845e+01   9.4735e-04   5.5885e+06   4.2349e-04   2.2912e-05   2.4982e+06   1.3516e+05
   4.3795e+00   1.4364e+01   1.6844e+01   9.8238e-04   5.7726e+06   4.7922e-04   2.6372e-05   2.8159e+06   1.5496e+05
   4.3805e+00   1.4365e+01   1.6844e+01   9.9514e-04   5.8356e+06   5.0046e-04   2.7865e-05   2.9348e+06   1.6340e+05
   4.3808e+00   1.4365e+01   1.6844e+01   9.9892e-04   5.8534e+06   4.8975e-04   2.7222e-05   2.8698e+06   1.5951e+05
   4.3811e+00   1.4365e+01   1.6844e+01   1.0015e-03   5.8651e+06   4.8393e-04   2.6945e-05   2.8341e+06   1.5780e+05
   4.3830e+00   1.4367e+01   1.6843e+01   1.0119e-03   5.9018e+06   5.9716e-04   3.2968e-05   3.4829e+06   1.9229e+05
   4.3847e+00   1.4369e+01   1.6843e+01   1.0045e-03   5.8370e+06   6.1154e-04   3.3485e-05   3.5536e+06   1.9458e+05
   4.3864e+00   1.4371e+01   1.6842e+01   9.6618e-04   5.5936e+06   6.0741e-04   3.3530e-05   3.5165e+06   1.9412e+05
   4.3880e+00   1.4372e+01   1.6842e+01   8.6616e-04   4.9969e+06   6.3835e-04   3.4829e-05   3.6826e+06   2.0093e+05
   4.3891e+00   1.4373e+01   1.6842e+01   7.4962e-04   4.3150e+06   6.2025e-04   3.4146e-05   3.5703e+06   1.9655e+05
   4.3897e+00   1.4374e+01   1.6841e+01   6.5290e-04   3.7526e+06   6.2173e-04   3.4163e-05   3.5735e+06   1.9636e+05
   4.3923e+00   1.4376e+01   1.6841e+01   3.5157e-04   2.0095e+06   6.1161e-04   3.3280e-05   3.4958e+06   1.9022e+05
   4.3966e+00   1.4381e+01   1.6839e+01   1.7417e-04   9.8635e+05   5.1704e-04   2.7863e-05   2.9280e+06   1.5779e+05
   4.4009e+00   1.4385e+01   1.6838e+01   1.2360e-04   6.9355e+05   3.7025e-04   2.0911e-05   2.0775e+06   1.1733e+05
   4.4049e+00   1.4389e+01   1.6837e+01   1.0807e-04   6.0112e+05   2.7256e-04   1.5147e-05   1.5161e+06   8.4257e+04
   4.4061e+00   1.4390e+01   1.6836e+01   1.0569e-04   5.8640e+05   2.8179e-04   1.6249e-05   1.5635e+06   9.0151e+04
   4.4095e+00   1.4394e+01   1.6835e+01   1.0071e-04   5.5477e+05   2.2686e-04   1.2683e-05   1.2497e+06   6.9865e+04
   4.4138e+00   1.4398e+01   1.6834e+01   9.4124e-05   5.1365e+05   2.2425e-04   1.2651e-05   1.2238e+06   6.9036e+04
   4.4162e+00   1.4400e+01   1.6833e+01   8.9960e-05   4.8840e+05   2.2030e-04   1.2288e-05   1.1960e+06   6.6714e+04
   4.4188e+00   1.4403e+01   1.6832e+01   8.5262e-05   4.6035e+05   1.9804e-04   1.1162e-05   1.0693e+06   6.0266e+04
   4.4216e+00   1.4406e+01   1.6832e+01   7.9985e-05   4.2925e+05   1.7746e-04   1.0254e-05   9.5235e+05   5.5031e+04
   4.4233e+00   1.4407e+01   1.6831e+01   7.6822e-05   4.1077e+05   1.6798e-04   1.0146e-05   8.9822e+05   5.4252e+04
   4.4242e+00   1.4408e+01   1.6831e+01   7.5305e-05   4.0192e+05   1.6461e-04   9.3132e-06   8.7859e+05   4.9707e+04
   4.4293e+00   1.4413e+01   1.6829e+01   6.7039e-05   3.5390e+05   1.3724e-04   7.8812e-06   7.2451e+05   4.1605e+04
   4.4314e+00   1.4416e+01   1.6829e+01   6.4098e-05   3.3689e+05   1.2779e-04   7.2315e-06   6.7164e+05   3.8008e+04
   4.4405e+00   1.4425e+01   1.6826e+01   5.3252e-05   2.7453e+05   8.2599e-05   5.2855e-06   4.2581e+05   2.7248e+04
   4.4574e+00   1.4442e+01   1.6821e+01   3.9776e-05   1.9782e+05   5.6923e-05   3.5880e-06   2.8309e+05   1.7844e+04
   4.4748e+00   1.4459e+01   1.6816e+01   3.2412e-05   1.5542e+05   6.3189e-05   4.1177e-06   3.0300e+05   1.9745e+04
   4.4919e+00   1.4476e+01   1.6811e+01   3.4375e-05   1.5902e+05   8.3694e-05   5.8710e-06   3.8718e+05   2.7160e+04
   4.5000e+00   1.4484e+01   1.6809e+01   4.2817e-05   1.9474e+05   1.1207e-04   6.7846e-06   5.0975e+05   3.0858e+04
   4.5031e+00   1.4487e+01   1.6808e+01   4.8454e-05   2.1897e+05   1.1674e-04   8.0725e-06   5.2759e+05   3.6481e+04
   4.5091e+00   1.4493e+01   1.6806e+01   6.5450e-05   2.9212e+05   1.6669e-04   1.1765e-05   7.4397e+05   5.2509e+04
   4.5175e+00   1.4502e+01   1.6804e+01   1.1045e-04   4.8444e+05   2.5094e-04   1.6180e-05   1.1007e+06   7.0970e+04
   4.5219e+00   1.4506e+01   1.6803e+01   1.4748e-04   6.4105e+05   2.8733e-04   1.9200e-05   1.2489e+06   8.3460e+04
   4.5262e+00   1.4510e+01   1.6802e+01   2.6229e-04   1.1301e+06   3.7438e-04   2.3693e-05   1.6130e+06   1.0208e+05
   4.5305e+00   1.4515e+01   1.6801e+01   4.5626e-04   1.9485e+06   5.2120e-04   2.9117e-05   2.2258e+06   1.2435e+05
   4.5305e+00   1.4515e+01   1.6801e+01   4.5626e-04   1.9485e+06   5.4455e-04   3.2444e-05   2.3255e+06   1.3855e+05
   4.5346e+00   1.4519e+01   1.6799e+01   5.6564e-04   2.3952e+06   7.6784e-04   4.5398e-05   3.2515e+06   1.9224e+05
   4.5390e+00   1.4523e+01   1.6798e+01   6.7827e-04   2.8460e+06   9.2132e-04   5.4584e-05   3.8658e+06   2.2903e+05
   4.2262e+00   1.4210e+01   3.3665e+01   2.3254e-05   1.9240e+05   4.5758e-05   3.0372e-06   3.7859e+05   2.5129e+04
   4.2315e+00   1.4216e+01   3.3661e+01   2.6330e-05   2.1521e+05   4.6384e-05   2.7521e-06   3.7912e+05   2.2495e+04
   4.2350e+00   1.4219e+01   3.3659e+01   2.8589e-05   2.3184e+05   4.6659e-05   3.0082e-06   3.7839e+05   2.4396e+04
   4.2407e+00   1.4225e+01   3.3655e+01   3.2913e-05   2.6343e+05   4.4929e-05   2.6897e-06   3.5961e+05   2.1528e+04
   4.2491e+00   1.4233e+01   3.3649e+01   4.0545e-05   3.1837e+05   4.6775e-05   2.8101e-06   3.6729e+05   2.2065e+04
   4.2522e+00   1.4236e+01   3.3647e+01   4.3712e-05   3.4084e+05   5.1728e-05   3.2809e-06   4.0334e+05   2.5583e+04
   4.2578e+00   1.4242e+01   3.3643e+01   4.9744e-05   3.8300e+05   4.9820e-05   3.0175e-06   3.8358e+05   2.3233e+04
   4.2621e+00   1.4246e+01   3.3640e+01   5.4501e-05   4.1548e+05   5.6647e-05   3.3429e-06   4.3185e+05   2.5484e+04
   4.2645e+00   1.4249e+01   3.3639e+01   5.6996e-05   4.3215e+05   5.9756e-05   3.5307e-06   4.5308e+05   2.6771e+04
   4.2673e+00   1.4251e+01   3.3637e+01   5.9650e-05   4.4948e+05   5.8514e-05   3.5298e-06   4.4092e+05   2.6598e+04
   4.2691e+00   1.4253e+01   3.3635e+01   6.1239e-05   4.5958e+05   6.2812e-05   3.9410e-06   4.7138e+05   2.9576e+04
   4.2715e+00   1.4256e+01   3.3634e+01   6.3126e-05   4.7118e+05   5.9965e-05   3.4357e-06   4.4759e+05   2.5645e+04
   4.2730e+00   1.4257e+01   3.3633e+01   6.4186e-05   4.7743e+05   6.4759e-05   3.8404e-06   4.8169e+05   2.8566e+04
   4.2817e+00   1.4266e+01   3.3627e+01   6.7872e-05   4.9510e+05   4.7794e-05   2.8997e-06   3.4864e+05   2.1152e+04
   4.2863e+00   1.4270e+01   3.3624e+01   6.8716e-05   4.9607e+05   5.0434e-05   3.2670e-06   3.6409e+05   2.3585e+04
   4.2902e+00   1.4274e+01   3.3621e+01   6.9363e-05   4.9634e+05   3.9959e-05   2.4648e-06   2.8593e+05   1.7637e+04
   4.2987e+00   1.4283e+01   3.3616e+01   7.2713e-05   5.1052e+05   3.1690e-05   1.9662e-06   2.2249e+05   1.3805e+04
   4.3034e+00   1.4287e+01   3.3613e+01   7.8349e-05   5.4443e+05   3.4501e-05   2.4562e-06   2.3974e+05   1.7068e+04
   4.3075e+00   1.4292e+01   3.3610e+01   1.0821e-04   7.4503e+05   4.3382e-05   2.6852e-06   2.9870e+05   1.8489e+04
   4.3100e+00   1.4294e+01   3.3608e+01   1.1694e-04   8.0071e+05   5.8839e-05   3.5304e-06   4.0289e+05   2.4174e+04
   4.3101e+00   1.4294e+01   3.3608e+01   1.1735e-04   8.0326e+05   5.6422e-05   3.3931e-06   3.8619e+05   2.3225e+04
   4.3118e+00   1.4296e+01   3.3607e+01   1.2094e-04   8.2479e+05   9.2797e-05   5.4648e-06   6.3287e+05   3.7270e+04
   4.3160e+00   1.4300e+01   3.3605e+01   1.2925e-04   8.7312e+05   1.7516e-04   1.0321e-05   1.1833e+06   6.9721e+04
   4.3186e+00   1.4303e+01   3.3603e+01   1.3397e-04   8.9988e+05   1.8695e-04   1.1220e-05   1.2558e+06   7.5367e+04
   4.3206e+00   1.4305e+01   3.3602e+01   1.3727e-04   9.1800e+05   1.9586e-04   1.2068e-05   1.3098e+06   8.0706e+04
   4.3229e+00   1.4307e+01   3.3600e+01   1.3954e-04   9.2840e+05   2.2513e-04   1.3087e-05   1.4979e+06   8.7072e+04
   4.3256e+00   1.4310e+01   3.3598e+01   1.2700e-04   8.4005e+05   2.5623e-04   1.4639e-05   1.6948e+06   9.6830e+04
   4.3280e+00   1.4312e+01   3.3597e+01   1.1995e-04   7.8917e+05   2.7655e-04   1.5654e-05   1.8195e+06   1.0300e+05
   4.3308e+00   1.4315e+01   3.3595e+01   1.2128e-04   7.9295e+05   2.6677e-04   1.5502e-05   1.7442e+06   1.0136e+05
   4.3332e+00   1.4317e+01   3.3594e+01   1.2313e-04   8.0082e+05   2.4291e-04   1.3995e-05   1.5798e+06   9.1023e+04
   4.3376e+00   1.4322e+01   3.3591e+01   1.2498e-04   8.0489e+05   1.9927e-04   1.1879e-05   1.2834e+06   7.6506e+04
   4.3418e+00   1.4326e+01   3.3588e+01   1.2371e-04   7.8953e+05   1.4204e-04   8.3934e-06   9.0652e+05   5.3568e+04
   4.3504e+00   1.4335e+01   3.3583e+01   1.0699e-04   6.6996e+05   9.2779e-05   5.8013e-06   5.8097e+05   3.6327e+04
   4.3547e+00   1.4339e+01   3.3580e+01   8.6535e-05   5.3681e+05   7.5111e-05   5.1008e-06   4.6594e+05   3.1642e+04
   4.3586e+00   1.4343e+01   3.3578e+01   6.5722e-05   4.0419e+05   6.6514e-05   4.2374e-06   4.0907e+05   2.6060e+04
   4.3669e+00   1.4351e+01   3.3573e+01   6.6856e-05   4.0377e+05   5.2490e-05   3.6277e-06   3.1701e+05   2.1909e+04
   4.3719e+00   1.4356e+01   3.3570e+01   4.4513e-04   2.6594e+06   5.7146e-05   4.0307e-06   3.4141e+05   2.4081e+04
   4.3751e+00   1.4359e+01   3.3568e+01   6.5922e-04   3.9113e+06   2.3435e-04   1.4196e-05   1.3905e+06   8.4229e+04
   4.3777e+00   1.4362e+01   3.3566e+01   7.4236e-04   4.3792e+06   4.2538e-04   2.3183e-05   2.5094e+06   1.3676e+05
   4.3795e+00   1.4364e+01   3.3565e+01   7.7940e-04   4.5798e+06   4.7664e-04   2.6484e-05   2.8008e+06   1.5562e+05
   4.3805e+00   1.4365e+01   3.3564e+01   7.9512e-04   4.6627e+06   4.9102e-04   2.7651e-05   2.8794e+06   1.6215e+05
   4.3808e+00   1.4365e+01   3.3564e+01   8.0032e-04   4.6896e+06   4.8016e-04   2.7037e-05   2.8136e+06   1.5843e+05
   4.3811e+00   1.4365e+01   3.3564e+01   8.0403e-04   4.7088e+06   4.7709e-04   2.6832e-05   2.7940e+06   1.5714e+05
   4.3830e+00   1.4367e+01   3.3563e+01   8.2634e-04   4.8197e+06   5.9471e-04   3.3001e-05   3.4687e+06   1.9248e+05
   4.3847e+00   1.4369e+01   3.3562e+01   8.3623e-04   4.8592e+06   6.2252e-04   3.4246e-05   3.6174e+06   1.9900e+05
   4.3864e+00   1.4371e+01   3.3561e+01   8.2510e-04   4.7768e+06   6.2288e-04   3.4455e-05   3.6061e+06   1.9947e+05
   4.3880e+00   1.4372e+01   3.3560e+01   7.6781e-04   4.4295e+06   6.3115e-04   3.4583e-05   3.6411e+06   1.9951e+05
   4.3891e+00   1.4373e+01   3.3559e+01   6.9023e-04   3.9731e+06   6.4180e-04   3.5391e-05   3.6943e+06   2.0372e+05
   4.3897e+00   1.4374e+01   3.3559e+01   6.2267e-04   3.5789e+06   6.2774e-04   3.4637e-05   3.6080e+06   1.9908e+05
   4.3923e+00   1.4376e+01   3.3557e+01   4.0688e-04   2.3256e+06   6.0286e-04   3.3010e-05   3.4458e+06   1.8868e+05
   4.3966e+00   1.4381e+01   3.3555e+01   2.8741e-04   1.6276e+06   5.1116e-04   2.7688e-05   2.8948e+06   1.5680e+05
   4.4009e+00   1.4385e+01   3.3552e+01   2.5661e-04   1.4399e+06   3.8531e-04   2.1731e-05   2.1620e+06   1.2193e+05
   4.4049e+00   1.4389e+01   3.3550e+01   2.3972e-04   1.3334e+06   2.7448e-04   1.5301e-05   1.5268e+06   8.5113e+04
   4.4061e+00   1.4390e+01   3.3549e+01   2.3395e-04   1.2980e+06   2.9193e-04   1.6803e-05   1.6197e+06   9.3225e+04
   4.4095e+00   1.4394e+01   3.3547e+01   2.1471e-04   1.1828e+06   2.2727e-04   1.2742e-05   1.2519e+06   7.0191e+04
   4.4138e+00   1.4398e+01   3.3545e+01   1.8534e-04   1.0114e+06   2.2025e-04   1.2528e-05   1.2019e+06   6.8367e+04
   4.4162e+00   1.4400e+01   3.3543e+01   1.6941e-04   9.1974e+05   2.1670e-04   1.2205e-05   1.1765e+06   6.6264e+04
   4.4188e+00   1.4403e+01   3.3542e+01   1.5358e-04   8.2922e+05   1.9367e-04   1.1045e-05   1.0457e+06   5.9635e+04
   4.4216e+00   1.4406e+01   3.3540e+01   1.3794e-04   7.4028e+05   1.8078e-04   1.0511e-05   9.7021e+05   5.6407e+04
   4.4233e+00   1.4407e+01   3.3539e+01   1.2945e-04   6.9217e+05   1.7420e-04   1.0568e-05   9.3143e+05   5.6508e+04
   4.4242e+00   1.4408e+01   3.3539e+01   1.2552e-04   6.6991e+05   1.6835e-04   9.6162e-06   8.9851e+05   5.1324e+04
   4.4293e+00   1.4413e+01   3.3536e+01   1.0552e-04   5.5702e+05   1.3630e-04   7.9177e-06   7.1952e+05   4.1797e+04
   4.4314e+00   1.4416e+01   3.3534e+01   9.8959e-05   5.2012e+05   1.2300e-04   7.0830e-06   6.4647e+05   3.7228e+04
   4.4405e+00   1.4425e+01   3.3529e+01   7.7134e-05   3.9764e+05   7.8838e-05   5.2375e-06   4.0643e+05   2.7000e+04
   4.4574e+00   1.4442e+01   3.3520e+01   5.6070e-05   2.7885e+05   5.9670e-05   3.8046e-06   2.9675e+05   1.8921e+04
   4.4748e+00   1.4459e+01   3.3510e+01   5.1566e-05   2.4727e+05   6.7526e-05   4.4860e-06   3.2379e+05   2.1511e+04
   4.4919e+00   1.4476e+01   3.3501e+01   6.7064e-05   3.1024e+05   8.8057e-05   6.3977e-06   4.0736e+05   2.9597e+04
   4.5000e+00   1.4484e+01   3.3496e+01   8.7483e-05   3.9790e+05   1.1631e-04   7.3168e-06   5.2902e+05   3.3279e+04
   4.5031e+00   1.4487e+01   3.3494e+01   9.9034e-05   4.4755e+05   1.2802e-04   9.1249e-06   5.7853e+05   4.1237e+04
   4.5091e+00   1.4493e+01   3.3491e+01   1.3039e-04   5.8194e+05   1.7057e-04   1.2911e-05   7.6129e+05   5.7624e+04
   4.5175e+00   1.4502e+01   3.3487e+01   2.0377e-04   8.9378e+05   2.5673e-04   1.7310e-05   1.1261e+06   7.5926e+04
   4.5219e+00   1.4506e+01   3.3484e+01   2.6003e-04   1.1303e+06   2.9803e-04   2.1050e-05   1.2955e+06   9.1500e+04
   4.5262e+00   1.4510e+01   3.3482e+01   3.8323e-04   1.6511e+06   3.7763e-04   2.5044e-05   1.6270e+06   1.0790e+05
   4.5305e+00   1.4515e+01   3.3480e+01   5.8910e-04   2.5158e+06   5.1439e-04   2.9367e-05   2.1968e+06   1.2542e+05
   4.5305e+00   1.4515e+01   3.3480e+01   5.8910e-04   2.5158e+06   4.9321e-04   3.1229e-05   2.1063e+06   1.3337e+05
   4.5346e+00   1.4519e+01   3.3478e+01   7.1500e-04   3.0277e+06   7.4093e-04   4.5267e-05   3.1375e+06   1.9169e+05
   4.5390e+00   1.4523e+01   3.3475e+01   8.3612e-04   3.5083e+06   9.4236e-04   5.6901e-05   3.9541e+06   2.3876e+05
   4.2262e+00   1.4210e+01   5.0187e+01   2.7546e-05   2.2791e+05   4.6174e-05   3.0556e-06   3.8203e+05   2.5281e+04
   4.2315e+00   1.4216e+01   5.0181e+01   3.1023e-05   2.5357e+05   4.8877e-05   2.9102e-06   3.9950e+05   2.3787e+04
   4.2350e+00   1.4219e+01   5.0178e+01   3.3547e-05   2.7205e+05   5.2641e-05   3.3406e-06   4.2690e+05   2.7091e+04
   4.2407e+00   1.4225e+01   5.0172e+01   3.8308e-05   3.0662e+05   4.7633e-05   2.8526e-06   3.8125e+05   2.2832e+04
   4.2491e+00   1.4233e+01   5.0164e+01   4.6457e-05   3.6479e+05   5.0258e-05   3.0215e-06   3.9463e+05   2.3726e+04
   4.2522e+00   1.4236e+01   5.0161e+01   4.9725e-05   3.8772e+05   5.0101e-05   3.2347e-06   3.9065e+05   2.5222e+04
   4.2578e+00   1.4242e+01   5.0156e+01   5.5717e-05   4.2898e+05   5.2742e-05   3.1742e-06   4.0608e+05   2.4439e+04
   4.2621e+00   1.4246e+01   5.0151e+01   6.0155e-05   4.5859e+05   5.4751e-05   3.2902e-06   4.1739e+05   2.5082e+04
   4.2645e+00   1.4249e+01   5.0149e+01   6.2338e-05   4.7266e+05   5.8127e-05   3.5142e-06   4.4073e+05   2.6645e+04
   4.2673e+00   1.4251e+01   5.0146e+01   6.4505e-05   4.8606e+05   6.1013e-05   3.6751e-06   4.5975e+05   2.7693e+04
   4.2691e+00   1.4253e+01   5.0145e+01   6.5693e-05   4.9301e+05   6.1179e-05   3.8738e-06   4.5913e+05   2.9072e+04
   4.2715e+00   1.4256e+01   5.0142e+01   6.6951e-05   4.9973e+05   5.9842e-05   3.4569e-06   4.4667e+05   2.5803e+04
   4.2730e+00   1.4257e+01   5.0141e+01   6.7549e-05   5.0244e+05   5.9371e-05   3.6091e-06   4.4161e+05   2.6845e+04
   4.2817e+00   1.4266e+01   5.0133e+01   6.7992e-05   4.9598e+05   4.9420e-05   3.0127e-06   3.6050e+05   2.1977e+04
   4.2863e+00   1.4270e+01   5.0128e+01   6.6807e-05   4.8229e+05   4.9421e-05   3.2556e-06   3.5678e+05   2.3503e+04
   4.2902e+00   1.4274e+01   5.0125e+01   6.5613e-05   4.6950e+05   3.9456e-05   2.4702e-06   2.8233e+05   1.7676e+04
   4.2987e+00   1.4283e+01   5.0117e+01   6.3990e-05   4.4927e+05   3.0920e-05   1.9546e-06   2.1709e+05   1.3723e+04
   4.3034e+00   1.4287e+01   5.0113e+01   6.4395e-05   4.4747e+05   3.1993e-05   2.3697e-06   2.2231e+05   1.6466e+04
   4.3075e+00   1.4292e+01   5.0109e+01   9.7498e-05   6.7131e+05   4.2855e-05   2.7265e-06   2.9507e+05   1.8773e+04
   4.3100e+00   1.4294e+01   5.0107e+01   1.1300e-04   7.7375e+05   5.5935e-05   3.4289e-06   3.8301e+05   2.3479e+04
   4.3101e+00   1.4294e+01   5.0106e+01   1.1375e-04   7.7859e+05   5.6066e-05   3.4326e-06   3.8376e+05   2.3495e+04
   4.3118e+00   1.4296e+01   5.0105e+01   1.2009e-04   8.1903e+05   9.0435e-05   5.4158e-06   6.1677e+05   3.6936e+04
   4.3160e+00   1.4300e+01   5.0101e+01   1.3395e-04   9.0488e+05   1.6915e-04   1.0090e-05   1.1427e+06   6.8160e+04
   4.3186e+00   1.4303e+01   5.0099e+01   1.4181e-04   9.5250e+05   1.9097e-04   1.1564e-05   1.2828e+06   7.7673e+04
   4.3206e+00   1.4305e+01   5.0097e+01   1.4783e-04   9.8866e+05   1.9088e-04   1.1948e-05   1.2765e+06   7.9906e+04
   4.3229e+00   1.4307e+01   5.0095e+01   1.5427e-04   1.0264e+06   2.2740e-04   1.3301e-05   1.5130e+06   8.8497e+04
   4.3256e+00   1.4310e+01   5.0092e+01   1.4318e-04   9.4702e+05   2.5492e-04   1.4635e-05   1.6861e+06   9.6801e+04
   4.3280e+00   1.4312e+01   5.0090e+01   1.2833e-04   8.4434e+05   2.6895e-04   1.5413e-05   1.7695e+06   1.0141e+05
   4.3308e+00   1.4315e+01   5.0088e+01   1.2533e-04   8.1947e+05   2.6006e-04   1.5348e-05   1.7004e+06   1.0035e+05
   4.3332e+00   1.4317e+01   5.0085e+01   1.2514e-04   8.1391e+05   2.3279e-04   1.3656e-05   1.5140e+06   8.8819e+04
   4.3376e+00   1.4322e+01   5.0081e+01   1.2508e-04   8.0552e+05   1.9085e-04   1.1590e-05   1.2291e+06   7.4642e+04
   4.3418e+00   1.4326e+01   5.0078e+01   1.2316e-04   7.8603e+05   1.3861e-04   8.3266e-06   8.8460e+05   5.3142e+04
   4.3504e+00   1.4335e+01   5.0070e+01   9.6097e-05   6.0175e+05   9.5337e-05   6.0733e-06   5.9699e+05   3.8030e+04
   4.3547e+00   1.4339e+01   5.0066e+01   7.6530e-05   4.7474e+05   7.2723e-05   5.1313e-06   4.5113e+05   3.1831e+04
   4.3586e+00   1.4343e+01   5.0063e+01   5.5857e-05   3.4352e+05   5.9016e-05   3.9172e-06   3.6295e+05   2.4091e+04
   4.3669e+00   1.4351e+01   5.0056e+01   4.6261e-05   2.7939e+05   5.3597e-05   3.8505e-06   3.2369e+05   2.3255e+04
   4.3719e+00   1.4356e+01   5.0051e+01   3.0129e-04   1.8000e+06   5.6418e-05   4.1348e-06   3.3706e+05   2.4703e+04
   4.3751e+00   1.4359e+01   5.0049e+01   4.6583e-04   2.7639e+06   2.1337e-04   1.3439e-05   1.2660e+06   7.9739e+04
   4.3777e+00   1.4362e+01   5.0046e+01   5.3920e-04   3.1808e+06   3.9969e-04   2.2045e-05   2.3578e+06   1.3004e+05
   4.3795e+00   1.4364e+01   5.0045e+01   5.7681e-04   3.3894e+06   4.4025e-04   2.4907e-05   2.5869e+06   1.4635e+05
   4.3805e+00   1.4365e+01   5.0044e+01   5.9458e-04   3.4867e+06   4.7409e-04   2.7049e-05   2.7801e+06   1.5862e+05
   4.3808e+00   1.4365e+01   5.0044e+01   6.0080e-04   3.5205e+06   4.6400e-04   2.6473e-05   2.7189e+06   1.5512e+05
   4.3811e+00   1.4365e+01   5.0044e+01   6.0540e-04   3.5455e+06   4.5911e-04   2.6156e-05   2.6888e+06   1.5318e+05
   4.3830e+00   1.4367e+01   5.0042e+01   6.3704e-04   3.7156e+06   5.8972e-04   3.2949e-05   3.4396e+06   1.9217e+05
   4.3847e+00   1.4369e+01   5.0040e+01   6.6105e-04   3.8413e+06   5.9952e-04   3.3311e-05   3.4838e+06   1.9357e+05
   4.3864e+00   1.4371e+01   5.0039e+01   6.7312e-04   3.8969e+06   5.9146e-04   3.3111e-05   3.4242e+06   1.9169e+05
   4.3880e+00   1.4372e+01   5.0038e+01   6.5412e-04   3.7737e+06   6.1291e-04   3.3848e-05   3.5359e+06   1.9527e+05
   4.3891e+00   1.4373e+01   5.0037e+01   6.1293e-04   3.5281e+06   6.1610e-04   3.4340e-05   3.5464e+06   1.9767e+05
   4.3897e+00   1.4374e+01   5.0036e+01   5.7322e-04   3.2947e+06   5.8982e-04   3.2970e-05   3.3901e+06   1.8950e+05
   4.3923e+00   1.4376e+01   5.0034e+01   4.4044e-04   2.5175e+06   5.9564e-04   3.2822e-05   3.4046e+06   1.8760e+05
   4.3966e+00   1.4381e+01   5.0030e+01   3.7465e-04   2.1217e+06   4.9544e-04   2.7017e-05   2.8057e+06   1.5300e+05
   4.4009e+00   1.4385e+01   5.0027e+01   3.5941e-04   2.0166e+06   3.6246e-04   2.0753e-05   2.0338e+06   1.1645e+05
   4.4049e+00   1.4389e+01   5.0023e+01   3.3954e-04   1.8887e+06   2.5997e-04   1.4615e-05   1.4461e+06   8.1298e+04
   4.4061e+00   1.4390e+01   5.0022e+01   3.3059e-04   1.8342e+06   2.7726e-04   1.6165e-05   1.5383e+06   8.9687e+04
   4.4095e+00   1.4394e+01   5.0020e+01   2.9921e-04   1.6482e+06   2.1399e-04   1.2165e-05   1.1788e+06   6.7011e+04
   4.4138e+00   1.4398e+01   5.0016e+01   2.5201e-04   1.3752e+06   2.0967e-04   1.2093e-05   1.1442e+06   6.5991e+04
   4.4162e+00   1.4400e+01   5.0014e+01   2.2738e-04   1.2345e+06   2.0769e-04   1.1813e-05   1.1276e+06   6.4132e+04
   4.4188e+00   1.4403e+01   5.0012e+01   2.0364e-04   1.0995e+06   1.9002e-04   1.0946e-05   1.0260e+06   5.9098e+04
   4.4216e+00   1.4406e+01   5.0010e+01   1.8099e-04   9.7132e+05   1.7844e-04   1.0466e-05   9.5764e+05   5.6169e+04
   4.4233e+00   1.4407e+01   5.0008e+01   1.6901e-04   9.0369e+05   1.6846e-04   1.0408e-05   9.0077e+05   5.5650e+04
   4.4242e+00   1.4408e+01   5.0007e+01   1.6350e-04   8.7264e+05   1.6066e-04   9.3376e-06   8.5750e+05   4.9837e+04
   4.4293e+00   1.4413e+01   5.0003e+01   1.3604e-04   7.1813e+05   1.3574e-04   7.9788e-06   7.1656e+05   4.2120e+04
   4.4314e+00   1.4416e+01   5.0002e+01   1.2726e-04   6.6887e+05   1.1913e-04   6.9611e-06   6.2612e+05   3.6587e+04
   4.4405e+00   1.4425e+01   4.9994e+01   9.8953e-05   5.1013e+05   7.6192e-05   5.2384e-06   3.9279e+05   2.7005e+04
   4.4574e+00   1.4442e+01   4.9981e+01   7.2739e-05   3.6174e+05   5.6560e-05   3.7306e-06   2.8128e+05   1.8553e+04
   4.4748e+00   1.4459e+01   4.9967e+01   6.4907e-05   3.1124e+05   6.1691e-05   4.2210e-06   2.9581e+05   2.0240e+04
   4.4919e+00   1.4476e+01   4.9954e+01   7.1985e-05   3.3301e+05   8.1921e-05   6.3523e-06   3.7898e+05   2.9387e+04
   4.5000e+00   1.4484e+01   4.9947e+01   8.2587e-05   3.7563e+05   1.0607e-04   7.0062e-06   4.8245e+05   3.1866e+04
   4.5031e+00   1.4487e+01   4.9945e+01   8.8475e-05   3.9983e+05   1.2076e-04   9.1488e-06   5.4575e+05   4.1345e+04
   4.5091e+00   1.4493e+01   4.9940e+01   1.0403e-04   4.6430e+05   1.6169e-04   1.3027e-05   7.2165e+05   5.8143e+04
   4.5175e+00   1.4502e+01   4.9934e+01   1.3872e-04   6.0844e+05   2.4919e-04   1.7850e-05   1.0930e+06   7.8293e+04
   4.5219e+00   1.4506e+01   4.9931e+01   1.6470e-04   7.1592e+05   3.0026e-04   2.1906e-05   1.3051e+06   9.5221e+04
   4.5262e+00   1.4510e+01   4.9928e+01   2.5645e-04   1.1049e+06   3.5460e-04   2.4611e-05   1.5278e+06   1.0603e+05
   4.5305e+00   1.4515e+01   4.9924e+01   3.5999e-04   1.5374e+06   4.9376e-04   2.8730e-05   2.1086e+06   1.2270e+05
   4.5305e+00   1.4515e+01   4.9924e+01   3.5999e-04   1.5374e+06   4.8339e-04   3.1110e-05   2.0644e+06   1.3286e+05
   4.5346e+00   1.4519e+01   4.9921e+01   4.0640e-04   1.7209e+06   7.2860e-04   4.5222e-05   3.0853e+06   1.9149e+05
   4.5390e+00   1.4523e+01   4.9918e+01   4.4570e-04   1.8701e+06   9.3181e-04   5.7213e-05   3.9099e+06   2.4006e+05
   4.2262e+00   1.4210e+01   9.7345e+01   2.8912e-05   2.3921e+05   5.5161e-05   4.0668e-06   4.5638e+05   3.3647e+04
   4.2315e+00   1.4216e+01   9.7338e+01   3.2108e-05   2.6243e+05   5.8218e-05   3.7032e-06   4.7585e+05   3.0268e+04
   4.2350e+00   1.4219e+01   9.7333e+01   3.4366e-05   2.7870e+05   5.7161e-05   4.1512e-06   4.6355e+05   3.3665e+04
   4.2407e+00   1.4225e+01   9.7325e+01   3.8474e-05   3.0794e+05   5.5665e-05   3.5759e-06   4.4554e+05   2.8621e+04
   4.2491e+00   1.4233e+01   9.7313e+01   4.4946e-05   3.5293e+05   5.7939e-05   3.7271e-06   4.5495e+05   2.9266e+04
   4.2522e+00   1.4236e+01   9.7309e+01   4.7293e-05   3.6876e+05   5.4772e-05   3.9754e-06   4.2708e+05   3.0997e+04
   4.2578e+00   1.4242e+01   9.7301e+01   5.1068e-05   3.9319e+05   6.1693e-05   3.9776e-06   4.7500e+05   3.0625e+04
   4.2621e+00   1.4246e+01   9.7295e+01   5.3200e-05   4.0557e+05   6.1252e-05   3.8903e-06   4.6695e+05   2.9657e+04
   4.2645e+00   1.4249e+01   9.7292e+01   5.3900e-05   4.0867e+05   6.7027e-05   4.2885e-06   5.0821e+05   3.2516e+04
   4.2673e+00   1.4251e+01   9.7288e+01   5.4193e-05   4.0836e+05   6.6912e-05   4.3051e-06   5.0420e+05   3.2440e+04
   4.2691e+00   1.4253e+01   9.7286e+01   5.4063e-05   4.0573e+05   6.4813e-05   4.6033e-06   4.8640e+05   3.4546e+04
   4.2715e+00   1.4256e+01   9.7282e+01   5.3476e-05   3.9915e+05   6.7260e-05   4.1360e-06   5.0204e+05   3.0871e+04
   4.2730e+00   1.4257e+01   9.7280e+01   5.2850e-05   3.9311e+05   6.3855e-05   4.2356e-06   4.7496e+05   3.1505e+04
   4.2817e+00   1.4266e+01   9.7269e+01   4.6369e-05   3.3824e+05   5.5444e-05   3.6667e-06   4.0444e+05   2.6747e+04
   4.2863e+00   1.4270e+01   9.7262e+01   4.1811e-05   3.0184e+05   5.2839e-05   3.9230e-06   3.8145e+05   2.8321e+04
   4.2902e+00   1.4274e+01   9.7257e+01   3.8051e-05   2.7228e+05   4.4395e-05   2.9774e-06   3.1767e+05   2.1305e+04
   4.2987e+00   1.4283e+01   9.7246e+01   3.1644e-05   2.2217e+05   3.5151e-05   2.3845e-06   2.4680e+05   1.6742e+04
   4.3034e+00   1.4287e+01   9.7240e+01   2.9643e-05   2.0599e+05   3.6497e-05   2.9518e-06   2.5361e+05   2.0511e+04
   4.3075e+00   1.4292e+01   9.7235e+01   6.5867e-05   4.5352e+05   4.4829e-05   3.2028e-06   3.0866e+05   2.2053e+04
   4.3100e+00   1.4294e+01   9.7231e+01   8.2280e-05   5.6340e+05   6.3376e-05   4.1624e-06   4.3396e+05   2.8501e+04
   4.3101e+00   1.4294e+01   9.7231e+01   8.3038e-05   5.6838e+05   6.0238e-05   3.9672e-06   4.1232e+05   2.7155e+04
   4.3118e+00   1.4296e+01   9.7229e+01   8.9303e-05   6.0905e+05   9.2965e-05   6.1617e-06   6.3402e+05   4.2023e+04
   4.3160e+00   1.4300e+01   9.7223e+01   1.0237e-04   6.9155e+05   1.7323e-04   1.1475e-05   1.1702e+06   7.7518e+04
   4.3186e+00   1.4303e+01   9.7220e+01   1.0965e-04   7.3651e+05   1.8576e-04   1.2728e-05   1.2478e+06   8.5496e+04
   4.3206e+00   1.4305e+01   9.7218e+01   1.1527e-04   7.7085e+05   2.0467e-04   1.4348e-05   1.3688e+06   9.5954e+04
   4.3229e+00   1.4307e+01   9.7215e+01   1.2118e-04   8.0627e+05   2.3444e-04   1.5062e-05   1.5598e+06   1.0021e+05
   4.3256e+00   1.4310e+01   9.7211e+01   1.0661e-04   7.0515e+05   2.6044e-04   1.6409e-05   1.7227e+06   1.0854e+05
   4.3280e+00   1.4312e+01   9.7208e+01   8.8275e-05   5.8080e+05   2.7677e-04   1.7240e-05   1.8209e+06   1.1343e+05
   4.3308e+00   1.4315e+01   9.7204e+01   8.4161e-05   5.5027e+05   2.6737e-04   1.7404e-05   1.7482e+06   1.1379e+05
   4.3332e+00   1.4317e+01   9.7201e+01   8.4093e-05   5.4692e+05   2.3822e-04   1.5443e-05   1.5493e+06   1.0044e+05
   4.3376e+00   1.4322e+01   9.7196e+01   8.6686e-05   5.5828e+05   1.8711e-04   1.3007e-05   1.2050e+06   8.3767e+04
   4.3418e+00   1.4326e+01   9.7191e+01   9.1580e-05   5.8448e+05   1.2290e-04   8.6275e-06   7.8439e+05   5.5062e+04
   4.3504e+00   1.4335e+01   9.7180e+01   8.5272e-05   5.3396e+05   9.2459e-05   6.5942e-06   5.7897e+05   4.1292e+04
   4.3547e+00   1.4339e+01   9.7174e+01   7.3808e-05   4.5786e+05   7.9983e-05   6.3498e-06   4.9616e+05   3.9390e+04
   4.3586e+00   1.4343e+01   9.7169e+01   6.0599e-05   3.7268e+05   6.1854e-05   4.5834e-06   3.8041e+05   2.8188e+04
   4.3669e+00   1.4351e+01   9.7159e+01   4.7569e-05   2.8729e+05   4.8523e-05   3.9640e-06   2.9305e+05   2.3940e+04
   4.3719e+00   1.4356e+01   9.7153e+01   2.1710e-04   1.2970e+06   5.9524e-05   4.7617e-06   3.5561e+05   2.8448e+04
   4.3751e+00   1.4359e+01   9.7149e+01   3.3829e-04   2.0072e+06   2.0601e-04   1.4228e-05   1.2223e+06   8.4421e+04
   4.3777e+00   1.4362e+01   9.7146e+01   4.0010e-04   2.3602e+06   4.0236e-04   2.3356e-05   2.3736e+06   1.3778e+05
   4.3795e+00   1.4364e+01   9.7144e+01   4.3511e-04   2.5568e+06   4.4131e-04   2.6608e-05   2.5932e+06   1.5635e+05
   4.3805e+00   1.4365e+01   9.7143e+01   4.5261e-04   2.6542e+06   4.6115e-04   2.8539e-05   2.7042e+06   1.6735e+05
   4.3808e+00   1.4365e+01   9.7142e+01   4.5890e-04   2.6890e+06   4.4357e-04   2.7390e-05   2.5992e+06   1.6050e+05
   4.3811e+00   1.4365e+01   9.7142e+01   4.6360e-04   2.7150e+06   4.6129e-04   2.8244e-05   2.7015e+06   1.6541e+05
   4.3830e+00   1.4367e+01   9.7140e+01   4.9754e-04   2.9019e+06   5.6018e-04   3.3986e-05   3.2673e+06   1.9822e+05
   4.3847e+00   1.4369e+01   9.7138e+01   5.2665e-04   3.0603e+06   5.8666e-04   3.4920e-05   3.4090e+06   2.0292e+05
   4.3864e+00   1.4371e+01   9.7135e+01   5.4936e-04   3.1805e+06   5.8904e-04   3.5525e-05   3.4102e+06   2.0567e+05
   4.3880e+00   1.4372e+01   9.7134e+01   5.5214e-04   3.1853e+06   5.7932e-04   3.4407e-05   3.3421e+06   1.9849e+05
   4.3891e+00   1.4373e+01   9.7132e+01   5.3463e-04   3.0774e+06   6.1318e-04   3.6741e-05   3.5296e+06   2.1149e+05
   4.3897e+00   1.4374e+01   9.7131e+01   5.1425e-04   2.9557e+06   6.0993e-04   3.6133e-05   3.5057e+06   2.0768e+05
   4.3923e+00   1.4376e+01   9.7128e+01   4.4111e-04   2.5213e+06   5.9165e-04   3.4720e-05   3.3818e+06   1.9845e+05
   4.3966e+00   1.4381e+01   9.7123e+01   4.0726e-04   2.3064e+06   4.8486e-04   2.8305e-05   2.7458e+06   1.6030e+05
   4.4009e+00   1.4385e+01   9.7118e+01   3.9373e-04   2.2093e+06   3.6168e-04   2.2731e-05   2.0294e+06   1.2754e+05
   4.4049e+00   1.4389e+01   9.7113e+01   3.6609e-04   2.0364e+06   2.6561e-04   1.6240e-05   1.4775e+06   9.0336e+04
   4.4061e+00   1.4390e+01   9.7112e+01   3.5443e-04   1.9665e+06   2.7056e-04   1.7582e-05   1.5011e+06   9.7547e+04
   4.4095e+00   1.4394e+01   9.7108e+01   3.1620e-04   1.7418e+06   2.0886e-04   1.3235e-05   1.1505e+06   7.2905e+04
   4.4138e+00   1.4398e+01   9.7103e+01   2.6363e-04   1.4386e+06   2.1204e-04   1.3513e-05   1.1571e+06   7.3744e+04
   4.4162e+00   1.4400e+01   9.7100e+01   2.3796e-04   1.2919e+06   1.9757e-04   1.2486e-05   1.0726e+06   6.7786e+04
   4.4188e+00   1.4403e+01   9.7097e+01   2.1434e-04   1.1573e+06   1.8885e-04   1.2087e-05   1.0196e+06   6.5259e+04
   4.4216e+00   1.4406e+01   9.7094e+01   1.9306e-04   1.0361e+06   1.7368e-04   1.1513e-05   9.3208e+05   6.1785e+04
   4.4233e+00   1.4407e+01   9.7092e+01   1.8227e-04   9.7460e+05   1.6480e-04   1.1809e-05   8.8120e+05   6.3144e+04
   4.4242e+00   1.4408e+01   9.7091e+01   1.7735e-04   9.4658e+05   1.6384e-04   1.0346e-05   8.7447e+05   5.5217e+04
   4.4293e+00   1.4413e+01   9.7085e+01   1.5372e-04   8.1148e+05   1.3142e-04   8.6813e-06   6.9374e+05   4.5828e+04
   4.4314e+00   1.4416e+01   9.7082e+01   1.4660e-04   7.7052e+05   1.2366e-04   7.8557e-06   6.4996e+05   4.1289e+04
   4.4405e+00   1.4425e+01   9.7072e+01   1.2583e-04   6.4871e+05   7.9032e-05   6.1820e-06   4.0743e+05   3.1870e+04
   4.4574e+00   1.4442e+01   9.7053e+01   1.1285e-04   5.6122e+05   6.0171e-05   4.1859e-06   2.9924e+05   2.0817e+04
   4.4748e+00   1.4459e+01   9.7033e+01   1.1703e-04   5.6119e+05   6.7430e-05   4.9034e-06   3.2334e+05   2.3513e+04
   4.4919e+00   1.4476e+01   9.7014e+01   1.3655e-04   6.3172e+05   8.9202e-05   7.0621e-06   4.1266e+05   3.2670e+04
   4.5000e+00   1.4484e+01   9.7005e+01   1.5494e-04   7.0471e+05   1.0736e-04   7.3285e-06   4.8829e+05   3.3332e+04
   4.5031e+00   1.4487e+01   9.7002e+01   1.6449e-04   7.4338e+05   1.2388e-04   9.4257e-06   5.5984e+05   4.2597e+04
   4.5091e+00   1.4493e+01   9.6996e+01   1.8898e-04   8.4344e+05   1.7335e-04   1.4295e-05   7.7369e+05   6.3801e+04
   4.5175e+00   1.4502e+01   9.6987e+01   2.4213e-04   1.0620e+06   2.4906e-04   1.8370e-05   1.0925e+06   8.0573e+04
   4.5219e+00   1.4506e+01   9.6982e+01   2.8044e-04   1.2190e+06   2.9707e-04   2.3080e-05   1.2913e+06   1.0032e+05
   4.5262e+00   1.4510e+01   9.6977e+01   3.4927e-04   1.5048e+06   3.6088e-04   2.6431e-05   1.5549e+06   1.1388e+05
   4.5305e+00   1.4515e+01   9.6973e+01   4.7671e-04   2.0359e+06   4.6995e-04   2.9108e-05   2.0070e+06   1.2431e+05
   4.5305e+00   1.4515e+01   9.6973e+01   4.7671e-04   2.0359e+06   4.6252e-04   3.2315e-05   1.9752e+06   1.3800e+05
   4.5346e+00   1.4519e+01   9.6968e+01   5.5386e-04   2.3454e+06   7.1629e-04   4.8298e-05   3.0332e+06   2.0452e+05
   4.5390e+00   1.4523e+01   9.6964e+01   6.2312e-04   2.6146e+06   9.0253e-04   6.0055e-05   3.7870e+06   2.5199e+05
   4.2262e+00   1.4210e+01   8.2094e+01   3.0024e-05   2.4841e+05   5.6431e-05   3.4712e-06   4.6689e+05   2.8720e+04
   4.2315e+00   1.4216e+01   8.2086e+01   3.3371e-05   2.7276e+05   5.3278e-05   3.0327e-06   4.3547e+05   2.4788e+04
   4.2350e+00   1.4219e+01   8.2082e+01   3.5736e-05   2.8981e+05   5.3151e-05   3.2319e-06   4.3103e+05   2.6210e+04
   4.2407e+00   1.4225e+01   8.2074e+01   4.0031e-05   3.2041e+05   5.1650e-05   2.9724e-06   4.1341e+05   2.3791e+04
   4.2491e+00   1.4233e+01   8.2063e+01   4.6768e-05   3.6723e+05   5.2532e-05   3.0505e-06   4.1249e+05   2.3954e+04
   4.2522e+00   1.4236e+01   8.2058e+01   4.9188e-05   3.8354e+05   5.4104e-05   3.3020e-06   4.2187e+05   2.5746e+04
   4.2578e+00   1.4242e+01   8.2051e+01   5.3021e-05   4.0822e+05   5.6732e-05   3.2960e-06   4.3680e+05   2.5377e+04
   4.2621e+00   1.4246e+01   8.2045e+01   5.5085e-05   4.1993e+05   5.9853e-05   3.4404e-06   4.5628e+05   2.6227e+04
   4.2645e+00   1.4249e+01   8.2042e+01   5.5687e-05   4.2223e+05   6.5647e-05   3.7658e-06   4.9775e+05   2.8553e+04
   4.2673e+00   1.4251e+01   8.2038e+01   5.5808e-05   4.2053e+05   6.2944e-05   3.6818e-06   4.7430e+05   2.7744e+04
   4.2691e+00   1.4253e+01   8.2036e+01   5.5526e-05   4.1671e+05   6.4111e-05   3.8775e-06   4.8113e+05   2.9099e+04
   4.2715e+00   1.4256e+01   8.2033e+01   5.4685e-05   4.0818e+05   6.3293e-05   3.5468e-06   4.7243e+05   2.6474e+04
   4.2730e+00   1.4257e+01   8.2031e+01   5.3866e-05   4.0067e+05   6.3012e-05   3.6792e-06   4.6870e+05   2.7366e+04
   4.2817e+00   1.4266e+01   8.2020e+01   4.5916e-05   3.3494e+05   5.3209e-05   3.0968e-06   3.8814e+05   2.2590e+04
   4.2863e+00   1.4270e+01   8.2014e+01   4.0400e-05   2.9166e+05   4.7990e-05   3.0462e-06   3.4645e+05   2.1991e+04
   4.2902e+00   1.4274e+01   8.2009e+01   3.5806e-05   2.5621e+05   4.1446e-05   2.4722e-06   2.9657e+05   1.7690e+04
   4.2987e+00   1.4283e+01   8.1998e+01   2.7759e-05   1.9490e+05   3.3042e-05   1.9701e-06   2.3199e+05   1.3832e+04
   4.3034e+00   1.4287e+01   8.1992e+01   2.5177e-05   1.7495e+05   3.5817e-05   2.4137e-06   2.4889e+05   1.6773e+04
   4.3075e+00   1.4292e+01   8.1987e+01   6.2405e-05   4.2968e+05   4.3435e-05   2.6341e-06   2.9907e+05   1.8137e+04
   4.3100e+00   1.4294e+01   8.1984e+01   7.8651e-05   5.3855e+05   5.8915e-05   3.4545e-06   4.0341e+05   2.3654e+04
   4.3101e+00   1.4294e+01   8.1983e+01   7.9387e-05   5.4339e+05   5.7930e-05   3.3773e-06   3.9652e+05   2.3117e+04
   4.3118e+00   1.4296e+01   8.1981e+01   8.5426e-05   5.8260e+05   9.2444e-05   5.3668e-06   6.3047e+05   3.6602e+04
   4.3160e+00   1.4300e+01   8.1976e+01   9.7838e-05   6.6093e+05   1.6514e-04   9.6699e-06   1.1156e+06   6.5324e+04
   4.3186e+00   1.4303e+01   8.1973e+01   1.0470e-04   7.0326e+05   1.8197e-04   1.0763e-05   1.2223e+06   7.2293e+04
   4.3206e+00   1.4305e+01   8.1970e+01   1.0996e-04   7.3540e+05   1.9407e-04   1.1686e-05   1.2979e+06   7.8153e+04
   4.3229e+00   1.4307e+01   8.1968e+01   1.1534e-04   7.6740e+05   2.1468e-04   1.2394e-05   1.4284e+06   8.2464e+04
   4.3256e+00   1.4310e+01   8.1964e+01   9.9187e-05   6.5606e+05   2.4967e-04   1.4079e-05   1.6514e+06   9.3125e+04
   4.3280e+00   1.4312e+01   8.1961e+01   7.9948e-05   5.2600e+05   2.5733e-04   1.4547e-05   1.6931e+06   9.5708e+04
   4.3308e+00   1.4315e+01   8.1958e+01   7.5373e-05   4.9282e+05   2.4627e-04   1.4349e-05   1.6102e+06   9.3822e+04
   4.3332e+00   1.4317e+01   8.1955e+01   7.4987e-05   4.8770e+05   2.3022e-04   1.3283e-05   1.4973e+06   8.6391e+04
   4.3376e+00   1.4322e+01   8.1949e+01   7.7040e-05   4.9615e+05   1.8029e-04   1.0704e-05   1.1611e+06   6.8939e+04
   4.3418e+00   1.4326e+01   8.1944e+01   8.1478e-05   5.2000e+05   1.2801e-04   7.6114e-06   8.1700e+05   4.8577e+04
   4.3504e+00   1.4335e+01   8.1934e+01   7.6203e-05   4.7717e+05   8.6904e-05   5.3993e-06   5.4418e+05   3.3810e+04
   4.3547e+00   1.4339e+01   8.1929e+01   6.5114e-05   4.0392e+05   7.0225e-05   4.6789e-06   4.3563e+05   2.9025e+04
   4.3586e+00   1.4343e+01   8.1924e+01   5.2425e-05   3.2241e+05   5.7391e-05   3.6428e-06   3.5296e+05   2.2403e+04
   4.3669e+00   1.4351e+01   8.1914e+01   3.9503e-05   2.3857e+05   5.1409e-05   3.4274e-06   3.1048e+05   2.0700e+04
   4.3719e+00   1.4356e+01   8.1908e+01   2.0621e-04   1.2320e+06   5.5139e-05   3.7531e-06   3.2942e+05   2.2422e+04
   4.3751e+00   1.4359e+01   8.1904e+01   3.2373e-04   1.9207e+06   2.0479e-04   1.2325e-05   1.2151e+06   7.3127e+04
   4.3777e+00   1.4362e+01   8.1901e+01   3.8276e-04   2.2580e+06   3.8445e-04   2.0861e-05   2.2679e+06   1.2306e+05
   4.3795e+00   1.4364e+01   8.1899e+01   4.1581e-04   2.4433e+06   4.3208e-04   2.3891e-05   2.5389e+06   1.4039e+05
   4.3805e+00   1.4365e+01   8.1898e+01   4.3221e-04   2.5345e+06   4.5085e-04   2.5199e-05   2.6438e+06   1.4777e+05
   4.3808e+00   1.4365e+01   8.1898e+01   4.3808e-04   2.5670e+06   4.5002e-04   2.5125e-05   2.6370e+06   1.4723e+05
   4.3811e+00   1.4365e+01   8.1897e+01   4.4246e-04   2.5913e+06   4.3572e-04   2.4389e-05   2.5518e+06   1.4283e+05
   4.3830e+00   1.4367e+01   8.1895e+01   4.7394e-04   2.7643e+06   5.4289e-04   2.9995e-05   3.1665e+06   1.7495e+05
   4.3847e+00   1.4369e+01   8.1893e+01   5.0061e-04   2.9090e+06   5.6648e-04   3.1021e-05   3.2917e+06   1.8026e+05
   4.3864e+00   1.4371e+01   8.1891e+01   5.2078e-04   3.0150e+06   5.8472e-04   3.2109e-05   3.3852e+06   1.8589e+05
   4.3880e+00   1.4372e+01   8.1889e+01   5.2132e-04   3.0075e+06   5.7106e-04   3.1203e-05   3.2945e+06   1.8001e+05
   4.3891e+00   1.4373e+01   8.1888e+01   5.0278e-04   2.8941e+06   5.7729e-04   3.1689e-05   3.3230e+06   1.8241e+05
   4.3897e+00   1.4374e+01   8.1887e+01   4.8196e-04   2.7702e+06   5.7204e-04   3.1471e-05   3.2879e+06   1.8089e+05
   4.3923e+00   1.4376e+01   8.1884e+01   4.0808e-04   2.3325e+06   5.6876e-04   3.0913e-05   3.2509e+06   1.7669e+05
   4.3966e+00   1.4381e+01   8.1879e+01   3.7343e-04   2.1148e+06   4.7732e-04   2.5774e-05   2.7031e+06   1.4596e+05
   4.4009e+00   1.4385e+01   8.1874e+01   3.6103e-04   2.0258e+06   3.4302e-04   1.9418e-05   1.9247e+06   1.0895e+05
   4.4049e+00   1.4389e+01   8.1870e+01   3.3685e-04   1.8738e+06   2.6286e-04   1.4533e-05   1.4622e+06   8.0842e+04
   4.4061e+00   1.4390e+01   8.1868e+01   3.2660e-04   1.8121e+06   2.6576e-04   1.5200e-05   1.4745e+06   8.4333e+04
   4.4095e+00   1.4394e+01   8.1865e+01   2.9275e-04   1.6126e+06   2.0379e-04   1.1496e-05   1.1226e+06   6.3327e+04
   4.4138e+00   1.4398e+01   8.1860e+01   2.4576e-04   1.3411e+06   2.0728e-04   1.1748e-05   1.1312e+06   6.4110e+04
   4.4162e+00   1.4400e+01   8.1857e+01   2.2271e-04   1.2091e+06   1.9668e-04   1.1064e-05   1.0678e+06   6.0066e+04
   4.4188e+00   1.4403e+01   8.1854e+01   2.0143e-04   1.0876e+06   1.8237e-04   1.0318e-05   9.8465e+05   5.5712e+04
   4.4216e+00   1.4406e+01   8.1851e+01   1.8226e-04   9.7814e+05   1.6795e-04   9.7558e-06   9.0132e+05   5.2356e+04
   4.4233e+00   1.4407e+01   8.1849e+01   1.7251e-04   9.2243e+05   1.5868e-04   9.5977e-06   8.4847e+05   5.1319e+04
   4.4242e+00   1.4408e+01   8.1848e+01   1.6807e-04   8.9702e+05   1.4935e-04   8.5765e-06   7.9712e+05   4.5775e+04
   4.4293e+00   1.4413e+01   8.1842e+01   1.4671e-04   7.7450e+05   1.3064e-04   7.5093e-06   6.8964e+05   3.9641e+04
   4.4314e+00   1.4416e+01   8.1840e+01   1.4031e-04   7.3744e+05   1.1766e-04   6.6858e-06   6.1840e+05   3.5140e+04
   4.4405e+00   1.4425e+01   8.1830e+01   1.2182e-04   6.2802e+05   7.1090e-05   4.6738e-06   3.6648e+05   2.4095e+04
   4.4574e+00   1.4442e+01   8.1811e+01   1.1134e-04   5.5373e+05   5.4263e-05   3.3878e-06   2.6986e+05   1.6848e+04
   4.4748e+00   1.4459e+01   8.1792e+01   1.1720e-04   5.6199e+05   5.9459e-05   3.8247e-06   2.8511e+05   1.8340e+04
   4.4919e+00   1.4476e+01   8.1774e+01   1.3731e-04   6.3520e+05   7.9769e-05   5.3747e-06   3.6902e+05   2.4864e+04
   4.5000e+00   1.4484e+01   8.1766e+01   1.5498e-04   7.0487e+05   1.0738e-04   6.4763e-06   4.8841e+05   2.9456e+04
   4.5031e+00   1.4487e+01   8.1762e+01   1.6392e-04   7.4078e+05   1.1906e-04   8.0179e-06   5.3805e+05   3.6234e+04
   4.5091e+00   1.4493e+01   8.1756e+01   1.8637e-04   8.3180e+05   1.6089e-04   1.1220e-05   7.1810e+05   5.0078e+04
   4.5175e+00   1.4502e+01   8.1747e+01   2.3379e-04   1.0255e+06   2.4400e-04   1.5646e-05   1.0702e+06   6.8627e+04
   4.5219e+00   1.4506e+01   8.1743e+01   2.6778e-04   1.1640e+06   2.8903e-04   1.8951e-05   1.2564e+06   8.2377e+04
   4.5262e+00   1.4510e+01   8.1738e+01   3.3789e-04   1.4558e+06   3.4599e-04   2.1872e-05   1.4907e+06   9.4236e+04
   4.5305e+00   1.4515e+01   8.1734e+01   4.3845e-04   1.8724e+06   4.4579e-04   2.5200e-05   1.9038e+06   1.0762e+05
   4.5305e+00   1.4515e+01   8.1734e+01   4.3845e-04   1.8724e+06   4.6704e-04   2.8197e-05   1.9945e+06   1.2042e+05
   4.5346e+00   1.4519e+01   8.1730e+01   4.9609e-04   2.1007e+06   6.9061e-04   4.0944e-05   2.9245e+06   1.7338e+05
   4.5390e+00   1.4523e+01   8.1725e+01   5.4454e-04   2.2849e+06   9.0412e-04   5.2960e-05   3.7937e+06   2.2222e+05
   4.2262e+00   1.4210e+01   6.6357e+01   3.0119e-05   2.4919e+05   5.1394e-05   3.1494e-06   4.2522e+05   2.6057e+04
   4.2315e+00   1.4216e+01   6.6350e+01   3.3736e-05   2.7575e+05   5.1692e-05   2.9168e-06   4.2251e+05   2.3840e+04
   4.2350e+00   1.4219e+01   6.6346e+01   3.6333e-05   2.9465e+05   5.0944e-05   3.0600e-06   4.1314e+05   2.4815e+04
   4.2407e+00   1.4225e+01   6.6339e+01   4.1151e-05   3.2937e+05   4.9731e-05   2.8340e-06   3.9804e+05   2.2683e+04
   4.2491e+00   1.4233e+01   6.6329e+01   4.9089e-05   3.8546e+05   5.1412e-05   2.9397e-06   4.0370e+05   2.3083e+04
   4.2522e+00   1.4236e+01   6.6325e+01   5.2127e-05   4.0645e+05   5.1191e-05   3.1113e-06   3.9915e+05   2.4260e+04
   4.2578e+00   1.4242e+01   6.6319e+01   5.7369e-05   4.4170e+05   5.4219e-05   3.1113e-06   4.1745e+05   2.3955e+04
   4.2621e+00   1.4246e+01   6.6313e+01   6.0823e-05   4.6368e+05   5.6270e-05   3.2107e-06   4.2897e+05   2.4477e+04
   4.2645e+00   1.4249e+01   6.6311e+01   6.2287e-05   4.7227e+05   5.8815e-05   3.3737e-06   4.4595e+05   2.5580e+04
   4.2673e+00   1.4251e+01   6.6307e+01   6.3464e-05   4.7822e+05   6.1728e-05   3.5330e-06   4.6513e+05   2.6622e+04
   4.2691e+00   1.4253e+01   6.6305e+01   6.3906e-05   4.7959e+05   6.6692e-05   3.9382e-06   5.0050e+05   2.9555e+04
   4.2715e+00   1.4256e+01   6.6302e+01   6.4051e-05   4.7809e+05   6.0787e-05   3.3769e-06   4.5372e+05   2.5206e+04
   4.2730e+00   1.4257e+01   6.6301e+01   6.3869e-05   4.7507e+05   6.1162e-05   3.5308e-06   4.5493e+05   2.6263e+04
   4.2817e+00   1.4266e+01   6.6291e+01   5.9238e-05   4.3212e+05   5.1198e-05   2.9534e-06   3.7347e+05   2.1544e+04
   4.2863e+00   1.4270e+01   6.6285e+01   5.5108e-05   3.9783e+05   5.2926e-05   3.2186e-06   3.8208e+05   2.3235e+04
   4.2902e+00   1.4274e+01   6.6281e+01   5.1408e-05   3.6785e+05   3.8012e-05   2.2740e-06   2.7200e+05   1.6272e+04
   4.2987e+00   1.4283e+01   6.6271e+01   4.4322e-05   3.1118e+05   3.1580e-05   1.8702e-06   2.2172e+05   1.3131e+04
   4.3034e+00   1.4287e+01   6.6266e+01   4.1181e-05   2.8616e+05   3.3528e-05   2.2382e-06   2.3298e+05   1.5553e+04
   4.3075e+00   1.4292e+01   6.6261e+01   7.6675e-05   5.2794e+05   4.2566e-05   2.5256e-06   2.9309e+05   1.7390e+04
   4.3100e+00   1.4294e+01   6.6258e+01   9.4345e-05   6.4601e+05   5.9265e-05   3.4249e-06   4.0581e+05   2.3451e+04
   4.3101e+00   1.4294e+01   6.6258e+01   9.5175e-05   6.5145e+05   5.5843e-05   3.2288e-06   3.8223e+05   2.2100e+04
   4.3118e+00   1.4296e+01   6.6256e+01   1.0207e-04   6.9614e+05   9.0906e-05   5.1914e-06   6.1998e+05   3.5405e+04
   4.3160e+00   1.4300e+01   6.6252e+01   1.1663e-04   7.8787e+05   1.7197e-04   9.7952e-06   1.1617e+06   6.6170e+04
   4.3186e+00   1.4303e+01   6.6249e+01   1.2484e-04   8.3851e+05   1.8657e-04   1.0778e-05   1.2532e+06   7.2392e+04
   4.3206e+00   1.4305e+01   6.6246e+01   1.3126e-04   8.7784e+05   1.9491e-04   1.1547e-05   1.3035e+06   7.7225e+04
   4.3229e+00   1.4307e+01   6.6244e+01   1.3843e-04   9.2100e+05   2.1476e-04   1.2159e-05   1.4289e+06   8.0900e+04
   4.3256e+00   1.4310e+01   6.6241e+01   1.2545e-04   8.2978e+05   2.5379e-04   1.4065e-05   1.6786e+06   9.3032e+04
   4.3280e+00   1.4312e+01   6.6238e+01   1.0621e-04   6.9882e+05   2.6311e-04   1.4606e-05   1.7311e+06   9.6097e+04
   4.3308e+00   1.4315e+01   6.6235e+01   1.0124e-04   6.6194e+05   2.5376e-04   1.4409e-05   1.6592e+06   9.4213e+04
   4.3332e+00   1.4317e+01   6.6233e+01   1.0046e-04   6.5336e+05   2.3456e-04   1.3230e-05   1.5255e+06   8.6046e+04
   4.3376e+00   1.4322e+01   6.6228e+01   1.0117e-04   6.5154e+05   1.8627e-04   1.0803e-05   1.1996e+06   6.9576e+04
   4.3418e+00   1.4326e+01   6.6223e+01   1.0271e-04   6.5554e+05   1.3463e-04   7.7782e-06   8.5921e+05   4.9641e+04
   4.3504e+00   1.4335e+01   6.6214e+01   8.5151e-05   5.3321e+05   8.7497e-05   5.3059e-06   5.4789e+05   3.3225e+04
   4.3547e+00   1.4339e+01   6.6209e+01   6.9621e-05   4.3189e+05   7.1393e-05   4.6405e-06   4.4288e+05   2.8787e+04
   4.3586e+00   1.4343e+01   6.6205e+01   5.2440e-05   3.2251e+05   5.8301e-05   3.5879e-06   3.5855e+05   2.2066e+04
   4.3669e+00   1.4351e+01   6.6196e+01   3.7658e-05   2.2743e+05   4.7746e-05   3.2105e-06   2.8836e+05   1.9389e+04
   4.3719e+00   1.4356e+01   6.6191e+01   2.2942e-04   1.3706e+06   5.4085e-05   3.6560e-06   3.2312e+05   2.1842e+04
   4.3751e+00   1.4359e+01   6.6187e+01   3.6389e-04   2.1591e+06   2.0251e-04   1.2074e-05   1.2016e+06   7.1639e+04
   4.3777e+00   1.4362e+01   6.6185e+01   4.2934e-04   2.5327e+06   3.9135e-04   2.1049e-05   2.3086e+06   1.2417e+05
   4.3795e+00   1.4364e+01   6.6183e+01   4.6520e-04   2.7336e+06   4.3380e-04   2.3780e-05   2.5490e+06   1.3973e+05
   4.3805e+00   1.4365e+01   6.6182e+01   4.8283e-04   2.8313e+06   4.6210e-04   2.5546e-05   2.7098e+06   1.4980e+05
   4.3808e+00   1.4365e+01   6.6181e+01   4.8912e-04   2.8661e+06   4.5087e-04   2.4930e-05   2.6420e+06   1.4608e+05
   4.3811e+00   1.4365e+01   6.6181e+01   4.9380e-04   2.8919e+06   4.5734e-04   2.5205e-05   2.6784e+06   1.4761e+05
   4.3830e+00   1.4367e+01   6.6179e+01   5.2727e-04   3.0754e+06   5.4563e-04   2.9832e-05   3.1824e+06   1.7399e+05
   4.3847e+00   1.4369e+01   6.6177e+01   5.5526e-04   3.2266e+06   5.8904e-04   3.1882e-05   3.4229e+06   1.8526e+05
   4.3864e+00   1.4371e+01   6.6176e+01   5.7547e-04   3.3316e+06   5.7363e-04   3.1241e-05   3.3210e+06   1.8087e+05
   4.3880e+00   1.4372e+01   6.6174e+01   5.7265e-04   3.3036e+06   5.8830e-04   3.1761e-05   3.3939e+06   1.8323e+05
   4.3891e+00   1.4373e+01   6.6173e+01   5.4859e-04   3.1578e+06   5.8459e-04   3.1811e-05   3.3650e+06   1.8311e+05
   4.3897e+00   1.4374e+01   6.6172e+01   5.2265e-04   3.0040e+06   5.9283e-04   3.2140e-05   3.4074e+06   1.8473e+05
   4.3923e+00   1.4376e+01   6.6169e+01   4.3162e-04   2.4670e+06   5.7470e-04   3.0916e-05   3.2848e+06   1.7671e+05
   4.3966e+00   1.4381e+01   6.6165e+01   3.8895e-04   2.2027e+06   4.7883e-04   2.5580e-05   2.7117e+06   1.4486e+05
   4.4009e+00   1.4385e+01   6.6160e+01   3.7725e-04   2.1168e+06   3.5697e-04   1.9775e-05   2.0030e+06   1.1096e+05
   4.4049e+00   1.4389e+01   6.6156e+01   3.5470e-04   1.9730e+06   2.5312e-04   1.3893e-05   1.4080e+06   7.7282e+04
   4.4061e+00   1.4390e+01   6.6155e+01   3.4460e-04   1.9119e+06   2.6564e-04   1.5001e-05   1.4738e+06   8.3230e+04
   4.4095e+00   1.4394e+01   6.6152e+01   3.1011e-04   1.7083e+06   2.0156e-04   1.1189e-05   1.1103e+06   6.1633e+04
   4.4138e+00   1.4398e+01   6.6147e+01   2.6024e-04   1.4202e+06   2.0474e-04   1.1453e-05   1.1173e+06   6.2501e+04
   4.4162e+00   1.4400e+01   6.6145e+01   2.3503e-04   1.2760e+06   1.9977e-04   1.1068e-05   1.0846e+06   6.0091e+04
   4.4188e+00   1.4403e+01   6.6142e+01   2.1125e-04   1.1406e+06   1.8230e-04   1.0191e-05   9.8431e+05   5.5026e+04
   4.4216e+00   1.4406e+01   6.6139e+01   1.8920e-04   1.0154e+06   1.7355e-04   9.8518e-06   9.3140e+05   5.2872e+04
   4.4233e+00   1.4407e+01   6.6138e+01   1.7775e-04   9.5043e+05   1.6626e-04   9.7676e-06   8.8900e+05   5.2228e+04
   4.4242e+00   1.4408e+01   6.6137e+01   1.7250e-04   9.2069e+05   1.5579e-04   8.7525e-06   8.3150e+05   4.6714e+04
   4.4293e+00   1.4413e+01   6.6132e+01   1.4677e-04   7.7481e+05   1.3496e-04   7.6094e-06   7.1244e+05   4.0170e+04
   4.4314e+00   1.4416e+01   6.6130e+01   1.3876e-04   7.2932e+05   1.1827e-04   6.6401e-06   6.2159e+05   3.4899e+04
   4.4405e+00   1.4425e+01   6.6121e+01   1.1396e-04   5.8751e+05   7.8375e-05   4.9397e-06   4.0404e+05   2.5465e+04
   4.4574e+00   1.4442e+01   6.6104e+01   9.3562e-05   4.6530e+05   5.4228e-05   3.3421e-06   2.6969e+05   1.6621e+04
   4.4748e+00   1.4459e+01   6.6087e+01   8.9261e-05   4.2802e+05   5.8467e-05   3.7421e-06   2.8036e+05   1.7944e+04
   4.4919e+00   1.4476e+01   6.6071e+01   9.4850e-05   4.3879e+05   8.3594e-05   5.7690e-06   3.8671e+05   2.6688e+04
   4.5000e+00   1.4484e+01   6.6063e+01   1.0112e-04   4.5994e+05   1.0688e-04   6.4964e-06   4.8612e+05   2.9547e+04
   4.5031e+00   1.4487e+01   6.6060e+01   1.0430e-04   4.7136e+05   1.1188e-04   7.8485e-06   5.0559e+05   3.5469e+04
   4.5091e+00   1.4493e+01   6.6055e+01   1.1208e-04   5.0024e+05   1.5655e-04   1.1443e-05   6.9871e+05   5.1072e+04
   4.5175e+00   1.4502e+01   6.6047e+01   1.2750e-04   5.5923e+05   2.3478e-04   1.5358e-05   1.0298e+06   6.7364e+04
   4.5219e+00   1.4506e+01   6.6043e+01   1.3835e-04   6.0138e+05   2.8298e-04   1.9125e-05   1.2301e+06   8.3134e+04
   4.5262e+00   1.4510e+01   6.6039e+01   2.0534e-04   8.8470e+05   3.5189e-04   2.2556e-05   1.5161e+06   9.7181e+04
   4.5305e+00   1.4515e+01   6.6035e+01   2.5458e-04   1.0872e+06   4.5222e-04   2.5516e-05   1.9312e+06   1.0897e+05
   4.5305e+00   1.4515e+01   6.6035e+01   2.5458e-04   1.0872e+06   4.6645e-04   2.8319e-05   1.9920e+06   1.2094e+05
   4.5346e+00   1.4519e+01   6.6031e+01   2.6342e-04   1.1155e+06   7.0089e-04   4.1296e-05   2.9680e+06   1.7487e+05
   4.5390e+00   1.4523e+01   6.6027e+01   2.6497e-04   1.1118e+06   9.1922e-04   5.3363e-05   3.8570e+06   2.2391e+05


