   2.0422e+00   1.3627e+01   0.0000e+00   2.3116e-04   3.3597e+00   1.9711e-03   5.6590e-05   2.8647e+01   8.2247e-01
   2.0432e+00   1.3628e+01   0.0000e+00   3.1820e-04   4.6164e+00   1.5980e-03   7.0970e-05   2.3184e+01   1.0296e+00
   2.0442e+00   1.3629e+01   0.0000e+00   4.7583e-04   6.8922e+00   1.4352e-03   6.4030e-05   2.0789e+01   9.2744e-01
   2.0451e+00   1.3630e+01   0.0000e+00   8.2038e-04   1.1864e+01   1.2728e-03   5.5910e-05   1.8405e+01   8.0852e-01
   2.0461e+00   1.3631e+01   0.0000e+00   1.6081e-03   2.3217e+01   1.3077e-03   5.0730e-05   1.8880e+01   7.3242e-01
   2.0466e+00   1.3631e+01   0.0000e+00   2.1639e-03   3.1216e+01   1.7173e-03   6.4360e-05   2.4773e+01   9.2846e-01
   2.0471e+00   1.3632e+01   0.0000e+00   2.4711e-03   3.5620e+01   2.5145e-03   8.1220e-05   3.6246e+01   1.1707e+00
   2.0474e+00   1.3632e+01   0.0000e+00   2.3802e-03   3.4293e+01   2.1876e-03   8.0020e-05   3.1518e+01   1.1529e+00
   2.0485e+00   1.3633e+01   0.0000e+00   1.1921e-03   1.7142e+01   1.1205e-03   6.6140e-05   1.6112e+01   9.5106e-01
   2.0495e+00   1.3634e+01   0.0000e+00   6.4222e-04   9.2199e+00   1.0441e-03   6.0350e-05   1.4989e+01   8.6641e-01
   2.0504e+00   1.3635e+01   0.0000e+00   4.1660e-04   5.9722e+00   1.0030e-03   6.8550e-05   1.4379e+01   9.8270e-01
   2.0541e+00   1.3639e+01   0.0000e+00   1.5752e-04   2.2440e+00   8.6556e-04   8.7770e-05   1.2331e+01   1.2504e+00
   2.0590e+00   1.3644e+01   0.0000e+00   1.2690e-04   1.7932e+00   4.9246e-04   7.4350e-05   6.9584e+00   1.0506e+00
   2.0609e+00   1.3646e+01   0.0000e+00   1.3305e-04   1.8743e+00   3.5311e-04   6.8740e-05   4.9743e+00   9.6835e-01
   2.0647e+00   1.3650e+01   0.0000e+00   1.6028e-04   2.2435e+00   7.7910e-04   3.1282e-04   1.0905e+01   4.3787e+00
   2.0687e+00   1.3654e+01   0.0000e+00   2.0447e-04   2.8435e+00   7.1216e-04   1.7732e-04   9.9037e+00   2.4659e+00
   2.0723e+00   1.3657e+01   0.0000e+00   2.5914e-04   3.5821e+00   6.0610e-04   1.3777e-04   8.3781e+00   1.9044e+00
   2.0822e+00   1.3667e+01   0.0000e+00   5.8388e-04   7.9423e+00   4.7277e-04   2.8550e-05   6.4308e+00   3.8835e-01
   2.0867e+00   1.3672e+01   0.0000e+00   6.6593e-04   8.9917e+00   3.5608e-03   5.8650e-05   4.8081e+01   7.9193e-01
   2.0909e+00   1.3676e+01   0.0000e+00   8.7995e-04   1.1800e+01   2.7324e-03   4.9800e-05   3.6641e+01   6.6782e-01
   2.0953e+00   1.3680e+01   0.0000e+00   1.3680e-03   1.8217e+01   1.0689e-03   6.2100e-05   1.4233e+01   8.2695e-01
   2.0959e+00   1.3681e+01   0.0000e+00   1.5730e-03   2.0928e+01   1.0396e-03   4.6340e-05   1.3831e+01   6.1651e-01
   2.0962e+00   1.3681e+01   0.0000e+00   1.8252e-03   2.4267e+01   1.7421e-03   8.5380e-05   2.3163e+01   1.1352e+00
   2.0966e+00   1.3682e+01   0.0000e+00   2.2844e-03   3.0354e+01   1.7465e-03   5.0510e-05   2.3207e+01   6.7115e-01
   2.0967e+00   1.3682e+01   0.0000e+00   2.4328e-03   3.2321e+01   2.7094e-03   1.0396e-04   3.5996e+01   1.3812e+00
   2.0971e+00   1.3682e+01   0.0000e+00   2.5699e-03   3.4121e+01   1.5650e-03   9.9930e-05   2.0779e+01   1.3268e+00
   2.0977e+00   1.3683e+01   0.0000e+00   1.4210e-03   1.8849e+01   1.2480e-03   4.5090e-05   1.6555e+01   5.9811e-01
   2.0981e+00   1.3683e+01   0.0000e+00   1.2533e-03   1.6615e+01   1.1832e-03   4.8770e-05   1.5686e+01   6.4653e-01
   2.0986e+00   1.3683e+01   0.0000e+00   1.2467e-03   1.6514e+01   1.0645e-03   5.1710e-05   1.4101e+01   6.8497e-01
   2.0996e+00   1.3685e+01   0.0000e+00   1.3605e-03   1.7991e+01   1.0901e-03   5.4870e-05   1.4415e+01   7.2559e-01
   2.1007e+00   1.3686e+01   0.0000e+00   1.4975e-03   1.9769e+01   1.3096e-03   4.0220e-05   1.7288e+01   5.3096e-01
   2.1064e+00   1.3691e+01   0.0000e+00   2.4276e-03   3.1756e+01   2.1167e-03   5.6030e-05   2.7690e+01   7.3296e-01
   2.1108e+00   1.3696e+01   0.0000e+00   3.5721e-03   4.6400e+01   3.2845e-03   6.2620e-05   4.2664e+01   8.1339e-01
   2.1157e+00   1.3701e+01   0.0000e+00   5.3841e-03   6.9391e+01   5.1432e-03   7.6130e-05   6.6287e+01   9.8118e-01
   2.1183e+00   1.3703e+01   0.0000e+00   6.3463e-03   8.1456e+01   5.8460e-03   7.3650e-05   7.5034e+01   9.4531e-01
   2.1189e+00   1.3704e+01   0.0000e+00   6.5232e-03   8.3649e+01   6.1130e-03   9.0150e-05   7.8389e+01   1.1560e+00
   2.1190e+00   1.3704e+01   0.0000e+00   6.5507e-03   8.3989e+01   5.8145e-03   1.2064e-04   7.4550e+01   1.5468e+00
   2.1193e+00   1.3704e+01   0.0000e+00   6.6297e-03   8.4963e+01   6.4611e-03   8.3060e-05   8.2802e+01   1.0645e+00
   2.1194e+00   1.3704e+01   0.0000e+00   6.6547e-03   8.5271e+01   5.8932e-03   1.2471e-04   7.5514e+01   1.5980e+00
   2.1199e+00   1.3705e+01   0.0000e+00   6.7702e-03   8.6685e+01   8.5205e-03   1.5803e-04   1.0910e+02   2.0234e+00
   2.1200e+00   1.3705e+01   0.0000e+00   6.7913e-03   8.6941e+01   6.1317e-03   1.0720e-04   7.8497e+01   1.3724e+00
   2.1202e+00   1.3705e+01   0.0000e+00   6.8502e-03   8.7656e+01   7.2949e-03   1.3099e-04   9.3346e+01   1.6762e+00
   2.1203e+00   1.3705e+01   0.0000e+00   6.8685e-03   8.7876e+01   6.6476e-03   6.8510e-05   8.5050e+01   8.7652e-01
   2.1206e+00   1.3706e+01   0.0000e+00   6.9187e-03   8.8478e+01   6.9799e-03   6.4730e-05   8.9260e+01   8.2778e-01
   2.1208e+00   1.3706e+01   0.0000e+00   6.9486e-03   8.8833e+01   6.2575e-03   1.4256e-04   7.9998e+01   1.8225e+00
   2.1226e+00   1.3707e+01   0.0000e+00   7.0861e-03   9.0343e+01   6.9697e-03   8.4050e-05   8.8859e+01   1.0716e+00
   2.1247e+00   1.3710e+01   0.0000e+00   6.9875e-03   8.8789e+01   7.0092e-03   1.0167e-04   8.9065e+01   1.2919e+00
   2.1255e+00   1.3710e+01   0.0000e+00   6.8951e-03   8.7495e+01   7.0869e-03   8.8380e-05   8.9929e+01   1.1215e+00
   2.1260e+00   1.3711e+01   0.0000e+00   6.8375e-03   8.6698e+01   6.9136e-03   6.5530e-05   8.7663e+01   8.3091e-01
   2.1302e+00   1.3715e+01   0.0000e+00   6.4054e-03   8.0691e+01   6.5320e-03   7.9240e-05   8.2287e+01   9.9822e-01
   2.1304e+00   1.3715e+01   0.0000e+00   6.3942e-03   8.0527e+01   6.6194e-03   9.0480e-05   8.3362e+01   1.1395e+00
   2.1340e+00   1.3719e+01   0.0000e+00   6.4025e-03   8.0169e+01   6.4791e-03   9.5760e-05   8.1129e+01   1.1991e+00
   2.1341e+00   1.3719e+01   0.0000e+00   6.4084e-03   8.0231e+01   6.4590e-03   7.6950e-05   8.0864e+01   9.6339e-01
   2.1400e+00   1.3725e+01   0.0000e+00   7.2375e-03   8.9783e+01   6.7703e-03   8.1440e-05   8.3987e+01   1.0103e+00
   2.1445e+00   1.3729e+01   0.0000e+00   8.2756e-03   1.0194e+02   7.3072e-03   7.8740e-05   9.0011e+01   9.6994e-01
   2.1492e+00   1.3734e+01   0.0000e+00   9.2583e-03   1.1323e+02   7.7153e-03   8.5570e-05   9.4360e+01   1.0465e+00
   2.1638e+00   1.3749e+01   0.0000e+00   8.1512e-03   9.7470e+01   7.0486e-03   1.0049e-04   8.4286e+01   1.2016e+00
   2.1685e+00   1.3753e+01   0.0000e+00   6.9117e-03   8.2054e+01   6.3447e-03   9.5260e-05   7.5323e+01   1.1309e+00
   2.1733e+00   1.3758e+01   0.0000e+00   5.7554e-03   6.7838e+01   5.7801e-03   9.4640e-05   6.8130e+01   1.1155e+00
   2.1783e+00   1.3763e+01   0.0000e+00   4.7311e-03   5.5343e+01   5.0922e-03   7.8050e-05   5.9567e+01   9.1300e-01
   2.1827e+00   1.3768e+01   0.0000e+00   4.0059e-03   4.6547e+01   4.6736e-03   7.3670e-05   5.4306e+01   8.5602e-01
   2.1874e+00   1.3772e+01   0.0000e+00   3.3955e-03   3.9175e+01   4.2276e-03   7.2680e-05   4.8775e+01   8.3853e-01
   2.1928e+00   1.3778e+01   0.0000e+00   2.8725e-03   3.2874e+01   3.9250e-03   7.2590e-05   4.4919e+01   8.3075e-01
   2.1974e+00   1.3782e+01   0.0000e+00   2.6021e-03   2.9579e+01   3.9237e-03   8.2110e-05   4.4602e+01   9.3336e-01


   2.0280e+00   1.3613e+01   9.3027e+01   7.4266e-06   1.1056e-01   2.6036e-03   7.6206e-04   3.8759e+01   1.1344e+01
   2.1185e+00   1.3703e+01   9.2964e+01   5.4652e-04   7.0125e+00   3.2043e-03   8.5615e-04   4.1115e+01   1.0985e+01
   2.1176e+00   1.3703e+01   1.0786e+02   5.0956e-04   6.5473e+00   1.5430e-03   4.7215e-04   1.9825e+01   6.0665e+00
   2.1222e+00   1.3707e+01   1.0786e+02   6.0748e-04   7.7496e+00   2.1601e-03   5.5854e-04   2.7556e+01   7.1253e+00
   2.1362e+00   1.3721e+01   1.0785e+02   5.7725e-04   7.2042e+00   1.9542e-03   5.0500e-04   2.4389e+01   6.3025e+00
   2.1455e+00   1.3730e+01   1.0785e+02   7.1964e-04   8.8514e+00   1.4398e-03   4.2990e-04   1.7710e+01   5.2877e+00
   2.0245e+00   1.3609e+01   1.3714e+02   5.5811e-06   8.3575e-02   1.4040e-03   3.1751e-04   2.1024e+01   4.7547e+00
   2.0263e+00   1.3611e+01   1.3714e+02   5.6629e-06   8.4550e-02   1.6199e-03   3.4450e-04   2.4186e+01   5.1436e+00
   2.0268e+00   1.3612e+01   1.3714e+02   5.6940e-06   8.4930e-02   1.1879e-03   2.9590e-04   1.7719e+01   4.4136e+00
   2.0274e+00   1.3612e+01   1.3714e+02   5.7276e-06   8.5348e-02   1.1879e-03   2.9266e-04   1.7701e+01   4.3609e+00
   2.0280e+00   1.3613e+01   1.3714e+02   5.7645e-06   8.5813e-02   1.8358e-03   3.7257e-04   2.7329e+01   5.5462e+00
   2.0879e+00   1.3673e+01   1.3711e+02   5.5130e-05   7.4301e-01   1.1866e-03   2.9880e-04   1.5992e+01   4.0270e+00
   2.0890e+00   1.3674e+01   1.3711e+02   6.0036e-05   8.0760e-01   1.2944e-03   3.1390e-04   1.7412e+01   4.2225e+00
   2.0892e+00   1.3674e+01   1.3711e+02   6.0920e-05   8.1924e-01   1.1865e-03   3.0634e-04   1.5956e+01   4.1197e+00
   2.0894e+00   1.3674e+01   1.3711e+02   6.1824e-05   8.3113e-01   1.5101e-03   3.4517e-04   2.0302e+01   4.6404e+00
   2.0898e+00   1.3675e+01   1.3711e+02   6.3695e-05   8.5576e-01   1.6180e-03   3.6567e-04   2.1738e+01   4.9128e+00
   2.1059e+00   1.3691e+01   1.3710e+02   1.7969e-04   2.3524e+00   1.1862e-03   2.9547e-04   1.5529e+01   3.8682e+00
   2.1169e+00   1.3702e+01   1.3710e+02   5.0760e-04   6.5301e+00   1.1860e-03   3.1914e-04   1.5257e+01   4.1055e+00
   2.1170e+00   1.3702e+01   1.3710e+02   5.1152e-04   6.5795e+00   1.5094e-03   3.6981e-04   1.9415e+01   4.7567e+00
   2.1173e+00   1.3702e+01   1.3710e+02   5.2322e-04   6.7269e+00   1.5094e-03   3.5363e-04   1.9406e+01   4.5466e+00
   2.1496e+00   1.3734e+01   1.3708e+02   8.7217e-04   1.0660e+01   1.1853e-03   2.9849e-04   1.4488e+01   3.6484e+00
   2.1507e+00   1.3736e+01   1.3708e+02   8.8045e-04   1.0742e+01   1.4008e-03   3.2327e-04   1.7092e+01   3.9442e+00
   2.1583e+00   1.3743e+01   1.3708e+02   8.2894e-04   9.9960e+00   1.2929e-03   3.0922e-04   1.5591e+01   3.7289e+00
   2.1664e+00   1.3751e+01   1.3707e+02   6.3915e-04   7.6125e+00   1.2928e-03   3.1457e-04   1.5397e+01   3.7466e+00
   2.1683e+00   1.3753e+01   1.3707e+02   5.9351e-04   7.0491e+00   1.1850e-03   2.9948e-04   1.4074e+01   3.5569e+00
   2.0257e+00   1.3611e+01   1.6104e+02   5.5080e-06   8.2319e-02   1.8826e-03   3.4773e-04   2.8136e+01   5.1969e+00
   2.0263e+00   1.3611e+01   1.6104e+02   5.5263e-06   8.2511e-02   1.5504e-03   3.1672e-04   2.3148e+01   4.7288e+00
   2.0268e+00   1.3612e+01   1.6104e+02   5.5461e-06   8.2724e-02   1.6611e-03   3.2779e-04   2.4777e+01   4.8892e+00
   2.0274e+00   1.3612e+01   1.6104e+02   5.5677e-06   8.2965e-02   2.1040e-03   3.8426e-04   3.1352e+01   5.7259e+00
   2.0287e+00   1.3614e+01   1.6103e+02   5.6232e-06   8.3614e-02   1.7717e-03   3.5656e-04   2.6345e+01   5.3019e+00
   2.0292e+00   1.3614e+01   1.6103e+02   5.6542e-06   8.3991e-02   1.6610e-03   3.5767e-04   2.4674e+01   5.3131e+00
   2.0298e+00   1.3615e+01   1.6103e+02   5.6895e-06   8.4433e-02   1.3288e-03   3.1337e-04   1.9719e+01   4.6504e+00
   2.0304e+00   1.3615e+01   1.6103e+02   5.7301e-06   8.4952e-02   1.7717e-03   3.6541e-04   2.6266e+01   5.4174e+00
   2.0310e+00   1.3616e+01   1.6103e+02   5.7770e-06   8.5564e-02   1.4395e-03   3.3218e-04   2.1320e+01   4.9200e+00
   2.0316e+00   1.3616e+01   1.6103e+02   5.8316e-06   8.6287e-02   1.3287e-03   3.2000e-04   1.9660e+01   4.7349e+00
   2.0321e+00   1.3617e+01   1.6103e+02   5.8952e-06   8.7143e-02   1.4394e-03   3.2774e-04   2.1277e+01   4.8447e+00
   2.0333e+00   1.3618e+01   1.6103e+02   6.0574e-06   8.9365e-02   1.2179e-03   3.0448e-04   1.7968e+01   4.4921e+00
   2.0350e+00   1.3620e+01   1.6103e+02   6.4281e-06   9.4556e-02   1.6607e-03   3.4876e-04   2.4429e+01   5.1301e+00
   2.0507e+00   1.3636e+01   1.6103e+02   2.6286e-05   3.7659e-01   1.2174e-03   3.6522e-04   1.7441e+01   5.2322e+00
   2.0509e+00   1.3636e+01   1.6103e+02   2.4462e-05   3.5034e-01   1.2174e-03   3.6743e-04   1.7435e+01   5.2622e+00
   2.0882e+00   1.3673e+01   1.6102e+02   7.9309e-05   1.0682e+00   1.2163e-03   2.6869e-04   1.6382e+01   3.6190e+00
   2.0886e+00   1.3674e+01   1.6102e+02   8.0859e-05   1.0884e+00   1.6586e-03   3.0739e-04   2.2325e+01   4.1376e+00
   2.0890e+00   1.3674e+01   1.6102e+02   8.2544e-05   1.1104e+00   1.4374e-03   2.9301e-04   1.9336e+01   3.9416e+00
   2.1338e+00   1.3719e+01   1.6101e+02   7.9499e-04   9.9575e+00   1.2150e-03   2.6731e-04   1.5219e+01   3.3481e+00
   2.1554e+00   1.3740e+01   1.6101e+02   9.4679e-04   1.1468e+01   1.2145e-03   3.0141e-04   1.4711e+01   3.6509e+00


