   2.0422e+00   1.3627e+01   0.0000e+00   4.2136e-04   6.1240e+00   4.8626e-04   4.2680e-05   7.0672e+00   6.2030e-01
   2.0432e+00   1.3628e+01   0.0000e+00   5.4197e-04   7.8629e+00   4.7921e-04   5.2580e-05   6.9524e+00   7.6283e-01
   2.0442e+00   1.3629e+01   0.0000e+00   7.2248e-04   1.0465e+01   5.0848e-04   4.9430e-05   7.3651e+00   7.1597e-01
   2.0451e+00   1.3630e+01   0.0000e+00   1.0583e-03   1.5305e+01   5.9866e-04   4.2210e-05   8.6573e+00   6.1040e-01
   2.0461e+00   1.3631e+01   0.0000e+00   1.7470e-03   2.5223e+01   1.1872e-03   4.7570e-05   1.7140e+01   6.8680e-01
   2.0466e+00   1.3631e+01   0.0000e+00   2.2216e-03   3.2049e+01   2.3565e-03   6.2690e-05   3.3996e+01   9.0437e-01
   2.0471e+00   1.3632e+01   0.0000e+00   2.5141e-03   3.6239e+01   4.9536e-03   9.8030e-05   7.1403e+01   1.4130e+00
   2.0474e+00   1.3632e+01   0.0000e+00   2.4845e-03   3.5795e+01   4.0258e-03   9.1120e-05   5.8001e+01   1.3128e+00
   2.0485e+00   1.3633e+01   0.0000e+00   1.7698e-03   2.5449e+01   1.2841e-03   6.6950e-05   1.8464e+01   9.6271e-01
   2.0495e+00   1.3634e+01   0.0000e+00   1.5435e-03   2.2160e+01   1.1125e-03   5.5240e-05   1.5972e+01   7.9305e-01
   2.0504e+00   1.3635e+01   0.0000e+00   1.5707e-03   2.2516e+01   1.0940e-03   6.4390e-05   1.5683e+01   9.2307e-01
   2.0541e+00   1.3639e+01   0.0000e+00   2.1213e-03   3.0220e+01   7.0780e-04   5.8750e-05   1.0083e+01   8.3695e-01
   2.0590e+00   1.3644e+01   0.0000e+00   1.3076e-03   1.8477e+01   4.3214e-04   1.0523e-04   6.1061e+00   1.4869e+00
   2.0609e+00   1.3646e+01   0.0000e+00   9.7827e-04   1.3781e+01   3.3583e-04   1.2714e-04   4.7309e+00   1.7910e+00
   2.0822e+00   1.3667e+01   0.0000e+00   1.9304e-04   2.6258e+00   1.7121e-04   1.6790e-05   2.3289e+00   2.2839e-01
   2.0867e+00   1.3672e+01   0.0000e+00   2.0216e-04   2.7297e+00   6.8845e-04   3.2900e-05   9.2959e+00   4.4424e-01
   2.0909e+00   1.3676e+01   0.0000e+00   2.4504e-04   3.2861e+00   5.8565e-04   2.9080e-05   7.8536e+00   3.8997e-01
   2.0953e+00   1.3680e+01   0.0000e+00   6.9447e-04   9.2479e+00   3.3230e-04   1.2235e-04   4.4251e+00   1.6293e+00
   2.0959e+00   1.3681e+01   0.0000e+00   1.1003e-03   1.4638e+01   2.7608e-04   2.6260e-05   3.6730e+00   3.4936e-01
   2.0962e+00   1.3681e+01   0.0000e+00   1.7286e-03   2.2983e+01   4.2298e-03   1.1041e-04   5.6238e+01   1.4680e+00
   2.0966e+00   1.3682e+01   0.0000e+00   3.1572e-03   4.1952e+01   4.5847e-03   6.2420e-05   6.0920e+01   8.2941e-01
   2.0967e+00   1.3682e+01   0.0000e+00   3.7105e-03   4.9296e+01   1.1154e-02   1.4628e-04   1.4819e+02   1.9434e+00
   2.0971e+00   1.3682e+01   0.0000e+00   5.2018e-03   6.9065e+01   3.7042e-03   1.1937e-04   4.9181e+01   1.5849e+00
   2.0977e+00   1.3683e+01   0.0000e+00   1.7786e-03   2.3593e+01   1.7923e-03   4.3310e-05   2.3774e+01   5.7450e-01
   2.0981e+00   1.3683e+01   0.0000e+00   8.2602e-04   1.0950e+01   7.2222e-04   3.8000e-05   9.5742e+00   5.0375e-01
   2.0986e+00   1.3683e+01   0.0000e+00   4.1928e-04   5.5540e+00   8.7162e-04   4.4690e-05   1.1546e+01   5.9198e-01
   2.0996e+00   1.3685e+01   0.0000e+00   2.0307e-04   2.6853e+00   2.8309e-04   3.9840e-05   3.7435e+00   5.2684e-01
   2.1007e+00   1.3686e+01   0.0000e+00   1.6702e-04   2.2049e+00   1.5349e-04   1.8510e-05   2.0263e+00   2.4436e-01
   2.1064e+00   1.3691e+01   0.0000e+00   2.2844e-04   2.9884e+00   1.9109e-04   3.9170e-05   2.4998e+00   5.1241e-01
   2.1108e+00   1.3696e+01   0.0000e+00   3.3362e-04   4.3335e+00   9.6650e-05   2.0030e-05   1.2554e+00   2.6018e-01
   2.1157e+00   1.3701e+01   0.0000e+00   4.9414e-04   6.3685e+00   4.7814e-04   3.1720e-05   6.1624e+00   4.0881e-01
   2.1183e+00   1.3703e+01   0.0000e+00   5.6732e-04   7.2816e+00   1.1228e-03   4.2430e-05   1.4412e+01   5.4459e-01
   2.1189e+00   1.3704e+01   0.0000e+00   5.7810e-04   7.4132e+00   5.3362e-04   3.8040e-05   6.8428e+00   4.8780e-01
   2.1190e+00   1.3704e+01   0.0000e+00   5.7963e-04   7.4317e+00   1.5770e-03   7.9350e-05   2.0219e+01   1.0174e+00
   2.1193e+00   1.3704e+01   0.0000e+00   5.8375e-04   7.4811e+00   7.1983e-04   4.2260e-05   9.2250e+00   5.4159e-01
   2.1194e+00   1.3704e+01   0.0000e+00   5.8496e-04   7.4955e+00   7.9874e-04   7.7230e-05   1.0235e+01   9.8959e-01
   2.1199e+00   1.3705e+01   0.0000e+00   5.8972e-04   7.5507e+00   3.5203e-03   1.2919e-04   4.5074e+01   1.6541e+00
   2.1200e+00   1.3705e+01   0.0000e+00   5.9041e-04   7.5584e+00   5.0134e-04   5.5770e-05   6.4181e+00   7.1396e-01
   2.1202e+00   1.3705e+01   0.0000e+00   5.9194e-04   7.5744e+00   1.6089e-03   8.3360e-05   2.0588e+01   1.0667e+00
   2.1203e+00   1.3705e+01   0.0000e+00   5.9226e-04   7.5774e+00   4.7351e-04   2.9840e-05   6.0581e+00   3.8178e-01
   2.1206e+00   1.3706e+01   0.0000e+00   5.9269e-04   7.5795e+00   7.7843e-04   3.2770e-05   9.9547e+00   4.1907e-01
   2.1208e+00   1.3706e+01   0.0000e+00   5.9252e-04   7.5749e+00   4.6025e-04   6.4030e-05   5.8840e+00   8.1858e-01
   2.1226e+00   1.3707e+01   0.0000e+00   5.7482e-04   7.3286e+00   2.7780e-04   3.1310e-05   3.5418e+00   3.9918e-01
   2.1247e+00   1.3710e+01   0.0000e+00   5.2095e-04   6.6196e+00   2.1174e-04   6.3310e-05   2.6905e+00   8.0447e-01
   2.1255e+00   1.3710e+01   0.0000e+00   4.9260e-04   6.2509e+00   2.7990e-04   9.8920e-05   3.5518e+00   1.2552e+00
   2.1260e+00   1.3711e+01   0.0000e+00   4.7606e-04   6.0363e+00   1.6703e-04   2.0610e-05   2.1179e+00   2.6133e-01
   2.1302e+00   1.3715e+01   0.0000e+00   3.3624e-04   4.2358e+00   1.7839e-04   2.6620e-05   2.2473e+00   3.3534e-01
   2.1304e+00   1.3715e+01   0.0000e+00   3.3046e-04   4.1617e+00   1.6666e-04   4.2090e-05   2.0989e+00   5.3007e-01
   2.1341e+00   1.3719e+01   0.0000e+00   2.3618e-04   2.9568e+00   2.0627e-04   3.0790e-05   2.5824e+00   3.8548e-01
   2.1400e+00   1.3725e+01   0.0000e+00   1.4688e-04   1.8221e+00   2.7364e-04   8.6560e-05   3.3946e+00   1.0738e+00
   2.1445e+00   1.3729e+01   0.0000e+00   1.0765e-04   1.3260e+00   2.2143e-04   2.7530e-05   2.7276e+00   3.3912e-01
   2.1492e+00   1.3734e+01   0.0000e+00   8.1983e-05   1.0027e+00   1.6531e-04   2.1070e-05   2.0218e+00   2.5769e-01
   2.1638e+00   1.3749e+01   0.0000e+00   4.3195e-05   5.1651e-01   2.7169e-04   8.2380e-05   3.2488e+00   9.8508e-01
   2.1685e+00   1.3753e+01   0.0000e+00   3.7033e-05   4.3965e-01   2.7511e-04   9.9660e-05   3.2661e+00   1.1831e+00
   2.1733e+00   1.3758e+01   0.0000e+00   3.2395e-05   3.8184e-01   2.4585e-04   5.7460e-05   2.8978e+00   6.7727e-01
   2.1783e+00   1.3763e+01   0.0000e+00   2.8712e-05   3.3586e-01   1.7668e-04   2.4590e-05   2.0667e+00   2.8765e-01
   2.1827e+00   1.3768e+01   0.0000e+00   2.6345e-05   3.0612e-01   2.7374e-04   9.8980e-05   3.1808e+00   1.1501e+00
   2.1874e+00   1.3772e+01   0.0000e+00   2.4815e-05   2.8630e-01   1.7502e-04   2.7410e-05   2.0193e+00   3.1624e-01
   2.1928e+00   1.3778e+01   0.0000e+00   2.5357e-05   2.9019e-01   1.8317e-04   3.6410e-05   2.0963e+00   4.1669e-01
   2.1974e+00   1.3782e+01   0.0000e+00   3.3181e-05   3.7717e-01   2.0983e-04   5.6910e-05   2.3852e+00   6.4691e-01


