   2.0422e+00   1.3627e+01   0.0000e+00   6.2818e-04   9.1298e+00   4.0700e-04   9.8700e-05   5.9153e+00   1.4345e+00
   2.0432e+00   1.3628e+01   0.0000e+00   6.4082e-04   9.2970e+00   3.3594e-04   7.5130e-05   4.8738e+00   1.0900e+00
   2.0442e+00   1.3629e+01   0.0000e+00   6.5148e-04   9.4363e+00   1.8741e-04   6.9710e-05   2.7145e+00   1.0097e+00
   2.0451e+00   1.3630e+01   0.0000e+00   6.6122e-04   9.5619e+00   2.3817e-04   7.4710e-05   3.4442e+00   1.0804e+00
   2.0461e+00   1.3631e+01   0.0000e+00   6.6994e-04   9.6724e+00   2.8902e-04   4.6300e-05   4.1728e+00   6.6847e-01
   2.0466e+00   1.3631e+01   0.0000e+00   6.7389e-04   9.7215e+00   5.6626e-04   7.3930e-05   8.1689e+00   1.0665e+00
   2.0471e+00   1.3632e+01   0.0000e+00   6.7754e-04   9.7664e+00   8.9342e-04   7.3750e-05   1.2878e+01   1.0631e+00
   2.0474e+00   1.3632e+01   0.0000e+00   6.7959e-04   9.7912e+00   7.9287e-04   7.4490e-05   1.1423e+01   1.0732e+00
   2.0485e+00   1.3633e+01   0.0000e+00   6.8665e-04   9.8737e+00   4.6002e-04   7.5280e-05   6.6149e+00   1.0825e+00
   2.0495e+00   1.3634e+01   0.0000e+00   6.9108e-04   9.9214e+00   4.4756e-04   6.7030e-05   6.4253e+00   9.6231e-01
   2.0504e+00   1.3635e+01   0.0000e+00   6.9388e-04   9.9471e+00   5.6853e-04   7.3750e-05   8.1502e+00   1.0572e+00
   2.0541e+00   1.3639e+01   0.0000e+00   6.9267e-04   9.8676e+00   4.1994e-04   7.8780e-05   5.9824e+00   1.1223e+00
   2.0590e+00   1.3644e+01   0.0000e+00   6.6031e-04   9.3302e+00   4.8477e-04   3.0116e-04   6.8498e+00   4.2554e+00
   2.0609e+00   1.3646e+01   0.0000e+00   6.4058e-04   9.0239e+00   3.1911e-04   9.4460e-05   4.4953e+00   1.3307e+00
   2.0723e+00   1.3657e+01   0.0000e+00   4.7587e-04   6.5780e+00   1.2412e-03   5.4455e-04   1.7158e+01   7.5273e+00
   2.0822e+00   1.3667e+01   0.0000e+00   3.5313e-04   4.8034e+00   1.8037e-04   3.6540e-05   2.4535e+00   4.9703e-01
   2.0867e+00   1.3672e+01   0.0000e+00   3.3764e-04   4.5591e+00   2.7287e-04   3.5190e-05   3.6845e+00   4.7516e-01
   2.0909e+00   1.3676e+01   0.0000e+00   3.2759e-04   4.3930e+00   2.9397e-04   5.5770e-05   3.9422e+00   7.4788e-01
   2.0953e+00   1.3680e+01   0.0000e+00   4.5290e-04   6.0310e+00   4.1010e-04   1.1801e-04   5.4611e+00   1.5715e+00
   2.0959e+00   1.3681e+01   0.0000e+00   5.7899e-04   7.7029e+00   2.3474e-04   4.1460e-05   3.1230e+00   5.5159e-01
   2.0962e+00   1.3681e+01   0.0000e+00   7.7713e-04   1.0333e+01   9.3370e-04   1.1241e-04   1.2414e+01   1.4946e+00
   2.0966e+00   1.3682e+01   0.0000e+00   1.2343e-03   1.6400e+01   9.3824e-04   5.7390e-05   1.2467e+01   7.6257e-01
   2.0967e+00   1.3682e+01   0.0000e+00   1.4133e-03   1.8777e+01   2.1616e-03   1.2549e-04   2.8718e+01   1.6672e+00
   2.0971e+00   1.3682e+01   0.0000e+00   1.9178e-03   2.5464e+01   8.6508e-04   1.1509e-04   1.1486e+01   1.5281e+00
   2.0977e+00   1.3683e+01   0.0000e+00   8.3609e-04   1.1091e+01   4.2293e-04   4.5660e-05   5.6101e+00   6.0567e-01
   2.0981e+00   1.3683e+01   0.0000e+00   5.2486e-04   6.9578e+00   3.7929e-04   5.8660e-05   5.0281e+00   7.7764e-01
   2.0986e+00   1.3683e+01   0.0000e+00   3.8962e-04   5.1610e+00   3.1538e-04   5.1480e-05   4.1776e+00   6.8192e-01
   2.0996e+00   1.3685e+01   0.0000e+00   3.1652e-04   4.1856e+00   1.8940e-04   4.6400e-05   2.5046e+00   6.1359e-01
   2.1007e+00   1.3686e+01   0.0000e+00   3.0540e-04   4.0316e+00   2.7107e-04   3.9100e-05   3.5785e+00   5.1617e-01
   2.1064e+00   1.3691e+01   0.0000e+00   3.5846e-04   4.6892e+00   3.3196e-04   4.0860e-05   4.3426e+00   5.3451e-01
   2.1108e+00   1.3696e+01   0.0000e+00   4.5397e-04   5.8968e+00   3.6327e-04   4.7400e-05   4.7186e+00   6.1569e-01
   2.1157e+00   1.3701e+01   0.0000e+00   6.1902e-04   7.9781e+00   1.1989e-03   6.1330e-05   1.5452e+01   7.9043e-01
   2.1183e+00   1.3703e+01   0.0000e+00   7.1491e-04   9.1760e+00   5.9208e-04   5.1100e-05   7.5994e+00   6.5587e-01
   2.1189e+00   1.3704e+01   0.0000e+00   7.3417e-04   9.4145e+00   5.5291e-04   6.6070e-05   7.0902e+00   8.4724e-01
   2.1190e+00   1.3704e+01   0.0000e+00   7.3726e-04   9.4527e+00   7.0847e-04   1.0738e-04   9.0836e+00   1.3768e+00
   2.1193e+00   1.3704e+01   0.0000e+00   7.4629e-04   9.5641e+00   6.1197e-04   7.4410e-05   7.8427e+00   9.5360e-01
   2.1194e+00   1.3704e+01   0.0000e+00   7.4922e-04   9.6002e+00   6.7111e-04   9.1670e-05   8.5993e+00   1.1746e+00
   2.1199e+00   1.3705e+01   0.0000e+00   7.6323e-04   9.7723e+00   1.1243e-03   1.1508e-04   1.4395e+01   1.4735e+00
   2.1200e+00   1.3705e+01   0.0000e+00   7.6591e-04   9.8050e+00   5.7333e-04   6.4520e-05   7.3397e+00   8.2598e-01
   2.1202e+00   1.3705e+01   0.0000e+00   7.7364e-04   9.8995e+00   8.8068e-04   8.1850e-05   1.1269e+01   1.0474e+00
   2.1203e+00   1.3705e+01   0.0000e+00   7.7612e-04   9.9298e+00   6.1362e-04   4.0950e-05   7.8507e+00   5.2392e-01
   2.1206e+00   1.3706e+01   0.0000e+00   7.8329e-04   1.0017e+01   6.7453e-04   4.1220e-05   8.6260e+00   5.2713e-01
   2.1208e+00   1.3706e+01   0.0000e+00   7.8782e-04   1.0072e+01   7.5855e-04   1.2980e-04   9.6976e+00   1.6594e+00
   2.1226e+00   1.3707e+01   0.0000e+00   8.2015e-04   1.0456e+01   6.4596e-04   6.2460e-05   8.2356e+00   7.9632e-01
   2.1247e+00   1.3710e+01   0.0000e+00   8.4352e-04   1.0718e+01   7.0596e-04   6.9520e-05   8.9705e+00   8.8337e-01
   2.1255e+00   1.3710e+01   0.0000e+00   8.5072e-04   1.0795e+01   7.9938e-04   6.3640e-05   1.0144e+01   8.0755e-01
   2.1260e+00   1.3711e+01   0.0000e+00   8.5471e-04   1.0838e+01   7.0402e-04   4.7570e-05   8.9268e+00   6.0318e-01
   2.1302e+00   1.3715e+01   0.0000e+00   9.1040e-04   1.1469e+01   7.8749e-04   6.1590e-05   9.9204e+00   7.7588e-01
   2.1304e+00   1.3715e+01   0.0000e+00   9.1449e-04   1.1517e+01   8.7092e-04   7.0570e-05   1.0968e+01   8.8873e-01
   2.1340e+00   1.3719e+01   0.0000e+00   1.0253e-03   1.2838e+01   9.5422e-04   6.8390e-05   1.1948e+01   8.5635e-01
   2.1341e+00   1.3719e+01   0.0000e+00   1.0291e-03   1.2884e+01   9.4274e-04   5.6950e-05   1.1803e+01   7.1300e-01
   2.1400e+00   1.3725e+01   0.0000e+00   1.3401e-03   1.6624e+01   1.1173e-03   5.7390e-05   1.3860e+01   7.1194e-01
   2.1445e+00   1.3729e+01   0.0000e+00   1.6576e-03   2.0419e+01   1.3726e-03   6.0430e-05   1.6908e+01   7.4439e-01
   2.1492e+00   1.3734e+01   0.0000e+00   1.9722e-03   2.4120e+01   1.4240e-03   6.3560e-05   1.7416e+01   7.7735e-01
   2.1638e+00   1.3749e+01   0.0000e+00   1.9836e-03   2.3719e+01   1.4811e-03   9.1360e-05   1.7711e+01   1.0925e+00
   2.1685e+00   1.3753e+01   0.0000e+00   1.7375e-03   2.0627e+01   1.3254e-03   7.9410e-05   1.5735e+01   9.4274e-01
   2.1733e+00   1.3758e+01   0.0000e+00   1.4903e-03   1.7566e+01   1.1641e-03   7.9860e-05   1.3721e+01   9.4130e-01
   2.1783e+00   1.3763e+01   0.0000e+00   1.2613e-03   1.4755e+01   9.8218e-04   6.4470e-05   1.1489e+01   7.5415e-01
   2.1827e+00   1.3768e+01   0.0000e+00   1.0947e-03   1.2720e+01   8.9323e-04   6.5320e-05   1.0379e+01   7.5899e-01
   2.1874e+00   1.3772e+01   0.0000e+00   9.5335e-04   1.0999e+01   8.3712e-04   6.1830e-05   9.6581e+00   7.1335e-01
   2.1928e+00   1.3778e+01   0.0000e+00   8.3872e-04   9.5986e+00   8.6001e-04   6.6580e-05   9.8423e+00   7.6197e-01
   2.1974e+00   1.3782e+01   0.0000e+00   8.1511e-04   9.2655e+00   9.0073e-04   6.8570e-05   1.0239e+01   7.7945e-01


   2.0816e+00   1.3666e+01   1.0768e+02   2.6496e-05   3.6075e-01   1.6427e-03   4.7022e-04   2.2366e+01   6.4022e+00
   2.1216e+00   1.3706e+01   1.0766e+02   4.0605e-05   5.1847e-01   1.6424e-03   4.8862e-04   2.0972e+01   6.2391e+00
   2.0505e+00   1.3635e+01   1.3697e+02   5.6574e-05   8.1076e-01   1.1805e-03   3.6597e-04   1.6918e+01   5.2447e+00


