PHYSICAL LEVEL PARAMETERS (BOUNDARY CONDITION SET TO SHIFT AT E_LEVEL)

J = 0.0+  E_level =  14.2350 MeV  ITERATIONS =     0
  R =  1  l =   2  s =  2.0  G  = 5.898211e+00 keV        g_int = -1.293554e+01 MeV^(1/2)   g_ext = (0.000000e+00,0.000000e+00) MeV^(1/2) 
  R =  2  l =   0  s =  0.0  G  = 7.864908e+00 keV        g_int = 8.049714e+00 MeV^(1/2)   g_ext = (0.000000e+00,0.000000e+00) MeV^(1/2) 
  R =  3  l =   0  s =  0.0  G  = 6.699151e+01 keV        g_int = 2.601446e+01 MeV^(1/2)   g_ext = (0.000000e+00,0.000000e+00) MeV^(1/2) 
  R =  4  l =   2  s =  2.0  G  = 0.000000e+00 meV        g_int = 0.000000e+00 MeV^(1/2)   g_ext = (0.000000e+00,0.000000e+00) MeV^(1/2) 
  R =  5  l =   2  s =  2.0  G  = 5.395713e+00 keV        g_int = -7.759516e+01 MeV^(1/2)   g_ext = (0.000000e+00,0.000000e+00) MeV^(1/2) 

J = 0.0+  E_level =  14.3870 MeV  ITERATIONS =     0
  R =  1  l =   2  s =  2.0  G  = 1.499120e+00 keV        g_int = -1.002866e-01 MeV^(1/2)   g_ext = (0.000000e+00,0.000000e+00) MeV^(1/2) 
  R =  2  l =   0  s =  0.0  G  = 6.931048e+00 eV         g_int = 3.663959e-03 MeV^(1/2)   g_ext = (0.000000e+00,0.000000e+00) MeV^(1/2) 
  R =  3  l =   0  s =  0.0  G  = 4.564115e+02 eV         g_int = 3.241925e-02 MeV^(1/2)   g_ext = (0.000000e+00,0.000000e+00) MeV^(1/2) 
  R =  4  l =   2  s =  2.0  G  = 4.927129e+02 meV        g_int = -5.022073e-03 MeV^(1/2)   g_ext = (0.000000e+00,0.000000e+00) MeV^(1/2) 
  R =  5  l =   2  s =  2.0  G  = 1.041766e+00 keV        g_int = 4.388578e-01 MeV^(1/2)   g_ext = (0.000000e+00,0.000000e+00) MeV^(1/2) 

J = 2.0-  E_level =  14.2100 MeV  ITERATIONS =     0
  R =  1  l =   1  s =  2.0  G  = 4.631613e+02 eV         g_int = -3.380470e-02 MeV^(1/2)   g_ext = (0.000000e+00,0.000000e+00) MeV^(1/2) 
  R =  1  l =   3  s =  2.0  G  = 0.000000e+00 meV        g_int = 0.000000e+00 MeV^(1/2)   g_ext = (0.000000e+00,0.000000e+00) MeV^(1/2) 
  R =  1  l =   1  s =  3.0  G  = 2.171701e+00 keV        g_int = -7.319998e-02 MeV^(1/2)   g_ext = (0.000000e+00,0.000000e+00) MeV^(1/2) 
  R =  1  l =   3  s =  3.0  G  = 0.000000e+00 meV        g_int = 0.000000e+00 MeV^(1/2)   g_ext = (0.000000e+00,0.000000e+00) MeV^(1/2) 
  R =  3  l =   1  s =  1.0  G  = 7.609371e+00 keV        g_int = 2.709159e-01 MeV^(1/2)   g_ext = (0.000000e+00,0.000000e+00) MeV^(1/2) 
  R =  3  l =   3  s =  1.0  G  = 0.000000e+00 meV        g_int = 0.000000e+00 MeV^(1/2)   g_ext = (0.000000e+00,0.000000e+00) MeV^(1/2) 
  R =  4  l =   1  s =  1.0  G  = 4.052017e+00 keV        g_int = 2.454280e-01 MeV^(1/2)   g_ext = (0.000000e+00,0.000000e+00) MeV^(1/2) 
  R =  4  l =   3  s =  1.0  G  = 0.000000e+00 meV        g_int = 0.000000e+00 MeV^(1/2)   g_ext = (0.000000e+00,0.000000e+00) MeV^(1/2) 
  R =  4  l =   1  s =  2.0  G  = 6.237675e+02 eV         g_int = -9.629413e-02 MeV^(1/2)   g_ext = (0.000000e+00,0.000000e+00) MeV^(1/2) 
  R =  4  l =   3  s =  2.0  G  = 0.000000e+00 meV        g_int = 0.000000e+00 MeV^(1/2)   g_ext = (0.000000e+00,0.000000e+00) MeV^(1/2) 
  R =  5  l =   1  s =  2.0  G  = 1.321071e+00 keV        g_int = -4.657986e-01 MeV^(1/2)   g_ext = (0.000000e+00,0.000000e+00) MeV^(1/2) 
  R =  5  l =   3  s =  2.0  G  = 1.675154e+02 eV         g_int = 5.602739e-01 MeV^(1/2)   g_ext = (0.000000e+00,0.000000e+00) MeV^(1/2) 

J = 2.0-  E_level =  14.3580 MeV  ITERATIONS =     0
  R =  1  l =   1  s =  2.0  G  = 3.585861e+01 eV         g_int = -7.682111e-03 MeV^(1/2)   g_ext = (0.000000e+00,0.000000e+00) MeV^(1/2) 
  R =  1  l =   3  s =  2.0  G  = 0.000000e+00 meV        g_int = 0.000000e+00 MeV^(1/2)   g_ext = (0.000000e+00,0.000000e+00) MeV^(1/2) 
  R =  1  l =   1  s =  3.0  G  = 3.565149e+01 keV        g_int = -2.422271e-01 MeV^(1/2)   g_ext = (0.000000e+00,0.000000e+00) MeV^(1/2) 
  R =  1  l =   3  s =  3.0  G  = 0.000000e+00 meV        g_int = 0.000000e+00 MeV^(1/2)   g_ext = (0.000000e+00,0.000000e+00) MeV^(1/2) 
  R =  3  l =   1  s =  1.0  G  = 6.893747e+00 keV        g_int = 1.941639e-01 MeV^(1/2)   g_ext = (0.000000e+00,0.000000e+00) MeV^(1/2) 
  R =  3  l =   3  s =  1.0  G  = 0.000000e+00 meV        g_int = 0.000000e+00 MeV^(1/2)   g_ext = (0.000000e+00,0.000000e+00) MeV^(1/2) 
  R =  4  l =   1  s =  1.0  G  = 1.978123e+01 meV        g_int = -3.962364e-04 MeV^(1/2)   g_ext = (0.000000e+00,0.000000e+00) MeV^(1/2) 
  R =  4  l =   3  s =  1.0  G  = 0.000000e+00 meV        g_int = 0.000000e+00 MeV^(1/2)   g_ext = (0.000000e+00,0.000000e+00) MeV^(1/2) 
  R =  4  l =   1  s =  2.0  G  = 1.175712e+00 keV        g_int = 9.660025e-02 MeV^(1/2)   g_ext = (0.000000e+00,0.000000e+00) MeV^(1/2) 
  R =  4  l =   3  s =  2.0  G  = 0.000000e+00 meV        g_int = 0.000000e+00 MeV^(1/2)   g_ext = (0.000000e+00,0.000000e+00) MeV^(1/2) 
  R =  5  l =   1  s =  2.0  G  = 2.159071e+02 eV         g_int = -1.263865e-01 MeV^(1/2)   g_ext = (0.000000e+00,0.000000e+00) MeV^(1/2) 
  R =  5  l =   3  s =  2.0  G  = 0.000000e+00 meV        g_int = 0.000000e+00 MeV^(1/2)   g_ext = (0.000000e+00,0.000000e+00) MeV^(1/2) 

J = 2.0+  E_level =  14.2480 MeV  ITERATIONS =     0
  R =  1  l =   0  s =  2.0  G  = 1.145762e+01 keV        g_int = 1.520422e-01 MeV^(1/2)   g_ext = (0.000000e+00,0.000000e+00) MeV^(1/2) 
  R =  1  l =   2  s =  2.0  G  = 6.292235e+00 keV        g_int = -3.179070e-01 MeV^(1/2)   g_ext = (0.000000e+00,0.000000e+00) MeV^(1/2) 
  R =  1  l =   4  s =  2.0  G  = 0.000000e+00 meV        g_int = 0.000000e+00 MeV^(1/2)   g_ext = (0.000000e+00,0.000000e+00) MeV^(1/2) 
  R =  1  l =   2  s =  3.0  G  = 0.000000e+00 meV        g_int = 0.000000e+00 MeV^(1/2)   g_ext = (0.000000e+00,0.000000e+00) MeV^(1/2) 
  R =  1  l =   4  s =  3.0  G  = 0.000000e+00 meV        g_int = 0.000000e+00 MeV^(1/2)   g_ext = (0.000000e+00,0.000000e+00) MeV^(1/2) 
  R =  2  l =   2  s =  0.0  G  = 8.261292e+01 eV         g_int = -3.391565e-02 MeV^(1/2)   g_ext = (0.000000e+00,0.000000e+00) MeV^(1/2) 
  R =  3  l =   2  s =  0.0  G  = 0.000000e+00 meV        g_int = 0.000000e+00 MeV^(1/2)   g_ext = (0.000000e+00,0.000000e+00) MeV^(1/2) 
  R =  3  l =   2  s =  1.0  G  = 1.466672e+02 eV         g_int = 1.157827e-01 MeV^(1/2)   g_ext = (0.000000e+00,0.000000e+00) MeV^(1/2) 
  R =  4  l =   2  s =  1.0  G  = 1.462612e+01 keV        g_int = 1.493160e+00 MeV^(1/2)   g_ext = (0.000000e+00,0.000000e+00) MeV^(1/2) 
  R =  4  l =   0  s =  2.0  G  = 2.432377e+01 keV        g_int = -4.426516e-01 MeV^(1/2)   g_ext = (0.000000e+00,0.000000e+00) MeV^(1/2) 
  R =  4  l =   2  s =  2.0  G  = 0.000000e+00 meV        g_int = 0.000000e+00 MeV^(1/2)   g_ext = (0.000000e+00,0.000000e+00) MeV^(1/2) 
  R =  4  l =   4  s =  2.0  G  = 0.000000e+00 meV        g_int = 0.000000e+00 MeV^(1/2)   g_ext = (0.000000e+00,0.000000e+00) MeV^(1/2) 
  R =  5  l =   0  s =  2.0  G  = 3.948721e+02 eV         g_int = 2.337395e-01 MeV^(1/2)   g_ext = (0.000000e+00,0.000000e+00) MeV^(1/2) 
  R =  5  l =   2  s =  2.0  G  = 8.551197e+02 eV         g_int = -7.234615e-01 MeV^(1/2)   g_ext = (0.000000e+00,0.000000e+00) MeV^(1/2) 
  R =  5  l =   4  s =  2.0  G  = 0.000000e+00 meV        g_int = 0.000000e+00 MeV^(1/2)   g_ext = (0.000000e+00,0.000000e+00) MeV^(1/2) 

J = 2.0+  E_level =  14.2900 MeV  ITERATIONS =     0
  R =  1  l =   0  s =  2.0  G  = 1.285163e+00 keV        g_int = -3.930210e-02 MeV^(1/2)   g_ext = (0.000000e+00,0.000000e+00) MeV^(1/2) 
  R =  1  l =   2  s =  2.0  G  = 1.519296e+02 eV         g_int = -3.756756e-02 MeV^(1/2)   g_ext = (0.000000e+00,0.000000e+00) MeV^(1/2) 
  R =  1  l =   4  s =  2.0  G  = 0.000000e+00 meV        g_int = 0.000000e+00 MeV^(1/2)   g_ext = (0.000000e+00,0.000000e+00) MeV^(1/2) 
  R =  1  l =   2  s =  3.0  G  = 1.512622e+02 eV         g_int = 3.748496e-02 MeV^(1/2)   g_ext = (0.000000e+00,0.000000e+00) MeV^(1/2) 
  R =  1  l =   4  s =  3.0  G  = 0.000000e+00 meV        g_int = 0.000000e+00 MeV^(1/2)   g_ext = (0.000000e+00,0.000000e+00) MeV^(1/2) 
  R =  2  l =   2  s =  0.0  G  = 6.718285e+02 meV        g_int = -2.308813e-03 MeV^(1/2)   g_ext = (0.000000e+00,0.000000e+00) MeV^(1/2) 
  R =  3  l =   2  s =  0.0  G  = 2.459195e+00 eV         g_int = -1.111225e-02 MeV^(1/2)   g_ext = (0.000000e+00,0.000000e+00) MeV^(1/2) 
  R =  3  l =   2  s =  1.0  G  = 1.610509e+02 eV         g_int = 8.992639e-02 MeV^(1/2)   g_ext = (0.000000e+00,0.000000e+00) MeV^(1/2) 
  R =  4  l =   2  s =  1.0  G  = 1.755631e+00 keV        g_int = 3.799603e-01 MeV^(1/2)   g_ext = (0.000000e+00,0.000000e+00) MeV^(1/2) 
  R =  4  l =   0  s =  2.0  G  = 1.351809e+02 eV         g_int = -2.474117e-02 MeV^(1/2)   g_ext = (0.000000e+00,0.000000e+00) MeV^(1/2) 
  R =  4  l =   2  s =  2.0  G  = 0.000000e+00 meV        g_int = 0.000000e+00 MeV^(1/2)   g_ext = (0.000000e+00,0.000000e+00) MeV^(1/2) 
  R =  4  l =   4  s =  2.0  G  = 0.000000e+00 meV        g_int = 0.000000e+00 MeV^(1/2)   g_ext = (0.000000e+00,0.000000e+00) MeV^(1/2) 
  R =  5  l =   0  s =  2.0  G  = 1.625184e+01 eV         g_int = 3.447462e-02 MeV^(1/2)   g_ext = (0.000000e+00,0.000000e+00) MeV^(1/2) 
  R =  5  l =   2  s =  2.0  G  = 1.708305e+02 eV         g_int = 2.338319e-01 MeV^(1/2)   g_ext = (0.000000e+00,0.000000e+00) MeV^(1/2) 
  R =  5  l =   4  s =  2.0  G  = 7.652278e+01 eV         g_int = -7.969576e-01 MeV^(1/2)   g_ext = (0.000000e+00,0.000000e+00) MeV^(1/2) 

J = 2.0+  E_level =  14.3080 MeV  ITERATIONS =     0
  R =  1  l =   0  s =  2.0  G  = 2.394292e+01 keV        g_int = -1.312429e+01 MeV^(1/2)   g_ext = (0.000000e+00,0.000000e+00) MeV^(1/2) 
  R =  1  l =   2  s =  2.0  G  = 6.048915e+00 keV        g_int = 1.822470e+01 MeV^(1/2)   g_ext = (0.000000e+00,0.000000e+00) MeV^(1/2) 
  R =  1  l =   4  s =  2.0  G  = 0.000000e+00 meV        g_int = 0.000000e+00 MeV^(1/2)   g_ext = (0.000000e+00,0.000000e+00) MeV^(1/2) 
  R =  1  l =   2  s =  3.0  G  = 2.789306e+02 eV         g_int = 3.913540e+00 MeV^(1/2)   g_ext = (0.000000e+00,0.000000e+00) MeV^(1/2) 
  R =  1  l =   4  s =  3.0  G  = 0.000000e+00 meV        g_int = 0.000000e+00 MeV^(1/2)   g_ext = (0.000000e+00,0.000000e+00) MeV^(1/2) 
  R =  2  l =   2  s =  0.0  G  = 6.134394e+01 eV         g_int = 1.690844e+00 MeV^(1/2)   g_ext = (0.000000e+00,0.000000e+00) MeV^(1/2) 
  R =  3  l =   2  s =  0.0  G  = 8.213776e+02 eV         g_int = 1.544809e+01 MeV^(1/2)   g_ext = (0.000000e+00,0.000000e+00) MeV^(1/2) 
  R =  3  l =   2  s =  1.0  G  = 1.928011e+01 keV        g_int = 7.484419e+01 MeV^(1/2)   g_ext = (0.000000e+00,0.000000e+00) MeV^(1/2) 
  R =  4  l =   2  s =  1.0  G  = 1.772365e+01 keV        g_int = 9.148944e+01 MeV^(1/2)   g_ext = (0.000000e+00,0.000000e+00) MeV^(1/2) 
  R =  4  l =   0  s =  2.0  G  = 3.225055e+01 keV        g_int = 2.921518e+01 MeV^(1/2)   g_ext = (0.000000e+00,0.000000e+00) MeV^(1/2) 
  R =  4  l =   2  s =  2.0  G  = 1.951415e+01 keV        g_int = 9.599957e+01 MeV^(1/2)   g_ext = (0.000000e+00,0.000000e+00) MeV^(1/2) 
  R =  4  l =   4  s =  2.0  G  = 0.000000e+00 meV        g_int = 0.000000e+00 MeV^(1/2)   g_ext = (0.000000e+00,0.000000e+00) MeV^(1/2) 
  R =  5  l =   0  s =  2.0  G  = 3.959503e+01 eV         g_int = -4.059658e+00 MeV^(1/2)   g_ext = (0.000000e+00,0.000000e+00) MeV^(1/2) 
  R =  5  l =   2  s =  2.0  G  = 3.368649e+01 eV         g_int = -7.815693e+00 MeV^(1/2)   g_ext = (0.000000e+00,0.000000e+00) MeV^(1/2) 
  R =  5  l =   4  s =  2.0  G  = 0.000000e+00 meV        g_int = 0.000000e+00 MeV^(1/2)   g_ext = (0.000000e+00,0.000000e+00) MeV^(1/2) 

J = 2.0+  E_level =  14.3750 MeV  ITERATIONS =     0
  R =  1  l =   0  s =  2.0  G  = 8.529292e+00 keV        g_int = 8.966090e-02 MeV^(1/2)   g_ext = (0.000000e+00,0.000000e+00) MeV^(1/2) 
  R =  1  l =   2  s =  2.0  G  = 1.060568e+01 keV        g_int = 2.699571e-01 MeV^(1/2)   g_ext = (0.000000e+00,0.000000e+00) MeV^(1/2) 
  R =  1  l =   4  s =  2.0  G  = 0.000000e+00 meV        g_int = 0.000000e+00 MeV^(1/2)   g_ext = (0.000000e+00,0.000000e+00) MeV^(1/2) 
  R =  1  l =   2  s =  3.0  G  = 0.000000e+00 meV        g_int = 0.000000e+00 MeV^(1/2)   g_ext = (0.000000e+00,0.000000e+00) MeV^(1/2) 
  R =  1  l =   4  s =  3.0  G  = 0.000000e+00 meV        g_int = 0.000000e+00 MeV^(1/2)   g_ext = (0.000000e+00,0.000000e+00) MeV^(1/2) 
  R =  2  l =   2  s =  0.0  G  = 2.576974e+02 eV         g_int = -3.831774e-02 MeV^(1/2)   g_ext = (0.000000e+00,0.000000e+00) MeV^(1/2) 
  R =  3  l =   2  s =  0.0  G  = 2.151773e+02 eV         g_int = -8.515704e-02 MeV^(1/2)   g_ext = (0.000000e+00,0.000000e+00) MeV^(1/2) 
  R =  3  l =   2  s =  1.0  G  = 2.796361e+00 keV        g_int = -3.069862e-01 MeV^(1/2)   g_ext = (0.000000e+00,0.000000e+00) MeV^(1/2) 
  R =  4  l =   2  s =  1.0  G  = 0.000000e+00 meV        g_int = 0.000000e+00 MeV^(1/2)   g_ext = (0.000000e+00,0.000000e+00) MeV^(1/2) 
  R =  4  l =   0  s =  2.0  G  = 9.443387e+00 keV        g_int = -1.735503e-01 MeV^(1/2)   g_ext = (0.000000e+00,0.000000e+00) MeV^(1/2) 
  R =  4  l =   2  s =  2.0  G  = 2.346419e+00 keV        g_int = -3.538306e-01 MeV^(1/2)   g_ext = (0.000000e+00,0.000000e+00) MeV^(1/2) 
  R =  4  l =   4  s =  2.0  G  = 0.000000e+00 meV        g_int = 0.000000e+00 MeV^(1/2)   g_ext = (0.000000e+00,0.000000e+00) MeV^(1/2) 
  R =  5  l =   0  s =  2.0  G  = 1.633484e+02 meV        g_int = -2.724220e-03 MeV^(1/2)   g_ext = (0.000000e+00,0.000000e+00) MeV^(1/2) 
  R =  5  l =   2  s =  2.0  G  = 2.805155e+01 eV         g_int = 7.387080e-02 MeV^(1/2)   g_ext = (0.000000e+00,0.000000e+00) MeV^(1/2) 
  R =  5  l =   4  s =  2.0  G  = 0.000000e+00 meV        g_int = 0.000000e+00 MeV^(1/2)   g_ext = (0.000000e+00,0.000000e+00) MeV^(1/2) 

J = 2.0+  E_level =  14.4890 MeV  ITERATIONS =     0
  R =  1  l =   0  s =  2.0  G  = 1.973873e+02 keV        g_int = 4.346495e-01 MeV^(1/2)   g_ext = (0.000000e+00,0.000000e+00) MeV^(1/2) 
  R =  1  l =   2  s =  2.0  G  = 1.401592e+01 keV        g_int = 3.011926e-01 MeV^(1/2)   g_ext = (0.000000e+00,0.000000e+00) MeV^(1/2) 
  R =  1  l =   4  s =  2.0  G  = 0.000000e+00 meV        g_int = 0.000000e+00 MeV^(1/2)   g_ext = (0.000000e+00,0.000000e+00) MeV^(1/2) 
  R =  1  l =   2  s =  3.0  G  = 9.436888e+01 eV         g_int = 2.471428e-02 MeV^(1/2)   g_ext = (0.000000e+00,0.000000e+00) MeV^(1/2) 
  R =  1  l =   4  s =  3.0  G  = 0.000000e+00 meV        g_int = 0.000000e+00 MeV^(1/2)   g_ext = (0.000000e+00,0.000000e+00) MeV^(1/2) 
  R =  2  l =   2  s =  0.0  G  = 5.384597e+02 eV         g_int = -5.271509e-02 MeV^(1/2)   g_ext = (0.000000e+00,0.000000e+00) MeV^(1/2) 
  R =  3  l =   2  s =  0.0  G  = 1.147707e+02 eV         g_int = -5.690933e-02 MeV^(1/2)   g_ext = (0.000000e+00,0.000000e+00) MeV^(1/2) 
  R =  3  l =   2  s =  1.0  G  = 2.098461e+00 keV        g_int = -2.433428e-01 MeV^(1/2)   g_ext = (0.000000e+00,0.000000e+00) MeV^(1/2) 
  R =  4  l =   2  s =  1.0  G  = 8.472381e+00 keV        g_int = -6.030568e-01 MeV^(1/2)   g_ext = (0.000000e+00,0.000000e+00) MeV^(1/2) 
  R =  4  l =   0  s =  2.0  G  = 4.875015e+02 eV         g_int = -3.732006e-02 MeV^(1/2)   g_ext = (0.000000e+00,0.000000e+00) MeV^(1/2) 
  R =  4  l =   2  s =  2.0  G  = 2.566968e+02 eV         g_int = 1.049701e-01 MeV^(1/2)   g_ext = (0.000000e+00,0.000000e+00) MeV^(1/2) 
  R =  4  l =   4  s =  2.0  G  = 0.000000e+00 meV        g_int = 0.000000e+00 MeV^(1/2)   g_ext = (0.000000e+00,0.000000e+00) MeV^(1/2) 
  R =  5  l =   0  s =  2.0  G  = 2.612200e+02 eV         g_int = 9.477228e-02 MeV^(1/2)   g_ext = (0.000000e+00,0.000000e+00) MeV^(1/2) 
  R =  5  l =   2  s =  2.0  G  = 0.000000e+00 meV        g_int = 0.000000e+00 MeV^(1/2)   g_ext = (0.000000e+00,0.000000e+00) MeV^(1/2) 
  R =  5  l =   4  s =  2.0  G  = 0.000000e+00 meV        g_int = 0.000000e+00 MeV^(1/2)   g_ext = (0.000000e+00,0.000000e+00) MeV^(1/2) 

J = 2.0+  E_level =  14.5380 MeV  ITERATIONS =     0
  R =  1  l =   0  s =  2.0  G  = 5.970607e+01 eV         g_int = -6.861161e-03 MeV^(1/2)   g_ext = (0.000000e+00,0.000000e+00) MeV^(1/2) 
  R =  1  l =   2  s =  2.0  G  = 1.408647e+00 keV        g_int = 8.532175e-02 MeV^(1/2)   g_ext = (0.000000e+00,0.000000e+00) MeV^(1/2) 
  R =  1  l =   4  s =  2.0  G  = 0.000000e+00 meV        g_int = 0.000000e+00 MeV^(1/2)   g_ext = (0.000000e+00,0.000000e+00) MeV^(1/2) 
  R =  1  l =   2  s =  3.0  G  = 0.000000e+00 meV        g_int = 0.000000e+00 MeV^(1/2)   g_ext = (0.000000e+00,0.000000e+00) MeV^(1/2) 
  R =  1  l =   4  s =  3.0  G  = 0.000000e+00 meV        g_int = 0.000000e+00 MeV^(1/2)   g_ext = (0.000000e+00,0.000000e+00) MeV^(1/2) 
  R =  2  l =   2  s =  0.0  G  = 2.639537e+02 eV         g_int = 3.270888e-02 MeV^(1/2)   g_ext = (0.000000e+00,0.000000e+00) MeV^(1/2) 
  R =  3  l =   2  s =  0.0  G  = 5.738010e+01 eV         g_int = 3.512750e-02 MeV^(1/2)   g_ext = (0.000000e+00,0.000000e+00) MeV^(1/2) 
  R =  3  l =   2  s =  1.0  G  = 1.933380e+02 eV         g_int = 6.448003e-02 MeV^(1/2)   g_ext = (0.000000e+00,0.000000e+00) MeV^(1/2) 
  R =  4  l =   2  s =  1.0  G  = 1.119447e+00 keV        g_int = -1.898796e-01 MeV^(1/2)   g_ext = (0.000000e+00,0.000000e+00) MeV^(1/2) 
  R =  4  l =   0  s =  2.0  G  = 6.372109e+01 eV         g_int = -1.195440e-02 MeV^(1/2)   g_ext = (0.000000e+00,0.000000e+00) MeV^(1/2) 
  R =  4  l =   2  s =  2.0  G  = 2.876642e+00 keV        g_int = 3.043824e-01 MeV^(1/2)   g_ext = (0.000000e+00,0.000000e+00) MeV^(1/2) 
  R =  4  l =   4  s =  2.0  G  = 0.000000e+00 meV        g_int = 0.000000e+00 MeV^(1/2)   g_ext = (0.000000e+00,0.000000e+00) MeV^(1/2) 
  R =  5  l =   0  s =  2.0  G  = 2.502183e+01 eV         g_int = -2.506923e-02 MeV^(1/2)   g_ext = (0.000000e+00,0.000000e+00) MeV^(1/2) 
  R =  5  l =   2  s =  2.0  G  = 4.170329e+01 eV         g_int = 6.554202e-02 MeV^(1/2)   g_ext = (0.000000e+00,0.000000e+00) MeV^(1/2) 
  R =  5  l =   4  s =  2.0  G  = 0.000000e+00 meV        g_int = 0.000000e+00 MeV^(1/2)   g_ext = (0.000000e+00,0.000000e+00) MeV^(1/2) 

J = 2.0+  E_level =  14.5540 MeV  ITERATIONS =     0
  R =  1  l =   0  s =  2.0  G  = 2.126076e+01 keV        g_int = -2.873493e-01 MeV^(1/2)   g_ext = (0.000000e+00,0.000000e+00) MeV^(1/2) 
  R =  1  l =   2  s =  2.0  G  = 9.934129e+02 eV         g_int = -1.582234e-01 MeV^(1/2)   g_ext = (0.000000e+00,0.000000e+00) MeV^(1/2) 
  R =  1  l =   4  s =  2.0  G  = 2.451721e+00 keV        g_int = 2.777331e+00 MeV^(1/2)   g_ext = (0.000000e+00,0.000000e+00) MeV^(1/2) 
  R =  1  l =   2  s =  3.0  G  = 5.083665e+00 keV        g_int = 3.579268e-01 MeV^(1/2)   g_ext = (0.000000e+00,0.000000e+00) MeV^(1/2) 
  R =  1  l =   4  s =  3.0  G  = 4.964509e+00 keV        g_int = -3.952121e+00 MeV^(1/2)   g_ext = (0.000000e+00,0.000000e+00) MeV^(1/2) 
  R =  2  l =   2  s =  0.0  G  = 5.995532e+02 eV         g_int = -1.085684e-01 MeV^(1/2)   g_ext = (0.000000e+00,0.000000e+00) MeV^(1/2) 
  R =  3  l =   2  s =  0.0  G  = 3.955456e+02 eV         g_int = -2.021662e-01 MeV^(1/2)   g_ext = (0.000000e+00,0.000000e+00) MeV^(1/2) 
  R =  3  l =   2  s =  1.0  G  = 1.808303e+00 keV        g_int = 4.322607e-01 MeV^(1/2)   g_ext = (0.000000e+00,0.000000e+00) MeV^(1/2) 
  R =  4  l =   2  s =  1.0  G  = 2.600205e+02 eV         g_int = 2.001072e-01 MeV^(1/2)   g_ext = (0.000000e+00,0.000000e+00) MeV^(1/2) 
  R =  4  l =   0  s =  2.0  G  = 6.520960e+02 eV         g_int = 8.423616e-02 MeV^(1/2)   g_ext = (0.000000e+00,0.000000e+00) MeV^(1/2) 
  R =  4  l =   2  s =  2.0  G  = 1.407013e+00 keV        g_int = 4.654874e-01 MeV^(1/2)   g_ext = (0.000000e+00,0.000000e+00) MeV^(1/2) 
  R =  4  l =   4  s =  2.0  G  = 0.000000e+00 meV        g_int = 0.000000e+00 MeV^(1/2)   g_ext = (0.000000e+00,0.000000e+00) MeV^(1/2) 
  R =  5  l =   0  s =  2.0  G  = 9.446764e+01 eV         g_int = -1.060471e-01 MeV^(1/2)   g_ext = (0.000000e+00,0.000000e+00) MeV^(1/2) 
  R =  5  l =   2  s =  2.0  G  = 2.853028e+00 eV         g_int = -3.724165e-02 MeV^(1/2)   g_ext = (0.000000e+00,0.000000e+00) MeV^(1/2) 
  R =  5  l =   4  s =  2.0  G  = 0.000000e+00 meV        g_int = 0.000000e+00 MeV^(1/2)   g_ext = (0.000000e+00,0.000000e+00) MeV^(1/2) 

J = 2.0+  E_level =  14.5745 MeV  ITERATIONS =     0
  R =  1  l =   0  s =  2.0  G  = 1.320414e+02 eV         g_int = -9.977278e-03 MeV^(1/2)   g_ext = (0.000000e+00,0.000000e+00) MeV^(1/2) 
  R =  1  l =   2  s =  2.0  G  = 5.333238e+02 eV         g_int = 5.075266e-02 MeV^(1/2)   g_ext = (0.000000e+00,0.000000e+00) MeV^(1/2) 
  R =  1  l =   4  s =  2.0  G  = 0.000000e+00 meV        g_int = 0.000000e+00 MeV^(1/2)   g_ext = (0.000000e+00,0.000000e+00) MeV^(1/2) 
  R =  1  l =   2  s =  3.0  G  = 9.469560e+01 eV         g_int = -2.138594e-02 MeV^(1/2)   g_ext = (0.000000e+00,0.000000e+00) MeV^(1/2) 
  R =  1  l =   4  s =  3.0  G  = 8.412584e+01 eV         g_int = -2.234041e-01 MeV^(1/2)   g_ext = (0.000000e+00,0.000000e+00) MeV^(1/2) 
  R =  2  l =   2  s =  0.0  G  = 1.074408e+02 eV         g_int = 2.005185e-02 MeV^(1/2)   g_ext = (0.000000e+00,0.000000e+00) MeV^(1/2) 
  R =  3  l =   2  s =  0.0  G  = 2.058562e+02 eV         g_int = -6.325814e-02 MeV^(1/2)   g_ext = (0.000000e+00,0.000000e+00) MeV^(1/2) 
  R =  3  l =   2  s =  1.0  G  = 5.562663e+02 eV         g_int = -1.039862e-01 MeV^(1/2)   g_ext = (0.000000e+00,0.000000e+00) MeV^(1/2) 
  R =  4  l =   2  s =  1.0  G  = 7.526490e+01 eV         g_int = -4.655306e-02 MeV^(1/2)   g_ext = (0.000000e+00,0.000000e+00) MeV^(1/2) 
  R =  4  l =   0  s =  2.0  G  = 1.071576e+00 keV        g_int = 4.712951e-02 MeV^(1/2)   g_ext = (0.000000e+00,0.000000e+00) MeV^(1/2) 
  R =  4  l =   2  s =  2.0  G  = 0.000000e+00 meV        g_int = 0.000000e+00 MeV^(1/2)   g_ext = (0.000000e+00,0.000000e+00) MeV^(1/2) 
  R =  4  l =   4  s =  2.0  G  = 0.000000e+00 meV        g_int = 0.000000e+00 MeV^(1/2)   g_ext = (0.000000e+00,0.000000e+00) MeV^(1/2) 
  R =  5  l =   0  s =  2.0  G  = 4.385441e+02 eV         g_int = -9.824529e-02 MeV^(1/2)   g_ext = (0.000000e+00,0.000000e+00) MeV^(1/2) 
  R =  5  l =   2  s =  2.0  G  = 9.054448e+01 eV         g_int = 8.996072e-02 MeV^(1/2)   g_ext = (0.000000e+00,0.000000e+00) MeV^(1/2) 
  R =  5  l =   4  s =  2.0  G  = 0.000000e+00 meV        g_int = 0.000000e+00 MeV^(1/2)   g_ext = (0.000000e+00,0.000000e+00) MeV^(1/2) 

J = 2.0+  E_level =  14.6480 MeV  ITERATIONS =     0
  R =  1  l =   0  s =  2.0  G  = 2.065932e+00 keV        g_int = -8.487356e-02 MeV^(1/2)   g_ext = (0.000000e+00,0.000000e+00) MeV^(1/2) 
  R =  1  l =   2  s =  2.0  G  = 4.156438e+00 keV        g_int = -2.979297e-01 MeV^(1/2)   g_ext = (0.000000e+00,0.000000e+00) MeV^(1/2) 
  R =  1  l =   4  s =  2.0  G  = 9.106980e+01 eV         g_int = -4.748933e-01 MeV^(1/2)   g_ext = (0.000000e+00,0.000000e+00) MeV^(1/2) 
  R =  1  l =   2  s =  3.0  G  = 3.444677e+02 eV         g_int = 8.576841e-02 MeV^(1/2)   g_ext = (0.000000e+00,0.000000e+00) MeV^(1/2) 
  R =  1  l =   4  s =  3.0  G  = 5.090910e+00 keV        g_int = 3.550639e+00 MeV^(1/2)   g_ext = (0.000000e+00,0.000000e+00) MeV^(1/2) 
  R =  2  l =   2  s =  0.0  G  = 6.614468e+01 eV         g_int = -3.268779e-02 MeV^(1/2)   g_ext = (0.000000e+00,0.000000e+00) MeV^(1/2) 
  R =  3  l =   2  s =  0.0  G  = 3.095161e+01 eV         g_int = 4.996100e-02 MeV^(1/2)   g_ext = (0.000000e+00,0.000000e+00) MeV^(1/2) 
  R =  3  l =   2  s =  1.0  G  = 5.276145e+02 eV         g_int = 2.062756e-01 MeV^(1/2)   g_ext = (0.000000e+00,0.000000e+00) MeV^(1/2) 
  R =  4  l =   2  s =  1.0  G  = 5.940805e+02 eV         g_int = 2.636360e-01 MeV^(1/2)   g_ext = (0.000000e+00,0.000000e+00) MeV^(1/2) 
  R =  4  l =   0  s =  2.0  G  = 0.000000e+00 meV        g_int = 0.000000e+00 MeV^(1/2)   g_ext = (0.000000e+00,0.000000e+00) MeV^(1/2) 
  R =  4  l =   2  s =  2.0  G  = 5.188125e+01 eV         g_int = -7.790892e-02 MeV^(1/2)   g_ext = (0.000000e+00,0.000000e+00) MeV^(1/2) 
  R =  4  l =   4  s =  2.0  G  = 1.510114e+01 eV         g_int = 7.065851e-01 MeV^(1/2)   g_ext = (0.000000e+00,0.000000e+00) MeV^(1/2) 
  R =  5  l =   0  s =  2.0  G  = 7.637734e+00 eV         g_int = 2.561260e-02 MeV^(1/2)   g_ext = (0.000000e+00,0.000000e+00) MeV^(1/2) 
  R =  5  l =   2  s =  2.0  G  = 1.716511e+01 eV         g_int = 7.660601e-02 MeV^(1/2)   g_ext = (0.000000e+00,0.000000e+00) MeV^(1/2) 
  R =  5  l =   4  s =  2.0  G  = 5.071556e+02 eV         g_int = 1.954698e+00 MeV^(1/2)   g_ext = (0.000000e+00,0.000000e+00) MeV^(1/2) 

J = 3.0-  E_level =  14.4010 MeV  ITERATIONS =     0
  R =  1  l =   1  s =  2.0  G  = 2.054350e+02 eV         g_int = 7.980497e-02 MeV^(1/2)   g_ext = (0.000000e+00,0.000000e+00) MeV^(1/2) 
  R =  1  l =   3  s =  2.0  G  = 0.000000e+00 meV        g_int = 0.000000e+00 MeV^(1/2)   g_ext = (0.000000e+00,0.000000e+00) MeV^(1/2) 
  R =  1  l =   1  s =  3.0  G  = 2.557089e+02 eV         g_int = -8.903600e-02 MeV^(1/2)   g_ext = (0.000000e+00,0.000000e+00) MeV^(1/2) 
  R =  1  l =   3  s =  3.0  G  = 0.000000e+00 meV        g_int = 0.000000e+00 MeV^(1/2)   g_ext = (0.000000e+00,0.000000e+00) MeV^(1/2) 
  R =  2  l =   3  s =  0.0  G  = 0.000000e+00 meV        g_int = 0.000000e+00 MeV^(1/2)   g_ext = (0.000000e+00,0.000000e+00) MeV^(1/2) 
  R =  3  l =   3  s =  0.0  G  = 0.000000e+00 meV        g_int = 0.000000e+00 MeV^(1/2)   g_ext = (0.000000e+00,0.000000e+00) MeV^(1/2) 
  R =  3  l =   3  s =  1.0  G  = 0.000000e+00 meV        g_int = 0.000000e+00 MeV^(1/2)   g_ext = (0.000000e+00,0.000000e+00) MeV^(1/2) 
  R =  4  l =   3  s =  1.0  G  = 0.000000e+00 meV        g_int = 0.000000e+00 MeV^(1/2)   g_ext = (0.000000e+00,0.000000e+00) MeV^(1/2) 
  R =  4  l =   1  s =  2.0  G  = 9.030131e+01 keV        g_int = -3.570532e+00 MeV^(1/2)   g_ext = (0.000000e+00,0.000000e+00) MeV^(1/2) 
  R =  4  l =   3  s =  2.0  G  = 0.000000e+00 meV        g_int = 0.000000e+00 MeV^(1/2)   g_ext = (0.000000e+00,0.000000e+00) MeV^(1/2) 
  R =  5  l =   1  s =  2.0  G  = 4.216907e+00 keV        g_int = -2.296997e+00 MeV^(1/2)   g_ext = (0.000000e+00,0.000000e+00) MeV^(1/2) 
  R =  5  l =   3  s =  2.0  G  = 1.612766e+00 keV        g_int = -4.629041e+00 MeV^(1/2)   g_ext = (0.000000e+00,0.000000e+00) MeV^(1/2) 

J = 3.0-  E_level =  14.5100 MeV  ITERATIONS =     0
  R =  1  l =   1  s =  2.0  G  = 6.121183e+02 eV         g_int = 2.888519e-02 MeV^(1/2)   g_ext = (0.000000e+00,0.000000e+00) MeV^(1/2) 
  R =  1  l =   3  s =  2.0  G  = 0.000000e+00 meV        g_int = 0.000000e+00 MeV^(1/2)   g_ext = (0.000000e+00,0.000000e+00) MeV^(1/2) 
  R =  1  l =   1  s =  3.0  G  = 1.013665e+02 eV         g_int = 1.175452e-02 MeV^(1/2)   g_ext = (0.000000e+00,0.000000e+00) MeV^(1/2) 
  R =  1  l =   3  s =  3.0  G  = 0.000000e+00 meV        g_int = 0.000000e+00 MeV^(1/2)   g_ext = (0.000000e+00,0.000000e+00) MeV^(1/2) 
  R =  2  l =   3  s =  0.0  G  = 6.849760e+02 eV         g_int = 9.016137e-02 MeV^(1/2)   g_ext = (0.000000e+00,0.000000e+00) MeV^(1/2) 
  R =  3  l =   3  s =  0.0  G  = 1.705939e+02 meV        g_int = -6.776580e-03 MeV^(1/2)   g_ext = (0.000000e+00,0.000000e+00) MeV^(1/2) 
  R =  3  l =   3  s =  1.0  G  = 5.529403e+01 meV        g_int = 3.858051e-03 MeV^(1/2)   g_ext = (0.000000e+00,0.000000e+00) MeV^(1/2) 
  R =  4  l =   3  s =  1.0  G  = 0.000000e+00 meV        g_int = 0.000000e+00 MeV^(1/2)   g_ext = (0.000000e+00,0.000000e+00) MeV^(1/2) 
  R =  4  l =   1  s =  2.0  G  = 7.556292e+01 eV         g_int = 2.026654e-02 MeV^(1/2)   g_ext = (0.000000e+00,0.000000e+00) MeV^(1/2) 
  R =  4  l =   3  s =  2.0  G  = 0.000000e+00 meV        g_int = 0.000000e+00 MeV^(1/2)   g_ext = (0.000000e+00,0.000000e+00) MeV^(1/2) 
  R =  5  l =   1  s =  2.0  G  = 9.061473e+01 eV         g_int = 6.194920e-02 MeV^(1/2)   g_ext = (0.000000e+00,0.000000e+00) MeV^(1/2) 
  R =  5  l =   3  s =  2.0  G  = 0.000000e+00 meV        g_int = 0.000000e+00 MeV^(1/2)   g_ext = (0.000000e+00,0.000000e+00) MeV^(1/2) 

J = 3.0-  E_level =  14.5200 MeV  ITERATIONS =     0
  R =  1  l =   1  s =  2.0  G  = 1.403496e+00 keV        g_int = 4.855365e-02 MeV^(1/2)   g_ext = (0.000000e+00,0.000000e+00) MeV^(1/2) 
  R =  1  l =   3  s =  2.0  G  = 0.000000e+00 meV        g_int = 0.000000e+00 MeV^(1/2)   g_ext = (0.000000e+00,0.000000e+00) MeV^(1/2) 
  R =  1  l =   1  s =  3.0  G  = 4.241266e+00 keV        g_int = 8.440418e-02 MeV^(1/2)   g_ext = (0.000000e+00,0.000000e+00) MeV^(1/2) 
  R =  1  l =   3  s =  3.0  G  = 0.000000e+00 meV        g_int = 0.000000e+00 MeV^(1/2)   g_ext = (0.000000e+00,0.000000e+00) MeV^(1/2) 
  R =  2  l =   3  s =  0.0  G  = 2.195311e+01 keV        g_int = 5.638460e-01 MeV^(1/2)   g_ext = (0.000000e+00,0.000000e+00) MeV^(1/2) 
  R =  3  l =   3  s =  0.0  G  = 2.563443e+01 eV         g_int = 9.135938e-02 MeV^(1/2)   g_ext = (0.000000e+00,0.000000e+00) MeV^(1/2) 
  R =  3  l =   3  s =  1.0  G  = 2.192421e+01 eV         g_int = 8.448959e-02 MeV^(1/2)   g_ext = (0.000000e+00,0.000000e+00) MeV^(1/2) 
  R =  4  l =   3  s =  1.0  G  = 1.416382e+02 eV         g_int = 2.754686e-01 MeV^(1/2)   g_ext = (0.000000e+00,0.000000e+00) MeV^(1/2) 
  R =  4  l =   1  s =  2.0  G  = 0.000000e+00 meV        g_int = 0.000000e+00 MeV^(1/2)   g_ext = (0.000000e+00,0.000000e+00) MeV^(1/2) 
  R =  4  l =   3  s =  2.0  G  = 0.000000e+00 meV        g_int = 0.000000e+00 MeV^(1/2)   g_ext = (0.000000e+00,0.000000e+00) MeV^(1/2) 
  R =  5  l =   1  s =  2.0  G  = 8.461534e+02 eV         g_int = -2.077239e-01 MeV^(1/2)   g_ext = (0.000000e+00,0.000000e+00) MeV^(1/2) 
  R =  5  l =   3  s =  2.0  G  = 0.000000e+00 meV        g_int = 0.000000e+00 MeV^(1/2)   g_ext = (0.000000e+00,0.000000e+00) MeV^(1/2) 

J = 3.0-  E_level =  14.6000 MeV  ITERATIONS =     0
  R =  1  l =   1  s =  2.0  G  = 9.757867e+01 keV        g_int = 3.807014e-01 MeV^(1/2)   g_ext = (0.000000e+00,0.000000e+00) MeV^(1/2) 
  R =  1  l =   3  s =  2.0  G  = 0.000000e+00 meV        g_int = 0.000000e+00 MeV^(1/2)   g_ext = (0.000000e+00,0.000000e+00) MeV^(1/2) 
  R =  1  l =   1  s =  3.0  G  = 0.000000e+00 meV        g_int = 0.000000e+00 MeV^(1/2)   g_ext = (0.000000e+00,0.000000e+00) MeV^(1/2) 
  R =  1  l =   3  s =  3.0  G  = 0.000000e+00 meV        g_int = 0.000000e+00 MeV^(1/2)   g_ext = (0.000000e+00,0.000000e+00) MeV^(1/2) 
  R =  2  l =   3  s =  0.0  G  = 0.000000e+00 meV        g_int = 0.000000e+00 MeV^(1/2)   g_ext = (0.000000e+00,0.000000e+00) MeV^(1/2) 
  R =  3  l =   3  s =  0.0  G  = 2.047941e+00 keV        g_int = 7.142095e-01 MeV^(1/2)   g_ext = (0.000000e+00,0.000000e+00) MeV^(1/2) 
  R =  3  l =   3  s =  1.0  G  = 0.000000e+00 meV        g_int = 0.000000e+00 MeV^(1/2)   g_ext = (0.000000e+00,0.000000e+00) MeV^(1/2) 
  R =  4  l =   3  s =  1.0  G  = 0.000000e+00 meV        g_int = 0.000000e+00 MeV^(1/2)   g_ext = (0.000000e+00,0.000000e+00) MeV^(1/2) 
  R =  4  l =   1  s =  2.0  G  = 2.458436e+00 eV         g_int = 3.634297e-03 MeV^(1/2)   g_ext = (0.000000e+00,0.000000e+00) MeV^(1/2) 
  R =  4  l =   3  s =  2.0  G  = 0.000000e+00 meV        g_int = 0.000000e+00 MeV^(1/2)   g_ext = (0.000000e+00,0.000000e+00) MeV^(1/2) 
  R =  5  l =   1  s =  2.0  G  = 9.710003e+02 eV         g_int = 1.911744e-01 MeV^(1/2)   g_ext = (0.000000e+00,0.000000e+00) MeV^(1/2) 
  R =  5  l =   3  s =  2.0  G  = 0.000000e+00 meV        g_int = 0.000000e+00 MeV^(1/2)   g_ext = (0.000000e+00,0.000000e+00) MeV^(1/2) 

J = 3.0+  E_level =  14.2230 MeV  ITERATIONS =     0
  R =  1  l =   2  s =  2.0  G  = 1.152145e+01 eV         g_int = 9.682685e-03 MeV^(1/2)   g_ext = (0.000000e+00,0.000000e+00) MeV^(1/2) 
  R =  1  l =   4  s =  2.0  G  = 0.000000e+00 meV        g_int = 0.000000e+00 MeV^(1/2)   g_ext = (0.000000e+00,0.000000e+00) MeV^(1/2) 
  R =  1  l =   0  s =  3.0  G  = 1.009277e+00 keV        g_int = -3.183397e-02 MeV^(1/2)   g_ext = (0.000000e+00,0.000000e+00) MeV^(1/2) 
  R =  1  l =   2  s =  3.0  G  = 5.943150e+02 eV         g_int = -6.954255e-02 MeV^(1/2)   g_ext = (0.000000e+00,0.000000e+00) MeV^(1/2) 
  R =  1  l =   4  s =  3.0  G  = 0.000000e+00 meV        g_int = 0.000000e+00 MeV^(1/2)   g_ext = (0.000000e+00,0.000000e+00) MeV^(1/2) 
  R =  3  l =   2  s =  1.0  G  = 0.000000e+00 meV        g_int = 0.000000e+00 MeV^(1/2)   g_ext = (0.000000e+00,0.000000e+00) MeV^(1/2) 
  R =  3  l =   4  s =  1.0  G  = 0.000000e+00 meV        g_int = 0.000000e+00 MeV^(1/2)   g_ext = (0.000000e+00,0.000000e+00) MeV^(1/2) 
  R =  4  l =   2  s =  1.0  G  = 0.000000e+00 meV        g_int = 0.000000e+00 MeV^(1/2)   g_ext = (0.000000e+00,0.000000e+00) MeV^(1/2) 
  R =  4  l =   4  s =  1.0  G  = 0.000000e+00 meV        g_int = 0.000000e+00 MeV^(1/2)   g_ext = (0.000000e+00,0.000000e+00) MeV^(1/2) 
  R =  4  l =   2  s =  2.0  G  = 5.325333e+01 eV         g_int = -6.552624e-02 MeV^(1/2)   g_ext = (0.000000e+00,0.000000e+00) MeV^(1/2) 
  R =  4  l =   4  s =  2.0  G  = 0.000000e+00 meV        g_int = 0.000000e+00 MeV^(1/2)   g_ext = (0.000000e+00,0.000000e+00) MeV^(1/2) 
  R =  5  l =   2  s =  2.0  G  = 3.131855e+02 eV         g_int = 3.213130e-01 MeV^(1/2)   g_ext = (0.000000e+00,0.000000e+00) MeV^(1/2) 
  R =  5  l =   4  s =  2.0  G  = 0.000000e+00 meV        g_int = 0.000000e+00 MeV^(1/2)   g_ext = (0.000000e+00,0.000000e+00) MeV^(1/2) 

J = 3.0+  E_level =  14.3960 MeV  ITERATIONS =     0
  R =  1  l =   2  s =  2.0  G  = 3.249598e+00 eV         g_int = 4.503058e-03 MeV^(1/2)   g_ext = (0.000000e+00,0.000000e+00) MeV^(1/2) 
  R =  1  l =   4  s =  2.0  G  = 0.000000e+00 meV        g_int = 0.000000e+00 MeV^(1/2)   g_ext = (0.000000e+00,0.000000e+00) MeV^(1/2) 
  R =  1  l =   0  s =  3.0  G  = 1.030440e+02 eV         g_int = -9.457802e-03 MeV^(1/2)   g_ext = (0.000000e+00,0.000000e+00) MeV^(1/2) 
  R =  1  l =   2  s =  3.0  G  = 0.000000e+00 meV        g_int = 0.000000e+00 MeV^(1/2)   g_ext = (0.000000e+00,0.000000e+00) MeV^(1/2) 
  R =  1  l =   4  s =  3.0  G  = 0.000000e+00 meV        g_int = 0.000000e+00 MeV^(1/2)   g_ext = (0.000000e+00,0.000000e+00) MeV^(1/2) 
  R =  3  l =   2  s =  1.0  G  = 8.695262e+01 eV         g_int = 5.100313e-02 MeV^(1/2)   g_ext = (0.000000e+00,0.000000e+00) MeV^(1/2) 
  R =  3  l =   4  s =  1.0  G  = 0.000000e+00 meV        g_int = 0.000000e+00 MeV^(1/2)   g_ext = (0.000000e+00,0.000000e+00) MeV^(1/2) 
  R =  4  l =   2  s =  1.0  G  = 0.000000e+00 meV        g_int = 0.000000e+00 MeV^(1/2)   g_ext = (0.000000e+00,0.000000e+00) MeV^(1/2) 
  R =  4  l =   4  s =  1.0  G  = 0.000000e+00 meV        g_int = 0.000000e+00 MeV^(1/2)   g_ext = (0.000000e+00,0.000000e+00) MeV^(1/2) 
  R =  4  l =   2  s =  2.0  G  = 6.457587e+02 eV         g_int = 1.742077e-01 MeV^(1/2)   g_ext = (0.000000e+00,0.000000e+00) MeV^(1/2) 
  R =  4  l =   4  s =  2.0  G  = 0.000000e+00 meV        g_int = 0.000000e+00 MeV^(1/2)   g_ext = (0.000000e+00,0.000000e+00) MeV^(1/2) 
  R =  5  l =   2  s =  2.0  G  = 3.969022e+02 eV         g_int = 2.586329e-01 MeV^(1/2)   g_ext = (0.000000e+00,0.000000e+00) MeV^(1/2) 
  R =  5  l =   4  s =  2.0  G  = 0.000000e+00 meV        g_int = 0.000000e+00 MeV^(1/2)   g_ext = (0.000000e+00,0.000000e+00) MeV^(1/2) 

J = 3.0+  E_level =  14.4300 MeV  ITERATIONS =     0
  R =  1  l =   2  s =  2.0  G  = 4.381198e+01 keV        g_int = -5.428036e-01 MeV^(1/2)   g_ext = (0.000000e+00,0.000000e+00) MeV^(1/2) 
  R =  1  l =   4  s =  2.0  G  = 0.000000e+00 meV        g_int = 0.000000e+00 MeV^(1/2)   g_ext = (0.000000e+00,0.000000e+00) MeV^(1/2) 
  R =  1  l =   0  s =  3.0  G  = 4.250224e+01 keV        g_int = 2.016717e-01 MeV^(1/2)   g_ext = (0.000000e+00,0.000000e+00) MeV^(1/2) 
  R =  1  l =   2  s =  3.0  G  = 2.126734e+01 keV        g_int = 3.781838e-01 MeV^(1/2)   g_ext = (0.000000e+00,0.000000e+00) MeV^(1/2) 
  R =  1  l =   4  s =  3.0  G  = 0.000000e+00 meV        g_int = 0.000000e+00 MeV^(1/2)   g_ext = (0.000000e+00,0.000000e+00) MeV^(1/2) 
  R =  3  l =   2  s =  1.0  G  = 1.285644e+01 eV         g_int = 1.999874e-02 MeV^(1/2)   g_ext = (0.000000e+00,0.000000e+00) MeV^(1/2) 
  R =  3  l =   4  s =  1.0  G  = 0.000000e+00 meV        g_int = 0.000000e+00 MeV^(1/2)   g_ext = (0.000000e+00,0.000000e+00) MeV^(1/2) 
  R =  4  l =   2  s =  1.0  G  = 2.749704e+02 eV         g_int = -1.152161e-01 MeV^(1/2)   g_ext = (0.000000e+00,0.000000e+00) MeV^(1/2) 
  R =  4  l =   4  s =  1.0  G  = 0.000000e+00 meV        g_int = 0.000000e+00 MeV^(1/2)   g_ext = (0.000000e+00,0.000000e+00) MeV^(1/2) 
  R =  4  l =   2  s =  2.0  G  = 1.243128e+02 eV         g_int = 7.746903e-02 MeV^(1/2)   g_ext = (0.000000e+00,0.000000e+00) MeV^(1/2) 
  R =  4  l =   4  s =  2.0  G  = 0.000000e+00 meV        g_int = 0.000000e+00 MeV^(1/2)   g_ext = (0.000000e+00,0.000000e+00) MeV^(1/2) 
  R =  5  l =   2  s =  2.0  G  = 1.261985e+02 eV         g_int = -1.458264e-01 MeV^(1/2)   g_ext = (0.000000e+00,0.000000e+00) MeV^(1/2) 
  R =  5  l =   4  s =  2.0  G  = 0.000000e+00 meV        g_int = 0.000000e+00 MeV^(1/2)   g_ext = (0.000000e+00,0.000000e+00) MeV^(1/2) 

J = 3.0+  E_level =  14.4890 MeV  ITERATIONS =     0
  R =  1  l =   2  s =  2.0  G  = 4.961766e+02 meV        g_int = 1.667503e-03 MeV^(1/2)   g_ext = (0.000000e+00,0.000000e+00) MeV^(1/2) 
  R =  1  l =   4  s =  2.0  G  = 0.000000e+00 meV        g_int = 0.000000e+00 MeV^(1/2)   g_ext = (0.000000e+00,0.000000e+00) MeV^(1/2) 
  R =  1  l =   0  s =  3.0  G  = 9.323144e+00 keV        g_int = -8.789734e-02 MeV^(1/2)   g_ext = (0.000000e+00,0.000000e+00) MeV^(1/2) 
  R =  1  l =   2  s =  3.0  G  = 5.544583e+02 eV         g_int = 5.574205e-02 MeV^(1/2)   g_ext = (0.000000e+00,0.000000e+00) MeV^(1/2) 
  R =  1  l =   4  s =  3.0  G  = 0.000000e+00 meV        g_int = 0.000000e+00 MeV^(1/2)   g_ext = (0.000000e+00,0.000000e+00) MeV^(1/2) 
  R =  3  l =   2  s =  1.0  G  = 2.231866e+01 eV         g_int = -2.335162e-02 MeV^(1/2)   g_ext = (0.000000e+00,0.000000e+00) MeV^(1/2) 
  R =  3  l =   4  s =  1.0  G  = 2.821750e+01 eV         g_int = 4.387859e-01 MeV^(1/2)   g_ext = (0.000000e+00,0.000000e+00) MeV^(1/2) 
  R =  4  l =   2  s =  1.0  G  = 2.022493e+02 meV        g_int = 2.741662e-03 MeV^(1/2)   g_ext = (0.000000e+00,0.000000e+00) MeV^(1/2) 
  R =  4  l =   4  s =  1.0  G  = 0.000000e+00 meV        g_int = 0.000000e+00 MeV^(1/2)   g_ext = (0.000000e+00,0.000000e+00) MeV^(1/2) 
  R =  4  l =   2  s =  2.0  G  = 2.388680e+02 meV        g_int = 2.979541e-03 MeV^(1/2)   g_ext = (0.000000e+00,0.000000e+00) MeV^(1/2) 
  R =  4  l =   4  s =  2.0  G  = 0.000000e+00 meV        g_int = 0.000000e+00 MeV^(1/2)   g_ext = (0.000000e+00,0.000000e+00) MeV^(1/2) 
  R =  5  l =   2  s =  2.0  G  = 4.834019e+02 eV         g_int = 2.445369e-01 MeV^(1/2)   g_ext = (0.000000e+00,0.000000e+00) MeV^(1/2) 
  R =  5  l =   4  s =  2.0  G  = 0.000000e+00 meV        g_int = 0.000000e+00 MeV^(1/2)   g_ext = (0.000000e+00,0.000000e+00) MeV^(1/2) 

J = 3.0+  E_level =  14.5470 MeV  ITERATIONS =     0
  R =  1  l =   2  s =  2.0  G  = 1.307697e+01 eV         g_int = -8.789801e-03 MeV^(1/2)   g_ext = (0.000000e+00,0.000000e+00) MeV^(1/2) 
  R =  1  l =   4  s =  2.0  G  = 0.000000e+00 meV        g_int = 0.000000e+00 MeV^(1/2)   g_ext = (0.000000e+00,0.000000e+00) MeV^(1/2) 
  R =  1  l =   0  s =  3.0  G  = 1.841622e+02 eV         g_int = -1.292071e-02 MeV^(1/2)   g_ext = (0.000000e+00,0.000000e+00) MeV^(1/2) 
  R =  1  l =   2  s =  3.0  G  = 1.505705e+01 eV         g_int = 9.431817e-03 MeV^(1/2)   g_ext = (0.000000e+00,0.000000e+00) MeV^(1/2) 
  R =  1  l =   4  s =  3.0  G  = 0.000000e+00 meV        g_int = 0.000000e+00 MeV^(1/2)   g_ext = (0.000000e+00,0.000000e+00) MeV^(1/2) 
  R =  3  l =   2  s =  1.0  G  = 1.237301e+00 eV         g_int = -5.492410e-03 MeV^(1/2)   g_ext = (0.000000e+00,0.000000e+00) MeV^(1/2) 
  R =  3  l =   4  s =  1.0  G  = 0.000000e+00 meV        g_int = 0.000000e+00 MeV^(1/2)   g_ext = (0.000000e+00,0.000000e+00) MeV^(1/2) 
  R =  4  l =   2  s =  1.0  G  = 0.000000e+00 meV        g_int = 0.000000e+00 MeV^(1/2)   g_ext = (0.000000e+00,0.000000e+00) MeV^(1/2) 
  R =  4  l =   4  s =  1.0  G  = 3.277586e+01 eV         g_int = -6.114550e-01 MeV^(1/2)   g_ext = (0.000000e+00,0.000000e+00) MeV^(1/2) 
  R =  4  l =   2  s =  2.0  G  = 1.140725e+01 eV         g_int = -2.038104e-02 MeV^(1/2)   g_ext = (0.000000e+00,0.000000e+00) MeV^(1/2) 
  R =  4  l =   4  s =  2.0  G  = 5.062023e+01 eV         g_int = 7.598879e-01 MeV^(1/2)   g_ext = (0.000000e+00,0.000000e+00) MeV^(1/2) 
  R =  5  l =   2  s =  2.0  G  = 9.418747e+02 eV         g_int = 3.299841e-01 MeV^(1/2)   g_ext = (0.000000e+00,0.000000e+00) MeV^(1/2) 
  R =  5  l =   4  s =  2.0  G  = 0.000000e+00 meV        g_int = 0.000000e+00 MeV^(1/2)   g_ext = (0.000000e+00,0.000000e+00) MeV^(1/2) 

J = 4.0-  E_level =  14.3490 MeV  ITERATIONS =     0
  R =  1  l =   3  s =  2.0  G  = 3.583257e+02 eV         g_int = -1.036775e+01 MeV^(1/2)   g_ext = (0.000000e+00,0.000000e+00) MeV^(1/2) 
  R =  1  l =   1  s =  3.0  G  = 1.646452e+01 eV         g_int = -3.708647e-01 MeV^(1/2)   g_ext = (0.000000e+00,0.000000e+00) MeV^(1/2) 
  R =  1  l =   3  s =  3.0  G  = 0.000000e+00 meV        g_int = 0.000000e+00 MeV^(1/2)   g_ext = (0.000000e+00,0.000000e+00) MeV^(1/2) 
  R =  3  l =   3  s =  1.0  G  = 9.394358e+00 keV        g_int = 1.459189e+02 MeV^(1/2)   g_ext = (0.000000e+00,0.000000e+00) MeV^(1/2) 
  R =  4  l =   3  s =  1.0  G  = 0.000000e+00 meV        g_int = 0.000000e+00 MeV^(1/2)   g_ext = (0.000000e+00,0.000000e+00) MeV^(1/2) 
  R =  4  l =   3  s =  2.0  G  = 3.518752e+02 eV         g_int = 3.741022e+01 MeV^(1/2)   g_ext = (0.000000e+00,0.000000e+00) MeV^(1/2) 
  R =  5  l =   3  s =  2.0  G  = 1.785314e+02 eV         g_int = 2.725667e+01 MeV^(1/2)   g_ext = (0.000000e+00,0.000000e+00) MeV^(1/2) 

J = 4.0+  E_level =  14.2980 MeV  ITERATIONS =     0
  R =  1  l =   2  s =  2.0  G  = 7.686236e+02 eV         g_int = 3.261193e+00 MeV^(1/2)   g_ext = (0.000000e+00,0.000000e+00) MeV^(1/2) 
  R =  1  l =   4  s =  2.0  G  = 0.000000e+00 meV        g_int = 0.000000e+00 MeV^(1/2)   g_ext = (0.000000e+00,0.000000e+00) MeV^(1/2) 
  R =  1  l =   2  s =  3.0  G  = 6.097567e+00 keV        g_int = -9.185397e+00 MeV^(1/2)   g_ext = (0.000000e+00,0.000000e+00) MeV^(1/2) 
  R =  1  l =   4  s =  3.0  G  = 0.000000e+00 meV        g_int = 0.000000e+00 MeV^(1/2)   g_ext = (0.000000e+00,0.000000e+00) MeV^(1/2) 
  R =  2  l =   4  s =  0.0  G  = 1.525474e+02 eV         g_int = 4.969705e+00 MeV^(1/2)   g_ext = (0.000000e+00,0.000000e+00) MeV^(1/2) 
  R =  3  l =   4  s =  0.0  G  = 3.800751e+01 eV         g_int = 3.094551e+01 MeV^(1/2)   g_ext = (0.000000e+00,0.000000e+00) MeV^(1/2) 
  R =  3  l =   4  s =  1.0  G  = 3.233226e+01 eV         g_int = -2.854177e+01 MeV^(1/2)   g_ext = (0.000000e+00,0.000000e+00) MeV^(1/2) 
  R =  4  l =   4  s =  1.0  G  = 2.173337e+02 eV         g_int = -1.038431e+02 MeV^(1/2)   g_ext = (0.000000e+00,0.000000e+00) MeV^(1/2) 
  R =  4  l =   2  s =  2.0  G  = 1.087631e+01 eV         g_int = 1.146815e+00 MeV^(1/2)   g_ext = (0.000000e+00,0.000000e+00) MeV^(1/2) 
  R =  4  l =   4  s =  2.0  G  = 0.000000e+00 meV        g_int = 0.000000e+00 MeV^(1/2)   g_ext = (0.000000e+00,0.000000e+00) MeV^(1/2) 
  R =  5  l =   2  s =  2.0  G  = 2.371972e+02 meV        g_int = 3.331177e-01 MeV^(1/2)   g_ext = (0.000000e+00,0.000000e+00) MeV^(1/2) 
  R =  5  l =   4  s =  2.0  G  = 1.599584e+00 eV         g_int = -4.397194e+00 MeV^(1/2)   g_ext = (0.000000e+00,0.000000e+00) MeV^(1/2) 

J = 4.0+  E_level =  14.3240 MeV  ITERATIONS =     0
  R =  1  l =   2  s =  2.0  G  = 3.994749e+01 eV         g_int = -2.600239e+00 MeV^(1/2)   g_ext = (0.000000e+00,0.000000e+00) MeV^(1/2) 
  R =  1  l =   4  s =  2.0  G  = 0.000000e+00 meV        g_int = 0.000000e+00 MeV^(1/2)   g_ext = (0.000000e+00,0.000000e+00) MeV^(1/2) 
  R =  1  l =   2  s =  3.0  G  = 2.746499e+01 eV         g_int = -2.156047e+00 MeV^(1/2)   g_ext = (0.000000e+00,0.000000e+00) MeV^(1/2) 
  R =  1  l =   4  s =  3.0  G  = 0.000000e+00 meV        g_int = 0.000000e+00 MeV^(1/2)   g_ext = (0.000000e+00,0.000000e+00) MeV^(1/2) 
  R =  2  l =   4  s =  0.0  G  = 2.686396e+01 keV        g_int = 2.281929e+02 MeV^(1/2)   g_ext = (0.000000e+00,0.000000e+00) MeV^(1/2) 
  R =  3  l =   4  s =  0.0  G  = 0.000000e+00 meV        g_int = 0.000000e+00 MeV^(1/2)   g_ext = (0.000000e+00,0.000000e+00) MeV^(1/2) 
  R =  3  l =   4  s =  1.0  G  = 0.000000e+00 meV        g_int = 0.000000e+00 MeV^(1/2)   g_ext = (0.000000e+00,0.000000e+00) MeV^(1/2) 
  R =  4  l =   4  s =  1.0  G  = 0.000000e+00 meV        g_int = 0.000000e+00 MeV^(1/2)   g_ext = (0.000000e+00,0.000000e+00) MeV^(1/2) 
  R =  4  l =   2  s =  2.0  G  = 2.121301e+01 eV         g_int = 5.487660e+00 MeV^(1/2)   g_ext = (0.000000e+00,0.000000e+00) MeV^(1/2) 
  R =  4  l =   4  s =  2.0  G  = 0.000000e+00 meV        g_int = 0.000000e+00 MeV^(1/2)   g_ext = (0.000000e+00,0.000000e+00) MeV^(1/2) 
  R =  5  l =   2  s =  2.0  G  = 2.515337e+01 eV         g_int = -1.163799e+01 MeV^(1/2)   g_ext = (0.000000e+00,0.000000e+00) MeV^(1/2) 
  R =  5  l =   4  s =  2.0  G  = 1.154042e+00 eV         g_int = -1.259660e+01 MeV^(1/2)   g_ext = (0.000000e+00,0.000000e+00) MeV^(1/2) 

J = 4.0+  E_level =  14.3330 MeV  ITERATIONS =     0
  R =  1  l =   2  s =  2.0  G  = 1.595756e+01 eV         g_int = -6.975305e-01 MeV^(1/2)   g_ext = (0.000000e+00,0.000000e+00) MeV^(1/2) 
  R =  1  l =   4  s =  2.0  G  = 2.155222e+01 eV         g_int = 9.908546e+00 MeV^(1/2)   g_ext = (0.000000e+00,0.000000e+00) MeV^(1/2) 
  R =  1  l =   2  s =  3.0  G  = 0.000000e+00 meV        g_int = 0.000000e+00 MeV^(1/2)   g_ext = (0.000000e+00,0.000000e+00) MeV^(1/2) 
  R =  1  l =   4  s =  3.0  G  = 0.000000e+00 meV        g_int = 0.000000e+00 MeV^(1/2)   g_ext = (0.000000e+00,0.000000e+00) MeV^(1/2) 
  R =  2  l =   4  s =  0.0  G  = 2.719673e+01 keV        g_int = 9.708999e+01 MeV^(1/2)   g_ext = (0.000000e+00,0.000000e+00) MeV^(1/2) 
  R =  3  l =   4  s =  0.0  G  = 0.000000e+00 meV        g_int = 0.000000e+00 MeV^(1/2)   g_ext = (0.000000e+00,0.000000e+00) MeV^(1/2) 
  R =  3  l =   4  s =  1.0  G  = 0.000000e+00 meV        g_int = 0.000000e+00 MeV^(1/2)   g_ext = (0.000000e+00,0.000000e+00) MeV^(1/2) 
  R =  4  l =   4  s =  1.0  G  = 3.742807e+02 meV        g_int = 6.101908e+00 MeV^(1/2)   g_ext = (0.000000e+00,0.000000e+00) MeV^(1/2) 
  R =  4  l =   2  s =  2.0  G  = 1.200545e+01 eV         g_int = 1.740047e+00 MeV^(1/2)   g_ext = (0.000000e+00,0.000000e+00) MeV^(1/2) 
  R =  4  l =   4  s =  2.0  G  = 0.000000e+00 meV        g_int = 0.000000e+00 MeV^(1/2)   g_ext = (0.000000e+00,0.000000e+00) MeV^(1/2) 
  R =  5  l =   2  s =  2.0  G  = 4.973143e+01 eV         g_int = -6.873528e+00 MeV^(1/2)   g_ext = (0.000000e+00,0.000000e+00) MeV^(1/2) 
  R =  5  l =   4  s =  2.0  G  = 9.149594e+02 meV        g_int = -4.701534e+00 MeV^(1/2)   g_ext = (0.000000e+00,0.000000e+00) MeV^(1/2) 

J = 4.0+  E_level =  14.3580 MeV  ITERATIONS =     0
  R =  1  l =   2  s =  2.0  G  = 2.454170e+02 eV         g_int = 4.461173e-02 MeV^(1/2)   g_ext = (0.000000e+00,0.000000e+00) MeV^(1/2) 
  R =  1  l =   4  s =  2.0  G  = 0.000000e+00 meV        g_int = 0.000000e+00 MeV^(1/2)   g_ext = (0.000000e+00,0.000000e+00) MeV^(1/2) 
  R =  1  l =   2  s =  3.0  G  = 4.520669e+02 eV         g_int = 6.054776e-02 MeV^(1/2)   g_ext = (0.000000e+00,0.000000e+00) MeV^(1/2) 
  R =  1  l =   4  s =  3.0  G  = 0.000000e+00 meV        g_int = 0.000000e+00 MeV^(1/2)   g_ext = (0.000000e+00,0.000000e+00) MeV^(1/2) 
  R =  2  l =   4  s =  0.0  G  = 6.286087e+00 keV        g_int = -7.534380e-01 MeV^(1/2)   g_ext = (0.000000e+00,0.000000e+00) MeV^(1/2) 
  R =  3  l =   4  s =  0.0  G  = 0.000000e+00 meV        g_int = 0.000000e+00 MeV^(1/2)   g_ext = (0.000000e+00,0.000000e+00) MeV^(1/2) 
  R =  3  l =   4  s =  1.0  G  = 0.000000e+00 meV        g_int = 0.000000e+00 MeV^(1/2)   g_ext = (0.000000e+00,0.000000e+00) MeV^(1/2) 
  R =  4  l =   4  s =  1.0  G  = 0.000000e+00 meV        g_int = 0.000000e+00 MeV^(1/2)   g_ext = (0.000000e+00,0.000000e+00) MeV^(1/2) 
  R =  4  l =   2  s =  2.0  G  = 4.687985e+01 eV         g_int = -5.502186e-02 MeV^(1/2)   g_ext = (0.000000e+00,0.000000e+00) MeV^(1/2) 
  R =  4  l =   4  s =  2.0  G  = 0.000000e+00 meV        g_int = 0.000000e+00 MeV^(1/2)   g_ext = (0.000000e+00,0.000000e+00) MeV^(1/2) 
  R =  5  l =   2  s =  2.0  G  = 6.723106e+01 eV         g_int = 1.266528e-01 MeV^(1/2)   g_ext = (0.000000e+00,0.000000e+00) MeV^(1/2) 
  R =  5  l =   4  s =  2.0  G  = 0.000000e+00 meV        g_int = 0.000000e+00 MeV^(1/2)   g_ext = (0.000000e+00,0.000000e+00) MeV^(1/2) 

J = 5.0-  E_level =  14.5700 MeV  ITERATIONS =     0
  R =  1  l =   3  s =  2.0  G  = 0.000000e+00 meV        g_int = 0.000000e+00 MeV^(1/2)   g_ext = (0.000000e+00,0.000000e+00) MeV^(1/2) 
  R =  1  l =   3  s =  3.0  G  = 2.355166e+01 keV        g_int = -1.169521e+00 MeV^(1/2)   g_ext = (0.000000e+00,0.000000e+00) MeV^(1/2) 
  R =  4  l =   3  s =  2.0  G  = 1.472821e+00 keV        g_int = 9.060362e-01 MeV^(1/2)   g_ext = (0.000000e+00,0.000000e+00) MeV^(1/2) 
  R =  5  l =   3  s =  2.0  G  = 0.000000e+00 meV        g_int = 0.000000e+00 MeV^(1/2)   g_ext = (0.000000e+00,0.000000e+00) MeV^(1/2) 

J = 5.0+  E_level =  14.6315 MeV  ITERATIONS =     0
  R =  1  l =   4  s =  2.0  G  = 2.159616e+02 eV         g_int = 3.456220e-01 MeV^(1/2)   g_ext = (0.000000e+00,0.000000e+00) MeV^(1/2) 
  R =  1  l =   2  s =  3.0  G  = 1.494602e+02 eV         g_int = -2.652951e-02 MeV^(1/2)   g_ext = (0.000000e+00,0.000000e+00) MeV^(1/2) 
  R =  1  l =   4  s =  3.0  G  = 4.788995e+02 eV         g_int = 5.146777e-01 MeV^(1/2)   g_ext = (0.000000e+00,0.000000e+00) MeV^(1/2) 
  R =  3  l =   4  s =  1.0  G  = 1.289501e+01 meV        g_int = -7.515698e-03 MeV^(1/2)   g_ext = (0.000000e+00,0.000000e+00) MeV^(1/2) 
  R =  4  l =   4  s =  1.0  G  = 1.032583e+00 meV        g_int = 2.792208e-03 MeV^(1/2)   g_ext = (0.000000e+00,0.000000e+00) MeV^(1/2) 
  R =  4  l =   4  s =  2.0  G  = 7.673147e-01 meV        g_int = 2.406977e-03 MeV^(1/2)   g_ext = (0.000000e+00,0.000000e+00) MeV^(1/2) 
  R =  5  l =   4  s =  2.0  G  = 1.410837e+01 eV         g_int = 1.561513e-01 MeV^(1/2)   g_ext = (0.000000e+00,0.000000e+00) MeV^(1/2) 

